时间:2017-06-29 09:29:31.527 
级别:PushMessageToSingle 
信息:{"result":"ok","taskId":"OSS-0629_61bdfaeea1e9f4b28bbc6f40ae3831e0","status":"successed_online"}
时间:2017-06-29 09:29:40.047 
级别:.ctor 
信息:DefaultConnectionLimit:2147483647
时间:2017-06-29 09:29:40.113 
级别:pushMessageToSingle 
信息:--------pushMessageToSingle------------
时间:2017-06-29 09:29:40.221 
级别:httpPost 
信息:GETREQUESTSTREAM:35,RESPONSE: 107ms, {"result":"ok","taskId":"OSS-0629_c0c6fca911c5988884cb81fb9d9dd632","status":"successed_online"}
时间:2017-06-29 09:29:40.222 
级别:PushMessageToSingle 
信息:{"result":"ok","taskId":"OSS-0629_c0c6fca911c5988884cb81fb9d9dd632","status":"successed_online"}
时间:2017-06-29 09:37:43.995 
级别:.ctor 
信息:DefaultConnectionLimit:2147483647
时间:2017-06-29 09:37:44.079 
级别:pushMessageToSingle 
信息:--------pushMessageToSingle------------
时间:2017-06-29 09:37:44.172 
级别:httpPost 
信息:GETREQUESTSTREAM:31,RESPONSE: 92ms, {"result":"ok","taskId":"OSS-0629_252564d147d995e0af84521e4e530ea0","status":"successed_online"}
时间:2017-06-29 09:37:44.172 
级别:PushMessageToSingle 
信息:{"result":"ok","taskId":"OSS-0629_252564d147d995e0af84521e4e530ea0","status":"successed_online"}
时间:2017-06-29 09:37:53.866 
级别:.ctor 
信息:DefaultConnectionLimit:2147483647
时间:2017-06-29 09:37:53.938 
级别:pushMessageToSingle 
信息:--------pushMessageToSingle------------
时间:2017-06-29 09:37:54.042 
级别:httpPost 
信息:GETREQUESTSTREAM:34,RESPONSE: 104ms, {"result":"ok","taskId":"OSS-0629_0262c591c08c72651cb6b4ccac6b7e1d","status":"successed_online"}
时间:2017-06-29 09:37:54.043 
级别:PushMessageToSingle 
信息:{"result":"ok","taskId":"OSS-0629_0262c591c08c72651cb6b4ccac6b7e1d","status":"successed_online"}
时间:2017-06-29 09:50:56.189 
级别:.ctor 
信息:DefaultConnectionLimit:2147483647
时间:2017-06-29 09:50:56.251 
级别:pushMessageToSingle 
信息:--------pushMessageToSingle------------
时间:2017-06-29 09:50:56.355 
级别:httpPost 
信息:GETREQUESTSTREAM:35,RESPONSE: 103ms, {"result":"ok","taskId":"OSS-0629_df6d1910fcc7717e0dca82cb3b0b16f7","status":"successed_online"}
时间:2017-06-29 09:50:56.357 
级别:PushMessageToSingle 
信息:{"result":"ok","taskId":"OSS-0629_df6d1910fcc7717e0dca82cb3b0b16f7","status":"successed_online"}
时间:2017-06-29 09:51:05.278 
级别:.ctor 
信息:DefaultConnectionLimit:2147483647
时间:2017-06-29 09:51:05.348 
级别:pushMessageToSingle 
信息:--------pushMessageToSingle------------
时间:2017-06-29 09:51:05.451 
级别:httpPost 
信息:GETREQUESTSTREAM:34,RESPONSE: 103ms, {"result":"ok","taskId":"OSS-0629_b7d43ab20ff08aef9bfba374a60f25bd","status":"successed_online"}
时间:2017-06-29 09:51:05.452 
级别:PushMessageToSingle 
信息:{"result":"ok","taskId":"OSS-0629_b7d43ab20ff08aef9bfba374a60f25bd","status":"successed_online"}
时间:2017-06-29 10:02:57.095 
级别:.ctor 
信息:DefaultConnectionLimit:2147483647
时间:2017-06-29 10:02:57.176 
级别:pushMessageToSingle 
信息:--------pushMessageToSingle------------
时间:2017-06-29 10:02:57.292 
级别:httpPost 
信息:GETREQUESTSTREAM:40,RESPONSE: 115ms, {"result":"ok","taskId":"OSS-0629_78c3bb3a81d40da4201fe108e7377e3d","status":"successed_online"}
时间:2017-06-29 10:02:57.293 
级别:PushMessageToSingle 
信息:{"result":"ok","taskId":"OSS-0629_78c3bb3a81d40da4201fe108e7377e3d","status":"successed_online"}
时间:2017-06-29 10:03:20.573 
级别:.ctor 
信息:DefaultConnectionLimit:2147483647
时间:2017-06-29 10:03:20.632 
级别:pushMessageToSingle 
信息:--------pushMessageToSingle------------
时间:2017-06-29 10:03:20.722 
级别:httpPost 
信息:GETREQUESTSTREAM:29,RESPONSE: 89ms, {"result":"ok","taskId":"OSS-0629_dca3beb6342ae709dd8877b284fea6aa","status":"successed_online"}
时间:2017-06-29 10:03:20.723 
级别:PushMessageToSingle 
信息:{"result":"ok","taskId":"OSS-0629_dca3beb6342ae709dd8877b284fea6aa","status":"successed_online"}
时间:2017-06-29 10:03:56.569 
级别:.ctor 
信息:DefaultConnectionLimit:2147483647
时间:2017-06-29 10:03:56.633 
级别:pushMessageToSingle 
信息:--------pushMessageToSingle------------
时间:2017-06-29 10:03:56.737 
级别:httpPost 
信息:GETREQUESTSTREAM:33,RESPONSE: 103ms, {"result":"ok","taskId":"OSS-0629_7d7c16eeeb8fa6022767c182b8e0bb76","status":"successed_online"}
时间:2017-06-29 10:03:56.739 
级别:PushMessageToSingle 
信息:{"result":"ok","taskId":"OSS-0629_7d7c16eeeb8fa6022767c182b8e0bb76","status":"successed_online"}
时间:2017-06-29 10:04:10.453 
级别:.ctor 
信息:DefaultConnectionLimit:2147483647
时间:2017-06-29 10:04:10.530 
级别:pushMessageToSingle 
信息:--------pushMessageToSingle------------
时间:2017-06-29 10:04:10.629 
级别:httpPost 
信息:GETREQUESTSTREAM:32,RESPONSE: 99ms, {"result":"ok","taskId":"OSS-0629_b8ed6505ff58df3cede0bda2b4d3fcc3","status":"successed_online"}
时间:2017-06-29 10:04:10.630 
级别:PushMessageToSingle 
信息:{"result":"ok","taskId":"OSS-0629_b8ed6505ff58df3cede0bda2b4d3fcc3","status":"successed_online"}
时间:2017-06-29 10:07:16.072 
级别:.ctor 
信息:DefaultConnectionLimit:2147483647
时间:2017-06-29 10:07:16.144 
级别:pushMessageToSingle 
信息:--------pushMessageToSingle------------
时间:2017-06-29 10:07:16.230 
级别:httpPost 
信息:GETREQUESTSTREAM:30,RESPONSE: 86ms, {"result":"ok","taskId":"OSS-0629_d1940047f9c3b85509d83616cc9b0d5a","status":"successed_offline"}
时间:2017-06-29 10:07:16.230 
级别:PushMessageToSingle 
信息:{"result":"ok","taskId":"OSS-0629_d1940047f9c3b85509d83616cc9b0d5a","status":"successed_offline"}
时间:2017-06-29 10:07:29.704 
级别:.ctor 
信息:DefaultConnectionLimit:2147483647
时间:2017-06-29 10:07:29.770 
级别:pushMessageToSingle 
信息:--------pushMessageToSingle------------
时间:2017-06-29 10:07:29.868 
级别:httpPost 
信息:GETREQUESTSTREAM:32,RESPONSE: 97ms, {"result":"ok","taskId":"OSS-0629_8dfbbbf2f51d08dd8ef5a934838cbadd","status":"successed_online"}
时间:2017-06-29 10:07:29.869 
级别:PushMessageToSingle 
信息:{"result":"ok","taskId":"OSS-0629_8dfbbbf2f51d08dd8ef5a934838cbadd","status":"successed_online"}
时间:2017-06-29 10:08:11.128 
级别:.ctor 
信息:DefaultConnectionLimit:2147483647
时间:2017-06-29 10:08:11.215 
级别:pushMessageToSingle 
信息:--------pushMessageToSingle------------
时间:2017-06-29 10:08:11.307 
级别:httpPost 
信息:GETREQUESTSTREAM:31,RESPONSE: 92ms, {"result":"ok","taskId":"OSS-0629_1d66ce04e70cfc1b71b31c49f3bcef71","status":"successed_online"}
时间:2017-06-29 10:08:11.308 
级别:PushMessageToSingle 
信息:{"result":"ok","taskId":"OSS-0629_1d66ce04e70cfc1b71b31c49f3bcef71","status":"successed_online"}
时间:2017-06-29 10:08:21.562 
级别:.ctor 
信息:DefaultConnectionLimit:2147483647
时间:2017-06-29 10:08:21.638 
级别:pushMessageToSingle 
信息:--------pushMessageToSingle------------
时间:2017-06-29 10:08:21.738 
级别:httpPost 
信息:GETREQUESTSTREAM:32,RESPONSE: 100ms, {"result":"ok","taskId":"OSS-0629_58d02e8cdfcd4b4c8fc73b8744b8cd96","status":"successed_online"}
时间:2017-06-29 10:08:21.738 
级别:PushMessageToSingle 
信息:{"result":"ok","taskId":"OSS-0629_58d02e8cdfcd4b4c8fc73b8744b8cd96","status":"successed_online"}
时间:2017-06-29 10:18:56.773 
级别:.ctor 
信息:DefaultConnectionLimit:2147483647
时间:2017-06-29 10:18:56.850 
级别:pushMessageToSingle 
信息:--------pushMessageToSingle------------
时间:2017-06-29 10:18:56.958 
级别:httpPost 
信息:GETREQUESTSTREAM:35,RESPONSE: 107ms, {"result":"ok","taskId":"OSS-0629_d0c0a158e97f65cab28e8d801c282f9c","status":"successed_online"}
时间:2017-06-29 10:18:56.959 
级别:PushMessageToSingle 
信息:{"result":"ok","taskId":"OSS-0629_d0c0a158e97f65cab28e8d801c282f9c","status":"successed_online"}
时间:2017-06-29 10:20:02.490 
级别:.ctor 
信息:DefaultConnectionLimit:2147483647
时间:2017-06-29 10:20:02.560 
级别:pushMessageToSingle 
信息:--------pushMessageToSingle------------
时间:2017-06-29 10:20:02.659 
级别:httpPost 
信息:GETREQUESTSTREAM:33,RESPONSE: 97ms, {"result":"ok","taskId":"OSS-0629_a3fff68a5b1d3cf73a43f46990ae75b6","status":"successed_online"}
时间:2017-06-29 10:20:02.660 
级别:PushMessageToSingle 
信息:{"result":"ok","taskId":"OSS-0629_a3fff68a5b1d3cf73a43f46990ae75b6","status":"successed_online"}
时间:2017-06-29 10:34:58.365 
级别:.ctor 
信息:DefaultConnectionLimit:2147483647
时间:2017-06-29 10:34:58.765 
级别:httpPost 
信息:GETREQUESTSTREAM:76,RESPONSE: 240ms, {"result":"ok","contentId":"OSL-0629_qM6EyxHAqt5CjVdNN4MA4A"}
时间:2017-06-29 10:34:58.773 
级别:pushMessageToList 
信息:
--------pushMessageToList------------
时间:2017-06-29 10:34:59.051 
级别:httpPost 
信息:GETREQUESTSTREAM:103,RESPONSE: 273ms, {"result":"ok","contentId":"OSL-0629_qM6EyxHAqt5CjVdNN4MA4A"}
时间:2017-06-29 10:34:59.052 
级别:PushMessageToList 
信息:{"result":"ok","contentId":"OSL-0629_qM6EyxHAqt5CjVdNN4MA4A"}
时间:2017-06-29 10:49:35.255 
级别:.ctor 
信息:DefaultConnectionLimit:2147483647
时间:2017-06-29 10:49:35.322 
级别:pushMessageToSingle 
信息:--------pushMessageToSingle------------
时间:2017-06-29 10:49:35.433 
级别:httpPost 
信息:GETREQUESTSTREAM:36,RESPONSE: 109ms, {"result":"ok","taskId":"OSS-0629_0ef58d2b4c887a5528eff4a5f869b8f2","status":"successed_online"}
时间:2017-06-29 10:49:35.434 
级别:PushMessageToSingle 
信息:{"result":"ok","taskId":"OSS-0629_0ef58d2b4c887a5528eff4a5f869b8f2","status":"successed_online"}
时间:2017-06-29 10:50:54.663 
级别:.ctor 
信息:DefaultConnectionLimit:2147483647
时间:2017-06-29 10:50:54.728 
级别:pushMessageToSingle 
信息:--------pushMessageToSingle------------
时间:2017-06-29 10:50:54.823 
级别:httpPost 
信息:GETREQUESTSTREAM:31,RESPONSE: 94ms, {"result":"ok","taskId":"OSS-0629_f396e0ddcab4f57ec2b1c15f15dfd40c","status":"successed_online"}
时间:2017-06-29 10:50:54.824 
级别:PushMessageToSingle 
信息:{"result":"ok","taskId":"OSS-0629_f396e0ddcab4f57ec2b1c15f15dfd40c","status":"successed_online"}
时间:2017-06-29 11:04:48.720 
级别:.ctor 
信息:DefaultConnectionLimit:2147483647
时间:2017-06-29 11:04:48.796 
级别:pushMessageToSingle 
信息:--------pushMessageToSingle------------
时间:2017-06-29 11:04:48.891 
级别:httpPost 
信息:GETREQUESTSTREAM:30,RESPONSE: 92ms, {"result":"ok","taskId":"OSS-0629_8695660607bde0befc83a28b30cb3c75","status":"successed_online"}
时间:2017-06-29 11:04:48.892 
级别:PushMessageToSingle 
信息:{"result":"ok","taskId":"OSS-0629_8695660607bde0befc83a28b30cb3c75","status":"successed_online"}
时间:2017-06-29 11:05:57.638 
级别:.ctor 
信息:DefaultConnectionLimit:2147483647
时间:2017-06-29 11:05:57.704 
级别:pushMessageToSingle 
信息:--------pushMessageToSingle------------
时间:2017-06-29 11:05:57.811 
级别:httpPost 
信息:GETREQUESTSTREAM:34,RESPONSE: 107ms, {"result":"ok","taskId":"OSS-0629_f38ec0772f96cc7da92020486f0ebdcd","status":"successed_online"}
时间:2017-06-29 11:05:57.811 
级别:PushMessageToSingle 
信息:{"result":"ok","taskId":"OSS-0629_f38ec0772f96cc7da92020486f0ebdcd","status":"successed_online"}
时间:2017-06-29 11:06:12.378 
级别:.ctor 
信息:DefaultConnectionLimit:2147483647
时间:2017-06-29 11:06:12.445 
级别:pushMessageToSingle 
信息:--------pushMessageToSingle------------
时间:2017-06-29 11:06:12.530 
级别:httpPost 
信息:GETREQUESTSTREAM:27,RESPONSE: 84ms, {"result":"ok","taskId":"OSS-0629_249d5a732988667100f6974dab011552","status":"successed_online"}
时间:2017-06-29 11:06:12.532 
级别:PushMessageToSingle 
信息:{"result":"ok","taskId":"OSS-0629_249d5a732988667100f6974dab011552","status":"successed_online"}
时间:2017-06-29 11:16:44.781 
级别:.ctor 
信息:DefaultConnectionLimit:2147483647
时间:2017-06-29 11:16:44.838 
级别:pushMessageToSingle 
信息:--------pushMessageToSingle------------
时间:2017-06-29 11:16:44.954 
级别:httpPost 
信息:GETREQUESTSTREAM:29,RESPONSE: 115ms, {"result":"ok","taskId":"OSS-0629_e71e5f30f376c4638b5ad559cc636769","status":"successed_online"}
时间:2017-06-29 11:16:44.956 
级别:PushMessageToSingle 
信息:{"result":"ok","taskId":"OSS-0629_e71e5f30f376c4638b5ad559cc636769","status":"successed_online"}
时间:2017-06-29 11:16:59.203 
级别:.ctor 
信息:DefaultConnectionLimit:2147483647
时间:2017-06-29 11:16:59.302 
级别:pushMessageToSingle 
信息:--------pushMessageToSingle------------
时间:2017-06-29 11:16:59.417 
级别:httpPost 
信息:GETREQUESTSTREAM:37,RESPONSE: 114ms, {"result":"ok","taskId":"OSS-0629_cd73396213e6c9a724ded8c77b5c19ac","status":"successed_online"}
时间:2017-06-29 11:16:59.418 
级别:PushMessageToSingle 
信息:{"result":"ok","taskId":"OSS-0629_cd73396213e6c9a724ded8c77b5c19ac","status":"successed_online"}
时间:2017-06-29 11:29:44.554 
级别:.ctor 
信息:DefaultConnectionLimit:2147483647
时间:2017-06-29 11:29:44.625 
级别:pushMessageToSingle 
信息:--------pushMessageToSingle------------
时间:2017-06-29 11:29:44.740 
级别:httpPost 
信息:GETREQUESTSTREAM:37,RESPONSE: 114ms, {"result":"ok","taskId":"OSS-0629_bb99135cb019e18b6465332dc7ed420b","status":"successed_online"}
时间:2017-06-29 11:29:44.742 
级别:PushMessageToSingle 
信息:{"result":"ok","taskId":"OSS-0629_bb99135cb019e18b6465332dc7ed420b","status":"successed_online"}
时间:2017-06-29 11:41:54.804 
级别:.ctor 
信息:DefaultConnectionLimit:2147483647
时间:2017-06-29 11:41:54.878 
级别:pushMessageToSingle 
信息:--------pushMessageToSingle------------
时间:2017-06-29 11:41:54.984 
级别:httpPost 
信息:GETREQUESTSTREAM:34,RESPONSE: 106ms, {"result":"ok","taskId":"OSS-0629_022ed107ca62f81b55f312e3e9c3eb8e","status":"successed_online"}
时间:2017-06-29 11:41:54.985 
级别:PushMessageToSingle 
信息:{"result":"ok","taskId":"OSS-0629_022ed107ca62f81b55f312e3e9c3eb8e","status":"successed_online"}
时间:2017-06-29 11:42:03.199 
级别:.ctor 
信息:DefaultConnectionLimit:2147483647
时间:2017-06-29 11:42:03.258 
级别:pushMessageToSingle 
信息:--------pushMessageToSingle------------
时间:2017-06-29 11:42:03.363 
级别:httpPost 
信息:GETREQUESTSTREAM:34,RESPONSE: 104ms, {"result":"ok","taskId":"OSS-0629_3e6a72876f3af8db84c0dd05c16b67e2","status":"successed_online"}
时间:2017-06-29 11:42:03.364 
级别:PushMessageToSingle 
信息:{"result":"ok","taskId":"OSS-0629_3e6a72876f3af8db84c0dd05c16b67e2","status":"successed_online"}
时间:2017-06-29 11:42:58.859 
级别:.ctor 
信息:DefaultConnectionLimit:2147483647
时间:2017-06-29 11:42:58.919 
级别:pushMessageToSingle 
信息:--------pushMessageToSingle------------
时间:2017-06-29 11:42:59.032 
级别:httpPost 
信息:GETREQUESTSTREAM:36,RESPONSE: 111ms, {"result":"ok","taskId":"OSS-0629_88655dab935bee794597867847b4723f","status":"successed_online"}
时间:2017-06-29 11:42:59.032 
级别:PushMessageToSingle 
信息:{"result":"ok","taskId":"OSS-0629_88655dab935bee794597867847b4723f","status":"successed_online"}
时间:2017-06-29 11:43:08.098 
级别:.ctor 
信息:DefaultConnectionLimit:2147483647
时间:2017-06-29 11:43:08.170 
级别:pushMessageToSingle 
信息:--------pushMessageToSingle------------
时间:2017-06-29 11:43:08.271 
级别:httpPost 
信息:GETREQUESTSTREAM:32,RESPONSE: 99ms, {"result":"ok","taskId":"OSS-0629_487f7ac52519fcb4b2133ab814598fa1","status":"successed_online"}
时间:2017-06-29 11:43:08.272 
级别:PushMessageToSingle 
信息:{"result":"ok","taskId":"OSS-0629_487f7ac52519fcb4b2133ab814598fa1","status":"successed_online"}
时间:2017-06-29 11:44:40.922 
级别:.ctor 
信息:DefaultConnectionLimit:2147483647
时间:2017-06-29 11:44:40.996 
级别:pushMessageToSingle 
信息:--------pushMessageToSingle------------
时间:2017-06-29 11:44:41.097 
级别:httpPost 
信息:GETREQUESTSTREAM:33,RESPONSE: 101ms, {"result":"ok","taskId":"OSS-0629_1d23a8c3e05f0e408c7dcdcc1ea0701f","status":"successed_online"}
时间:2017-06-29 11:44:41.098 
级别:PushMessageToSingle 
信息:{"result":"ok","taskId":"OSS-0629_1d23a8c3e05f0e408c7dcdcc1ea0701f","status":"successed_online"}
时间:2017-06-29 11:44:57.070 
级别:.ctor 
信息:DefaultConnectionLimit:2147483647
时间:2017-06-29 11:44:57.129 
级别:pushMessageToSingle 
信息:--------pushMessageToSingle------------
时间:2017-06-29 11:44:57.230 
级别:httpPost 
信息:GETREQUESTSTREAM:33,RESPONSE: 101ms, {"result":"ok","taskId":"OSS-0629_458a2437993c77c4e335f84cf98dad43","status":"successed_online"}
时间:2017-06-29 11:44:57.231 
级别:PushMessageToSingle 
信息:{"result":"ok","taskId":"OSS-0629_458a2437993c77c4e335f84cf98dad43","status":"successed_online"}
时间:2017-06-29 16:57:36.159 
级别:PushMessageToSingle 
信息:{"result":"ok","taskId":"OSS-0629_b40628d3cfacd8ac02faed7b1b08aabd","status":"successed_online"}
时间:2017-06-29 16:57:45.645 
级别:.ctor 
信息:DefaultConnectionLimit:2147483647
时间:2017-06-29 16:57:45.714 
级别:pushMessageToSingle 
信息:--------pushMessageToSingle------------
时间:2017-06-29 16:57:45.822 
级别:httpPost 
信息:GETREQUESTSTREAM:35,RESPONSE: 101ms, {"result":"ok","taskId":"OSS-0629_487d794ed43fef81b1b5473916ce005f","status":"successed_online"}
时间:2017-06-29 16:57:45.826 
级别:PushMessageToSingle 
信息:{"result":"ok","taskId":"OSS-0629_487d794ed43fef81b1b5473916ce005f","status":"successed_online"}
时间:2017-06-29 17:01:56.860 
级别:.ctor 
信息:DefaultConnectionLimit:2147483647
时间:2017-06-29 17:01:56.931 
级别:pushMessageToSingle 
信息:--------pushMessageToSingle------------
时间:2017-06-29 17:01:57.062 
级别:httpPost 
信息:GETREQUESTSTREAM:43,RESPONSE: 129ms, {"result":"ok","taskId":"OSS-0629_59835f64eef246400361fdc75aff2432","status":"successed_online"}
时间:2017-06-29 17:01:57.064 
级别:PushMessageToSingle 
信息:{"result":"ok","taskId":"OSS-0629_59835f64eef246400361fdc75aff2432","status":"successed_online"}
时间:2017-06-29 17:02:21.460 
级别:.ctor 
信息:DefaultConnectionLimit:2147483647
时间:2017-06-29 17:02:21.523 
级别:pushMessageToSingle 
信息:--------pushMessageToSingle------------
时间:2017-06-29 17:02:21.627 
级别:httpPost 
信息:GETREQUESTSTREAM:31,RESPONSE: 102ms, {"result":"ok","taskId":"OSS-0629_1f80fcf184c9eed0e7928ee37f42dc88","status":"successed_online"}
时间:2017-06-29 17:02:21.628 
级别:PushMessageToSingle 
信息:{"result":"ok","taskId":"OSS-0629_1f80fcf184c9eed0e7928ee37f42dc88","status":"successed_online"}
