时间:2017-06-15 15:08:56.603 
级别:PushMessageToSingle 
信息:{"result":"ok","taskId":"OSS-0615_ae6e97be83e9ca803a2e59eb604a02b0","status":"successed_online"}
时间:2017-06-15 15:11:53.374 
级别:.ctor 
信息:DefaultConnectionLimit:2147483647
时间:2017-06-15 15:11:53.455 
级别:pushMessageToSingle 
信息:--------pushMessageToSingle------------
时间:2017-06-15 15:11:53.566 
级别:httpPost 
信息:GETREQUESTSTREAM:42,RESPONSE: 110ms, {"result":"ok","taskId":"OSS-0615_b782ff7766f27c7481b3ea591af65afa","status":"successed_online"}
时间:2017-06-15 15:11:53.567 
级别:PushMessageToSingle 
信息:{"result":"ok","taskId":"OSS-0615_b782ff7766f27c7481b3ea591af65afa","status":"successed_online"}
时间:2017-06-15 15:12:05.094 
级别:.ctor 
信息:DefaultConnectionLimit:2147483647
时间:2017-06-15 15:12:05.188 
级别:pushMessageToSingle 
信息:--------pushMessageToSingle------------
时间:2017-06-15 15:12:05.280 
级别:httpPost 
信息:GETREQUESTSTREAM:29,RESPONSE: 91ms, {"result":"ok","taskId":"OSS-0615_5f0d7fc54b697fcaf1870a1665b5cc73","status":"successed_online"}
时间:2017-06-15 15:12:05.281 
级别:PushMessageToSingle 
信息:{"result":"ok","taskId":"OSS-0615_5f0d7fc54b697fcaf1870a1665b5cc73","status":"successed_online"}
时间:2017-06-15 15:24:24.637 
级别:.ctor 
信息:DefaultConnectionLimit:2147483647
时间:2017-06-15 15:24:24.703 
级别:pushMessageToSingle 
信息:--------pushMessageToSingle------------
时间:2017-06-15 15:24:24.799 
级别:httpPost 
信息:GETREQUESTSTREAM:31,RESPONSE: 95ms, {"result":"ok","taskId":"OSS-0615_0e0ecd907094631676c74c69d42d59eb","status":"successed_online"}
时间:2017-06-15 15:24:24.800 
级别:PushMessageToSingle 
信息:{"result":"ok","taskId":"OSS-0615_0e0ecd907094631676c74c69d42d59eb","status":"successed_online"}
时间:2017-06-15 15:51:34.564 
级别:.ctor 
信息:DefaultConnectionLimit:2147483647
时间:2017-06-15 15:51:34.634 
级别:pushMessageToSingle 
信息:--------pushMessageToSingle------------
时间:2017-06-15 15:51:34.729 
级别:httpPost 
信息:GETREQUESTSTREAM:31,RESPONSE: 95ms, {"result":"ok","taskId":"OSS-0615_b03c7742b0231fb4f99f838f56f10b51","status":"successed_online"}
时间:2017-06-15 15:51:34.730 
级别:PushMessageToSingle 
信息:{"result":"ok","taskId":"OSS-0615_b03c7742b0231fb4f99f838f56f10b51","status":"successed_online"}
时间:2017-06-15 15:52:56.695 
级别:.ctor 
信息:DefaultConnectionLimit:2147483647
时间:2017-06-15 15:52:56.762 
级别:pushMessageToSingle 
信息:--------pushMessageToSingle------------
时间:2017-06-15 15:52:56.859 
级别:httpPost 
信息:GETREQUESTSTREAM:33,RESPONSE: 97ms, {"result":"ok","taskId":"OSS-0615_7b3781be031ed343aab6edd22e896ead","status":"successed_online"}
时间:2017-06-15 15:52:56.861 
级别:PushMessageToSingle 
信息:{"result":"ok","taskId":"OSS-0615_7b3781be031ed343aab6edd22e896ead","status":"successed_online"}
时间:2017-06-15 15:54:02.700 
级别:.ctor 
信息:DefaultConnectionLimit:2147483647
时间:2017-06-15 15:54:02.775 
级别:pushMessageToSingle 
信息:--------pushMessageToSingle------------
时间:2017-06-15 15:54:02.877 
级别:httpPost 
信息:GETREQUESTSTREAM:33,RESPONSE: 102ms, {"result":"ok","taskId":"OSS-0615_3be1472aab0b8e156e02ecf34517b0eb","status":"successed_online"}
时间:2017-06-15 15:54:02.878 
级别:PushMessageToSingle 
信息:{"result":"ok","taskId":"OSS-0615_3be1472aab0b8e156e02ecf34517b0eb","status":"successed_online"}
时间:2017-06-15 15:54:17.343 
级别:.ctor 
信息:DefaultConnectionLimit:2147483647
时间:2017-06-15 15:54:17.405 
级别:pushMessageToSingle 
信息:--------pushMessageToSingle------------
时间:2017-06-15 15:54:17.491 
级别:httpPost 
信息:GETREQUESTSTREAM:29,RESPONSE: 86ms, {"result":"ok","taskId":"OSS-0615_46c22cef24b5d756891b2a8b96e43a30","status":"successed_online"}
时间:2017-06-15 15:54:17.492 
级别:PushMessageToSingle 
信息:{"result":"ok","taskId":"OSS-0615_46c22cef24b5d756891b2a8b96e43a30","status":"successed_online"}
时间:2017-06-15 15:54:24.853 
级别:.ctor 
信息:DefaultConnectionLimit:2147483647
时间:2017-06-15 15:54:24.895 
级别:pushMessageToSingle 
信息:--------pushMessageToSingle------------
时间:2017-06-15 15:54:25.128 
级别:httpPost 
信息:GETREQUESTSTREAM:80,RESPONSE: 232ms, {"result":"ok","taskId":"OSS-0615_cd738db2947295aca499d25cf1d9dd85","status":"successed_online"}
时间:2017-06-15 15:54:25.129 
级别:PushMessageToSingle 
信息:{"result":"ok","taskId":"OSS-0615_cd738db2947295aca499d25cf1d9dd85","status":"successed_online"}
时间:2017-06-15 15:55:05.569 
级别:.ctor 
信息:DefaultConnectionLimit:2147483647
时间:2017-06-15 15:55:05.635 
级别:pushMessageToSingle 
信息:--------pushMessageToSingle------------
时间:2017-06-15 15:55:05.745 
级别:httpPost 
信息:GETREQUESTSTREAM:36,RESPONSE: 110ms, {"result":"ok","taskId":"OSS-0615_0ccd0cfd54ea6464f3458fa8b1e4e834","status":"successed_online"}
时间:2017-06-15 15:55:05.747 
级别:PushMessageToSingle 
信息:{"result":"ok","taskId":"OSS-0615_0ccd0cfd54ea6464f3458fa8b1e4e834","status":"successed_online"}
时间:2017-06-15 15:55:15.413 
级别:.ctor 
信息:DefaultConnectionLimit:2147483647
时间:2017-06-15 15:55:15.480 
级别:pushMessageToSingle 
信息:--------pushMessageToSingle------------
时间:2017-06-15 15:55:15.566 
级别:httpPost 
信息:GETREQUESTSTREAM:27,RESPONSE: 85ms, {"result":"ok","taskId":"OSS-0615_999ec8d63d33ea18ada1be922d6ca993","status":"successed_online"}
时间:2017-06-15 15:55:15.567 
级别:PushMessageToSingle 
信息:{"result":"ok","taskId":"OSS-0615_999ec8d63d33ea18ada1be922d6ca993","status":"successed_online"}
时间:2017-06-15 15:56:30.131 
级别:.ctor 
信息:DefaultConnectionLimit:2147483647
时间:2017-06-15 15:56:30.199 
级别:pushMessageToSingle 
信息:--------pushMessageToSingle------------
时间:2017-06-15 15:56:30.296 
级别:httpPost 
信息:GETREQUESTSTREAM:33,RESPONSE: 97ms, {"result":"ok","taskId":"OSS-0615_fc733bbe8a2bbd543fee455c0ecdb1a9","status":"successed_online"}
时间:2017-06-15 15:56:30.297 
级别:PushMessageToSingle 
信息:{"result":"ok","taskId":"OSS-0615_fc733bbe8a2bbd543fee455c0ecdb1a9","status":"successed_online"}
时间:2017-06-15 16:00:27.567 
级别:.ctor 
信息:DefaultConnectionLimit:2147483647
时间:2017-06-15 16:00:27.627 
级别:pushMessageToSingle 
信息:--------pushMessageToSingle------------
时间:2017-06-15 16:00:27.737 
级别:httpPost 
信息:GETREQUESTSTREAM:36,RESPONSE: 109ms, {"result":"ok","taskId":"OSS-0615_d17ea9254e6610c4b3ed0e2b290e78a4","status":"successed_online"}
时间:2017-06-15 16:00:27.739 
级别:PushMessageToSingle 
信息:{"result":"ok","taskId":"OSS-0615_d17ea9254e6610c4b3ed0e2b290e78a4","status":"successed_online"}
时间:2017-06-15 16:00:53.217 
级别:.ctor 
信息:DefaultConnectionLimit:2147483647
时间:2017-06-15 16:00:53.276 
级别:pushMessageToSingle 
信息:--------pushMessageToSingle------------
时间:2017-06-15 16:00:53.370 
级别:httpPost 
信息:GETREQUESTSTREAM:30,RESPONSE: 93ms, {"result":"ok","taskId":"OSS-0615_f8dbb50f3598abd820190ba63d41eaad","status":"successed_online"}
时间:2017-06-15 16:00:53.371 
级别:PushMessageToSingle 
信息:{"result":"ok","taskId":"OSS-0615_f8dbb50f3598abd820190ba63d41eaad","status":"successed_online"}
时间:2017-06-15 16:01:24.183 
级别:.ctor 
信息:DefaultConnectionLimit:2147483647
时间:2017-06-15 16:01:24.250 
级别:pushMessageToSingle 
信息:--------pushMessageToSingle------------
时间:2017-06-15 16:01:24.354 
级别:httpPost 
信息:GETREQUESTSTREAM:30,RESPONSE: 102ms, {"result":"ok","taskId":"OSS-0615_3d740de48eb00bc45fd06a525f358959","status":"successed_online"}
时间:2017-06-15 16:01:24.355 
级别:PushMessageToSingle 
信息:{"result":"ok","taskId":"OSS-0615_3d740de48eb00bc45fd06a525f358959","status":"successed_online"}
时间:2017-06-15 16:02:09.181 
级别:.ctor 
信息:DefaultConnectionLimit:2147483647
时间:2017-06-15 16:02:09.253 
级别:pushMessageToSingle 
信息:--------pushMessageToSingle------------
时间:2017-06-15 16:02:09.366 
级别:httpPost 
信息:GETREQUESTSTREAM:36,RESPONSE: 112ms, {"result":"ok","taskId":"OSS-0615_2c460feff3ed2f724e746f9731a1bf14","status":"successed_online"}
时间:2017-06-15 16:02:09.367 
级别:PushMessageToSingle 
信息:{"result":"ok","taskId":"OSS-0615_2c460feff3ed2f724e746f9731a1bf14","status":"successed_online"}
时间:2017-06-15 16:02:30.336 
级别:.ctor 
信息:DefaultConnectionLimit:2147483647
时间:2017-06-15 16:02:30.403 
级别:pushMessageToSingle 
信息:--------pushMessageToSingle------------
时间:2017-06-15 16:02:30.562 
级别:httpPost 
信息:GETREQUESTSTREAM:93,RESPONSE: 160ms, {"result":"ok","taskId":"OSS-0615_684c750a70100edc0b0f5f6f49fe0362","status":"successed_online"}
时间:2017-06-15 16:02:30.563 
级别:PushMessageToSingle 
信息:{"result":"ok","taskId":"OSS-0615_684c750a70100edc0b0f5f6f49fe0362","status":"successed_online"}
时间:2017-06-15 16:07:30.420 
级别:.ctor 
信息:DefaultConnectionLimit:2147483647
时间:2017-06-15 16:07:30.505 
级别:pushMessageToSingle 
信息:--------pushMessageToSingle------------
时间:2017-06-15 16:07:30.603 
级别:httpPost 
信息:GETREQUESTSTREAM:39,RESPONSE: 98ms, {"result":"ok","taskId":"OSS-0615_606cbeb0faee9102d117eb676d945003","status":"successed_online"}
时间:2017-06-15 16:07:30.604 
级别:PushMessageToSingle 
信息:{"result":"ok","taskId":"OSS-0615_606cbeb0faee9102d117eb676d945003","status":"successed_online"}
时间:2017-06-15 16:08:04.893 
级别:.ctor 
信息:DefaultConnectionLimit:2147483647
时间:2017-06-15 16:08:04.959 
级别:pushMessageToSingle 
信息:--------pushMessageToSingle------------
时间:2017-06-15 16:08:05.060 
级别:httpPost 
信息:GETREQUESTSTREAM:32,RESPONSE: 100ms, {"result":"ok","taskId":"OSS-0615_2a067a1e6494cff7b2ad3a49b1d99746","status":"successed_online"}
时间:2017-06-15 16:08:05.061 
级别:PushMessageToSingle 
信息:{"result":"ok","taskId":"OSS-0615_2a067a1e6494cff7b2ad3a49b1d99746","status":"successed_online"}
时间:2017-06-15 16:08:47.859 
级别:.ctor 
信息:DefaultConnectionLimit:2147483647
时间:2017-06-15 16:08:47.929 
级别:pushMessageToSingle 
信息:--------pushMessageToSingle------------
时间:2017-06-15 16:08:48.025 
级别:httpPost 
信息:GETREQUESTSTREAM:31,RESPONSE: 95ms, {"result":"ok","taskId":"OSS-0615_5bb74a7c71a1bc7610bf6c56a32d8611","status":"successed_online"}
时间:2017-06-15 16:08:48.026 
级别:PushMessageToSingle 
信息:{"result":"ok","taskId":"OSS-0615_5bb74a7c71a1bc7610bf6c56a32d8611","status":"successed_online"}
时间:2017-06-15 16:09:10.812 
级别:.ctor 
信息:DefaultConnectionLimit:2147483647
时间:2017-06-15 16:09:10.883 
级别:pushMessageToSingle 
信息:--------pushMessageToSingle------------
时间:2017-06-15 16:09:10.982 
级别:httpPost 
信息:GETREQUESTSTREAM:32,RESPONSE: 98ms, {"result":"ok","taskId":"OSS-0615_939be120736f8e91457654f3a05263f5","status":"successed_online"}
时间:2017-06-15 16:09:10.983 
级别:PushMessageToSingle 
信息:{"result":"ok","taskId":"OSS-0615_939be120736f8e91457654f3a05263f5","status":"successed_online"}
时间:2017-06-15 16:10:52.790 
级别:.ctor 
信息:DefaultConnectionLimit:2147483647
时间:2017-06-15 16:10:52.852 
级别:pushMessageToSingle 
信息:--------pushMessageToSingle------------
时间:2017-06-15 16:10:52.935 
级别:httpPost 
信息:GETREQUESTSTREAM:27,RESPONSE: 83ms, {"result":"ok","taskId":"OSS-0615_9d18fdee855145c77ad307a90455eb07","status":"successed_online"}
时间:2017-06-15 16:10:52.936 
级别:PushMessageToSingle 
信息:{"result":"ok","taskId":"OSS-0615_9d18fdee855145c77ad307a90455eb07","status":"successed_online"}
时间:2017-06-15 16:11:05.699 
级别:.ctor 
信息:DefaultConnectionLimit:2147483647
时间:2017-06-15 16:11:05.773 
级别:pushMessageToSingle 
信息:--------pushMessageToSingle------------
时间:2017-06-15 16:11:05.881 
级别:httpPost 
信息:GETREQUESTSTREAM:36,RESPONSE: 107ms, {"result":"ok","taskId":"OSS-0615_321e0364272f48fd4fa9b93793caf12b","status":"successed_online"}
时间:2017-06-15 16:11:05.882 
级别:PushMessageToSingle 
信息:{"result":"ok","taskId":"OSS-0615_321e0364272f48fd4fa9b93793caf12b","status":"successed_online"}
时间:2017-06-15 16:11:39.453 
级别:.ctor 
信息:DefaultConnectionLimit:2147483647
时间:2017-06-15 16:11:39.526 
级别:pushMessageToSingle 
信息:--------pushMessageToSingle------------
时间:2017-06-15 16:11:39.635 
级别:httpPost 
信息:GETREQUESTSTREAM:35,RESPONSE: 108ms, {"result":"ok","taskId":"OSS-0615_15f495b149438a472ca8e710db841445","status":"successed_online"}
时间:2017-06-15 16:11:39.636 
级别:PushMessageToSingle 
信息:{"result":"ok","taskId":"OSS-0615_15f495b149438a472ca8e710db841445","status":"successed_online"}
时间:2017-06-15 16:11:55.587 
级别:.ctor 
信息:DefaultConnectionLimit:2147483647
时间:2017-06-15 16:11:55.655 
级别:pushMessageToSingle 
信息:--------pushMessageToSingle------------
时间:2017-06-15 16:11:55.751 
级别:httpPost 
信息:GETREQUESTSTREAM:31,RESPONSE: 95ms, {"result":"ok","taskId":"OSS-0615_0f99ec6f1c1c05c451d90aecf2f113e3","status":"successed_online"}
时间:2017-06-15 16:11:55.961 
级别:PushMessageToSingle 
信息:{"result":"ok","taskId":"OSS-0615_0f99ec6f1c1c05c451d90aecf2f113e3","status":"successed_online"}
时间:2017-06-15 16:12:49.985 
级别:.ctor 
信息:DefaultConnectionLimit:2147483647
时间:2017-06-15 16:12:50.058 
级别:pushMessageToSingle 
信息:--------pushMessageToSingle------------
时间:2017-06-15 16:12:50.153 
级别:httpPost 
信息:GETREQUESTSTREAM:31,RESPONSE: 94ms, {"result":"ok","taskId":"OSS-0615_a7c5b9560e9d8676df35403cad246095","status":"successed_online"}
时间:2017-06-15 16:12:50.154 
级别:PushMessageToSingle 
信息:{"result":"ok","taskId":"OSS-0615_a7c5b9560e9d8676df35403cad246095","status":"successed_online"}
时间:2017-06-15 16:13:15.450 
级别:.ctor 
信息:DefaultConnectionLimit:2147483647
时间:2017-06-15 16:13:15.515 
级别:pushMessageToSingle 
信息:--------pushMessageToSingle------------
时间:2017-06-15 16:13:15.617 
级别:httpPost 
信息:GETREQUESTSTREAM:35,RESPONSE: 101ms, {"result":"ok","taskId":"OSS-0615_f82e74de7a4c051c759ff67a9f352ce1","status":"successed_online"}
时间:2017-06-15 16:13:15.618 
级别:PushMessageToSingle 
信息:{"result":"ok","taskId":"OSS-0615_f82e74de7a4c051c759ff67a9f352ce1","status":"successed_online"}
时间:2017-06-15 16:15:06.833 
级别:.ctor 
信息:DefaultConnectionLimit:2147483647
时间:2017-06-15 16:15:06.905 
级别:pushMessageToSingle 
信息:--------pushMessageToSingle------------
时间:2017-06-15 16:15:07.007 
级别:httpPost 
信息:GETREQUESTSTREAM:32,RESPONSE: 101ms, {"result":"ok","taskId":"OSS-0615_587b85b6c8175a37cfd82c4b553bc33f","status":"successed_online"}
时间:2017-06-15 16:15:07.008 
级别:PushMessageToSingle 
信息:{"result":"ok","taskId":"OSS-0615_587b85b6c8175a37cfd82c4b553bc33f","status":"successed_online"}
时间:2017-06-15 16:15:30.086 
级别:.ctor 
信息:DefaultConnectionLimit:2147483647
时间:2017-06-15 16:15:30.161 
级别:pushMessageToSingle 
信息:--------pushMessageToSingle------------
时间:2017-06-15 16:15:30.258 
级别:httpPost 
信息:GETREQUESTSTREAM:32,RESPONSE: 96ms, {"result":"ok","taskId":"OSS-0615_c2d4da62db78bf6bf851109fe4095b5c","status":"successed_online"}
时间:2017-06-15 16:15:30.259 
级别:PushMessageToSingle 
信息:{"result":"ok","taskId":"OSS-0615_c2d4da62db78bf6bf851109fe4095b5c","status":"successed_online"}
时间:2017-06-15 16:15:43.504 
级别:.ctor 
信息:DefaultConnectionLimit:2147483647
时间:2017-06-15 16:15:43.570 
级别:pushMessageToSingle 
信息:--------pushMessageToSingle------------
时间:2017-06-15 16:15:43.673 
级别:httpPost 
信息:GETREQUESTSTREAM:33,RESPONSE: 102ms, {"result":"ok","taskId":"OSS-0615_e21fbb12aee9d6bda96284daab550960","status":"successed_online"}
时间:2017-06-15 16:15:43.674 
级别:PushMessageToSingle 
信息:{"result":"ok","taskId":"OSS-0615_e21fbb12aee9d6bda96284daab550960","status":"successed_online"}
时间:2017-06-15 16:16:21.926 
级别:.ctor 
信息:DefaultConnectionLimit:2147483647
时间:2017-06-15 16:16:21.997 
级别:pushMessageToSingle 
信息:--------pushMessageToSingle------------
时间:2017-06-15 16:16:22.103 
级别:httpPost 
信息:GETREQUESTSTREAM:34,RESPONSE: 106ms, {"result":"ok","taskId":"OSS-0615_896a7fb4c0351f72f343c55c2a922d56","status":"successed_online"}
时间:2017-06-15 16:16:22.104 
级别:PushMessageToSingle 
信息:{"result":"ok","taskId":"OSS-0615_896a7fb4c0351f72f343c55c2a922d56","status":"successed_online"}
时间:2017-06-15 16:19:15.390 
级别:PushMessageToSingle 
信息:{"result":"ok","taskId":"OSS-0615_7593b8a23b2438bfb78180a9cd2e7650","status":"successed_online"}
时间:2017-06-15 16:21:55.622 
级别:.ctor 
信息:DefaultConnectionLimit:2147483647
时间:2017-06-15 16:21:55.695 
级别:pushMessageToSingle 
信息:--------pushMessageToSingle------------
时间:2017-06-15 16:21:55.814 
级别:httpPost 
信息:GETREQUESTSTREAM:32,RESPONSE: 118ms, {"result":"ok","taskId":"OSS-0615_c8a57a99d71ebb923127d15c5d671602","status":"successed_online"}
时间:2017-06-15 16:21:55.815 
级别:PushMessageToSingle 
信息:{"result":"ok","taskId":"OSS-0615_c8a57a99d71ebb923127d15c5d671602","status":"successed_online"}
时间:2017-06-15 16:28:18.953 
级别:.ctor 
信息:DefaultConnectionLimit:2147483647
时间:2017-06-15 16:28:19.028 
级别:pushMessageToSingle 
信息:--------pushMessageToSingle------------
时间:2017-06-15 16:28:19.133 
级别:httpPost 
信息:GETREQUESTSTREAM:35,RESPONSE: 105ms, {"result":"ok","taskId":"OSS-0615_66c8c73625602c6e1093ab48f657f149","status":"successed_online"}
时间:2017-06-15 16:28:19.133 
级别:PushMessageToSingle 
信息:{"result":"ok","taskId":"OSS-0615_66c8c73625602c6e1093ab48f657f149","status":"successed_online"}
时间:2017-06-15 16:29:31.237 
级别:.ctor 
信息:DefaultConnectionLimit:2147483647
时间:2017-06-15 16:29:31.297 
级别:pushMessageToSingle 
信息:--------pushMessageToSingle------------
时间:2017-06-15 16:29:31.398 
级别:httpPost 
信息:GETREQUESTSTREAM:33,RESPONSE: 101ms, {"result":"ok","taskId":"OSS-0615_335e72ba748fc270a7e0ac2b891b8dfc","status":"successed_online"}
时间:2017-06-15 16:29:31.398 
级别:PushMessageToSingle 
信息:{"result":"ok","taskId":"OSS-0615_335e72ba748fc270a7e0ac2b891b8dfc","status":"successed_online"}
时间:2017-06-15 16:29:52.625 
级别:.ctor 
信息:DefaultConnectionLimit:2147483647
时间:2017-06-15 16:29:52.686 
级别:pushMessageToSingle 
信息:--------pushMessageToSingle------------
时间:2017-06-15 16:29:52.788 
级别:httpPost 
信息:GETREQUESTSTREAM:32,RESPONSE: 100ms, {"result":"ok","taskId":"OSS-0615_6a231ceba8c8daccc8c42d4d862bb4f7","status":"successed_online"}
时间:2017-06-15 16:29:52.789 
级别:PushMessageToSingle 
信息:{"result":"ok","taskId":"OSS-0615_6a231ceba8c8daccc8c42d4d862bb4f7","status":"successed_online"}
时间:2017-06-15 16:33:20.307 
级别:.ctor 
信息:DefaultConnectionLimit:2147483647
时间:2017-06-15 16:33:20.371 
级别:pushMessageToSingle 
信息:--------pushMessageToSingle------------
时间:2017-06-15 16:33:20.494 
级别:httpPost 
信息:GETREQUESTSTREAM:50,RESPONSE: 123ms, {"result":"ok","taskId":"OSS-0615_d7b5ad03ad9e1cf979014d88c78eb936","status":"successed_online"}
时间:2017-06-15 16:33:20.495 
级别:PushMessageToSingle 
信息:{"result":"ok","taskId":"OSS-0615_d7b5ad03ad9e1cf979014d88c78eb936","status":"successed_online"}
时间:2017-06-15 16:33:35.627 
级别:.ctor 
信息:DefaultConnectionLimit:2147483647
时间:2017-06-15 16:33:35.698 
级别:pushMessageToSingle 
信息:--------pushMessageToSingle------------
时间:2017-06-15 16:33:35.794 
级别:httpPost 
信息:GETREQUESTSTREAM:30,RESPONSE: 94ms, {"result":"ok","taskId":"OSS-0615_bcdc641fe5ee46aa47c4a2d4aa579b48","status":"successed_online"}
时间:2017-06-15 16:33:35.795 
级别:PushMessageToSingle 
信息:{"result":"ok","taskId":"OSS-0615_bcdc641fe5ee46aa47c4a2d4aa579b48","status":"successed_online"}
时间:2017-06-15 16:39:14.082 
级别:.ctor 
信息:DefaultConnectionLimit:2147483647
时间:2017-06-15 16:39:14.153 
级别:pushMessageToSingle 
信息:--------pushMessageToSingle------------
时间:2017-06-15 16:39:14.263 
级别:httpPost 
信息:GETREQUESTSTREAM:37,RESPONSE: 109ms, {"result":"ok","taskId":"OSS-0615_36548ed5a67807e814b5a66d9bb09e1e","status":"successed_online"}
时间:2017-06-15 16:39:14.264 
级别:PushMessageToSingle 
信息:{"result":"ok","taskId":"OSS-0615_36548ed5a67807e814b5a66d9bb09e1e","status":"successed_online"}
时间:2017-06-15 16:39:29.878 
级别:.ctor 
信息:DefaultConnectionLimit:2147483647
时间:2017-06-15 16:39:29.945 
级别:pushMessageToSingle 
信息:--------pushMessageToSingle------------
时间:2017-06-15 16:39:30.047 
级别:httpPost 
信息:GETREQUESTSTREAM:33,RESPONSE: 102ms, {"result":"ok","taskId":"OSS-0615_1fea7baa7c25398ac66319660a129c11","status":"successed_online"}
时间:2017-06-15 16:39:30.048 
级别:PushMessageToSingle 
信息:{"result":"ok","taskId":"OSS-0615_1fea7baa7c25398ac66319660a129c11","status":"successed_online"}
时间:2017-06-15 16:43:41.367 
级别:.ctor 
信息:DefaultConnectionLimit:2147483647
时间:2017-06-15 16:43:41.438 
级别:pushMessageToSingle 
信息:--------pushMessageToSingle------------
时间:2017-06-15 16:43:41.539 
级别:httpPost 
信息:GETREQUESTSTREAM:32,RESPONSE: 100ms, {"result":"ok","taskId":"OSS-0615_faf17f8361315009095ac991a216958b","status":"successed_online"}
时间:2017-06-15 16:43:41.540 
级别:PushMessageToSingle 
信息:{"result":"ok","taskId":"OSS-0615_faf17f8361315009095ac991a216958b","status":"successed_online"}
时间:2017-06-15 16:43:48.629 
级别:.ctor 
信息:DefaultConnectionLimit:2147483647
时间:2017-06-15 16:43:48.694 
级别:pushMessageToSingle 
信息:--------pushMessageToSingle------------
时间:2017-06-15 16:43:48.814 
级别:httpPost 
信息:GETREQUESTSTREAM:41,RESPONSE: 119ms, {"result":"ok","taskId":"OSS-0615_9a004f950fd2c9c3d0a6b1e1ef7f825e","status":"successed_online"}
时间:2017-06-15 16:43:48.815 
级别:PushMessageToSingle 
信息:{"result":"ok","taskId":"OSS-0615_9a004f950fd2c9c3d0a6b1e1ef7f825e","status":"successed_online"}
