时间:2017-10-02 12:01:45.147 
级别:Error 
信息:错误信息
System.ArgumentException: 对于“WZK.Admin.Controllers.MobileController”中方法“System.Web.Mvc.ActionResult DeviceControl(System.Guid)”的不可以为 null 的类型“System.Guid”的参数“id”，参数字典包含一个 null 项。可选参数必须为引用类型、可以为 null 的类型或声明为可选参数。
参数名: parameters
   在 System.Web.Mvc.ActionDescriptor.ExtractParameterFromDictionary(ParameterInfo parameterInfo, IDictionary`2 parameters, MethodInfo methodInfo)
   在 System.Web.Mvc.ReflectedActionDescriptor.Execute(ControllerContext controllerContext, IDictionary`2 parameters)
   在 System.Web.Mvc.ControllerActionInvoker.InvokeActionMethod(ControllerContext controllerContext, ActionDescriptor actionDescriptor, IDictionary`2 parameters)
   在 System.Web.Mvc.Async.AsyncControllerActionInvoker.<BeginInvokeSynchronousActionMethod>b__39(IAsyncResult asyncResult, ActionInvocation innerInvokeState)
   在 System.Web.Mvc.Async.AsyncResultWrapper.WrappedAsyncResult`2.CallEndDelegate(IAsyncResult asyncResult)
   在 System.Web.Mvc.Async.AsyncResultWrapper.WrappedAsyncResultBase`1.End()
   在 System.Web.Mvc.Async.AsyncControllerActionInvoker.EndInvokeActionMethod(IAsyncResult asyncResult)
   在 System.Web.Mvc.Async.AsyncControllerActionInvoker.AsyncInvocationWithFilters.<InvokeActionMethodFilterAsynchronouslyRecursive>b__3d()
   在 System.Web.Mvc.Async.AsyncControllerActionInvoker.AsyncInvocationWithFilters.<>c__DisplayClass46.<InvokeActionMethodFilterAsynchronouslyRecursive>b__3f()
   在 System.Web.Mvc.Async.AsyncControllerActionInvoker.AsyncInvocationWithFilters.<>c__DisplayClass46.<InvokeActionMethodFilterAsynchronouslyRecursive>b__3f()
   在 System.Web.Mvc.Async.AsyncControllerActionInvoker.<>c__DisplayClass33.<BeginInvokeActionMethodWithFilters>b__32(IAsyncResult asyncResult)
   在 System.Web.Mvc.Async.AsyncResultWrapper.WrappedAsyncResult`1.CallEndDelegate(IAsyncResult asyncResult)
   在 System.Web.Mvc.Async.AsyncResultWrapper.WrappedAsyncResultBase`1.End()
   在 System.Web.Mvc.Async.AsyncControllerActionInvoker.EndInvokeActionMethodWithFilters(IAsyncResult asyncResult)
   在 System.Web.Mvc.Async.AsyncControllerActionInvoker.<>c__DisplayClass21.<>c__DisplayClass2b.<BeginInvokeAction>b__1c()
   在 System.Web.Mvc.Async.AsyncControllerActionInvoker.<>c__DisplayClass21.<BeginInvokeAction>b__1e(IAsyncResult asyncResult)
   在 System.Web.Mvc.Async.AsyncResultWrapper.WrappedAsyncResult`1.CallEndDelegate(IAsyncResult asyncResult)
   在 System.Web.Mvc.Async.AsyncResultWrapper.WrappedAsyncResultBase`1.End()
   在 System.Web.Mvc.Async.AsyncControllerActionInvoker.EndInvokeAction(IAsyncResult asyncResult)
   在 System.Web.Mvc.Controller.<BeginExecuteCore>b__1d(IAsyncResult asyncResult, ExecuteCoreState innerState)
   在 System.Web.Mvc.Async.AsyncResultWrapper.WrappedAsyncVoid`1.CallEndDelegate(IAsyncResult asyncResult)
   在 System.Web.Mvc.Async.AsyncResultWrapper.WrappedAsyncResultBase`1.End()
   在 System.Web.Mvc.Controller.EndExecuteCore(IAsyncResult asyncResult)
   在 System.Web.Mvc.Controller.<BeginExecute>b__15(IAsyncResult asyncResult, Controller controller)
   在 System.Web.Mvc.Async.AsyncResultWrapper.WrappedAsyncVoid`1.CallEndDelegate(IAsyncResult asyncResult)
   在 System.Web.Mvc.Async.AsyncResultWrapper.WrappedAsyncResultBase`1.End()
   在 System.Web.Mvc.Controller.EndExecute(IAsyncResult asyncResult)
   在 System.Web.Mvc.Controller.System.Web.Mvc.Async.IAsyncController.EndExecute(IAsyncResult asyncResult)
   在 System.Web.Mvc.MvcHandler.<BeginProcessRequest>b__5(IAsyncResult asyncResult, ProcessRequestState innerState)
   在 System.Web.Mvc.Async.AsyncResultWrapper.WrappedAsyncVoid`1.CallEndDelegate(IAsyncResult asyncResult)
   在 System.Web.Mvc.Async.AsyncResultWrapper.WrappedAsyncResultBase`1.End()
   在 System.Web.Mvc.MvcHandler.EndProcessRequest(IAsyncResult asyncResult)
   在 System.Web.Mvc.MvcHandler.System.Web.IHttpAsyncHandler.EndProcessRequest(IAsyncResult result)
   在 System.Web.HttpApplication.CallHandlerExecutionStep.System.Web.HttpApplication.IExecutionStep.Execute()
   在 System.Web.HttpApplication.ExecuteStep(IExecutionStep step, Boolean& completedSynchronously)
时间:2017-10-02 12:05:20.723 
级别:.ctor 
信息:DefaultConnectionLimit:2147483647
时间:2017-10-02 12:05:20.843 
级别:httpPost 
信息:GETREQUESTSTREAM:35,RESPONSE: 103ms, {"result":"ok","osList":["http://sdk.open.api.igexin.com/apiex.htm","http://sdk.open.api.getui.net/apiex.htm","http://sdk.open.api.gepush.com/apiex.htm"]}
时间:2017-10-02 12:05:21.143 
级别:pushMessageToSingle 
信息:--------pushMessageToSingle------------
时间:2017-10-02 12:05:21.268 
级别:httpPost 
信息:GETREQUESTSTREAM:33,RESPONSE: 100ms, {"result":"sign_error"}
时间:2017-10-02 12:05:21.381 
级别:httpPost 
信息:GETREQUESTSTREAM:30,RESPONSE: 93ms, {"result":"success"}
时间:2017-10-02 12:05:21.504 
级别:httpPost 
信息:GETREQUESTSTREAM:36,RESPONSE: 114ms, {"result":"ok","taskId":"OSS-1002_ea3b3196427706a155d718847bde9929","status":"successed_offline"}
时间:2017-10-02 12:05:21.506 
级别:Info 
信息:{"result":"ok","taskId":"OSS-1002_ea3b3196427706a155d718847bde9929","status":"successed_offline"}
时间:2017-10-02 12:06:03.435 
级别:.ctor 
信息:DefaultConnectionLimit:2147483647
时间:2017-10-02 12:06:03.504 
级别:pushMessageToSingle 
信息:--------pushMessageToSingle------------
时间:2017-10-02 12:06:03.627 
级别:httpPost 
信息:GETREQUESTSTREAM:37,RESPONSE: 117ms, {"result":"ok","taskId":"OSS-1002_684ab38bbe49a2cbc421657858568936","status":"successed_offline"}
时间:2017-10-02 12:06:03.629 
级别:Info 
信息:{"result":"ok","taskId":"OSS-1002_684ab38bbe49a2cbc421657858568936","status":"successed_offline"}
时间:2017-10-02 12:07:37.266 
级别:.ctor 
信息:DefaultConnectionLimit:2147483647
时间:2017-10-02 12:07:37.335 
级别:pushMessageToSingle 
信息:--------pushMessageToSingle------------
时间:2017-10-02 12:07:37.435 
级别:httpPost 
信息:GETREQUESTSTREAM:32,RESPONSE: 98ms, {"result":"ok","taskId":"OSS-1002_84bf5f3970de940eb3505769b2561ea1","status":"successed_offline"}
时间:2017-10-02 12:07:37.437 
级别:Info 
信息:{"result":"ok","taskId":"OSS-1002_84bf5f3970de940eb3505769b2561ea1","status":"successed_offline"}
时间:2017-10-02 12:07:52.939 
级别:.ctor 
信息:DefaultConnectionLimit:2147483647
时间:2017-10-02 12:07:53.010 
级别:pushMessageToSingle 
信息:--------pushMessageToSingle------------
时间:2017-10-02 12:07:53.153 
级别:httpPost 
信息:GETREQUESTSTREAM:33,RESPONSE: 140ms, {"result":"ok","taskId":"OSS-1002_c5d6fb03ae3636536cae5560b1dae8f4","status":"successed_offline"}
时间:2017-10-02 12:07:53.157 
级别:Info 
信息:{"result":"ok","taskId":"OSS-1002_c5d6fb03ae3636536cae5560b1dae8f4","status":"successed_offline"}
时间:2017-10-02 12:07:56.074 
级别:.ctor 
信息:DefaultConnectionLimit:2147483647
时间:2017-10-02 12:07:56.145 
级别:pushMessageToSingle 
信息:--------pushMessageToSingle------------
时间:2017-10-02 12:07:56.320 
级别:httpPost 
信息:GETREQUESTSTREAM:33,RESPONSE: 104ms, {"result":"ok","taskId":"OSS-1002_0f69ccc5ff32fcc18a57401684e635c8","status":"successed_offline"}
时间:2017-10-02 12:07:56.327 
级别:Info 
信息:{"result":"ok","taskId":"OSS-1002_0f69ccc5ff32fcc18a57401684e635c8","status":"successed_offline"}
时间:2017-10-02 12:14:33.512 
级别:.ctor 
信息:DefaultConnectionLimit:2147483647
时间:2017-10-02 12:14:33.597 
级别:pushMessageToSingle 
信息:--------pushMessageToSingle------------
时间:2017-10-02 12:14:33.707 
级别:httpPost 
信息:GETREQUESTSTREAM:34,RESPONSE: 107ms, {"result":"ok","taskId":"OSS-1002_c60a51bb1cfabd261e5756f346079090","status":"successed_offline"}
时间:2017-10-02 12:14:33.709 
级别:Info 
信息:{"result":"ok","taskId":"OSS-1002_c60a51bb1cfabd261e5756f346079090","status":"successed_offline"}
时间:2017-10-02 12:14:36.902 
级别:.ctor 
信息:DefaultConnectionLimit:2147483647
时间:2017-10-02 12:14:36.972 
级别:pushMessageToSingle 
信息:--------pushMessageToSingle------------
时间:2017-10-02 12:14:37.094 
级别:httpPost 
信息:GETREQUESTSTREAM:37,RESPONSE: 118ms, {"result":"ok","taskId":"OSS-1002_3cdce89ad3654b266d3eb774ab3754a4","status":"successed_offline"}
时间:2017-10-02 12:14:37.100 
级别:Info 
信息:{"result":"ok","taskId":"OSS-1002_3cdce89ad3654b266d3eb774ab3754a4","status":"successed_offline"}
时间:2017-10-02 12:14:41.345 
级别:.ctor 
信息:DefaultConnectionLimit:2147483647
时间:2017-10-02 12:14:41.424 
级别:pushMessageToSingle 
信息:--------pushMessageToSingle------------
时间:2017-10-02 12:14:41.563 
级别:httpPost 
信息:GETREQUESTSTREAM:37,RESPONSE: 114ms, {"result":"ok","taskId":"OSS-1002_c1799f16b7a12812e9bc581bde22319a","status":"successed_online"}
时间:2017-10-02 12:14:41.565 
级别:Info 
信息:{"result":"ok","taskId":"OSS-1002_c1799f16b7a12812e9bc581bde22319a","status":"successed_online"}
