时间:2017-06-21 10:54:18.373 
级别:PushMessageToSingle 
信息:{"result":"ok","taskId":"OSS-0621_68965e90c887f32fff91d9398ed909ce","status":"successed_online"}
时间:2017-06-21 10:54:41.157 
级别:.ctor 
信息:DefaultConnectionLimit:2147483647
时间:2017-06-21 10:54:41.266 
级别:pushMessageToSingle 
信息:--------pushMessageToSingle------------
时间:2017-06-21 10:54:41.372 
级别:httpPost 
信息:GETREQUESTSTREAM:37,RESPONSE: 102ms, {"result":"ok","taskId":"OSS-0621_46775a2402681bf7ba55ad695e1f608f","status":"successed_online"}
时间:2017-06-21 10:54:41.373 
级别:PushMessageToSingle 
信息:{"result":"ok","taskId":"OSS-0621_46775a2402681bf7ba55ad695e1f608f","status":"successed_online"}
时间:2017-06-21 10:54:58.715 
级别:.ctor 
信息:DefaultConnectionLimit:2147483647
时间:2017-06-21 10:54:58.946 
级别:pushMessageToSingle 
信息:--------pushMessageToSingle------------
时间:2017-06-21 10:54:59.269 
级别:httpPost 
信息:GETREQUESTSTREAM:107,RESPONSE: 322ms, {"result":"ok","taskId":"OSS-0621_ae55787ce40fbb53ae85896adc18ba09","status":"successed_online"}
时间:2017-06-21 10:54:59.270 
级别:PushMessageToSingle 
信息:{"result":"ok","taskId":"OSS-0621_ae55787ce40fbb53ae85896adc18ba09","status":"successed_online"}
时间:2017-06-21 10:57:24.351 
级别:.ctor 
信息:DefaultConnectionLimit:2147483647
时间:2017-06-21 10:57:24.425 
级别:pushMessageToSingle 
信息:--------pushMessageToSingle------------
时间:2017-06-21 10:57:24.516 
级别:httpPost 
信息:GETREQUESTSTREAM:31,RESPONSE: 91ms, {"result":"ok","taskId":"OSS-0621_f6953c4285eeb91581588c0f564a1090","status":"successed_online"}
时间:2017-06-21 10:57:24.517 
级别:PushMessageToSingle 
信息:{"result":"ok","taskId":"OSS-0621_f6953c4285eeb91581588c0f564a1090","status":"successed_online"}
时间:2017-06-21 10:57:33.969 
级别:.ctor 
信息:DefaultConnectionLimit:2147483647
时间:2017-06-21 10:57:34.062 
级别:pushMessageToSingle 
信息:--------pushMessageToSingle------------
时间:2017-06-21 10:57:34.163 
级别:httpPost 
信息:GETREQUESTSTREAM:33,RESPONSE: 100ms, {"result":"ok","taskId":"OSS-0621_f24094965476c4b6d1236d80ff6e8e3c","status":"successed_online"}
时间:2017-06-21 10:57:34.164 
级别:PushMessageToSingle 
信息:{"result":"ok","taskId":"OSS-0621_f24094965476c4b6d1236d80ff6e8e3c","status":"successed_online"}
时间:2017-06-21 11:14:57.611 
级别:.ctor 
信息:DefaultConnectionLimit:2147483647
时间:2017-06-21 11:14:57.681 
级别:pushMessageToSingle 
信息:--------pushMessageToSingle------------
时间:2017-06-21 11:14:57.798 
级别:httpPost 
信息:GETREQUESTSTREAM:39,RESPONSE: 114ms, {"result":"ok","taskId":"OSS-0621_a51f3726de64907b34081c7ddba98b88","status":"successed_online"}
时间:2017-06-21 11:14:57.800 
级别:PushMessageToSingle 
信息:{"result":"ok","taskId":"OSS-0621_a51f3726de64907b34081c7ddba98b88","status":"successed_online"}
时间:2017-06-21 11:15:06.687 
级别:.ctor 
信息:DefaultConnectionLimit:2147483647
时间:2017-06-21 11:15:06.759 
级别:pushMessageToSingle 
信息:--------pushMessageToSingle------------
时间:2017-06-21 11:15:06.871 
级别:httpPost 
信息:GETREQUESTSTREAM:36,RESPONSE: 111ms, {"result":"ok","taskId":"OSS-0621_be175f668129fa2320d89875d0f804ed","status":"successed_online"}
时间:2017-06-21 11:15:06.872 
级别:PushMessageToSingle 
信息:{"result":"ok","taskId":"OSS-0621_be175f668129fa2320d89875d0f804ed","status":"successed_online"}
时间:2017-06-21 11:24:27.439 
级别:.ctor 
信息:DefaultConnectionLimit:2147483647
时间:2017-06-21 11:24:27.509 
级别:pushMessageToSingle 
信息:--------pushMessageToSingle------------
时间:2017-06-21 11:24:27.616 
级别:httpPost 
信息:GETREQUESTSTREAM:35,RESPONSE: 106ms, {"result":"ok","taskId":"OSS-0621_758ef89d5d443bb34d530ad9c4610315","status":"successed_online"}
时间:2017-06-21 11:24:27.617 
级别:PushMessageToSingle 
信息:{"result":"ok","taskId":"OSS-0621_758ef89d5d443bb34d530ad9c4610315","status":"successed_online"}
时间:2017-06-21 11:24:34.902 
级别:.ctor 
信息:DefaultConnectionLimit:2147483647
时间:2017-06-21 11:24:34.972 
级别:pushMessageToSingle 
信息:--------pushMessageToSingle------------
时间:2017-06-21 11:24:35.069 
级别:httpPost 
信息:GETREQUESTSTREAM:32,RESPONSE: 96ms, {"result":"ok","taskId":"OSS-0621_50a869409d437b47b153cc8c3b2afed5","status":"successed_online"}
时间:2017-06-21 11:24:35.070 
级别:PushMessageToSingle 
信息:{"result":"ok","taskId":"OSS-0621_50a869409d437b47b153cc8c3b2afed5","status":"successed_online"}
时间:2017-06-21 13:55:08.830 
级别:PushMessageToSingle 
信息:{"result":"ok","taskId":"OSS-0621_88a6a5f109e53dfd3abec280d07cb351","status":"successed_online"}
时间:2017-06-21 13:55:40.902 
级别:.ctor 
信息:DefaultConnectionLimit:2147483647
时间:2017-06-21 13:55:40.974 
级别:pushMessageToSingle 
信息:--------pushMessageToSingle------------
时间:2017-06-21 13:55:41.094 
级别:httpPost 
信息:GETREQUESTSTREAM:45,RESPONSE: 119ms, {"result":"ok","taskId":"OSS-0621_c39cdedde44384785c4ce3da5de00c73","status":"successed_online"}
时间:2017-06-21 13:55:41.095 
级别:PushMessageToSingle 
信息:{"result":"ok","taskId":"OSS-0621_c39cdedde44384785c4ce3da5de00c73","status":"successed_online"}
时间:2017-06-21 14:17:33.938 
级别:.ctor 
信息:DefaultConnectionLimit:2147483647
时间:2017-06-21 14:17:34.014 
级别:pushMessageToSingle 
信息:--------pushMessageToSingle------------
时间:2017-06-21 14:17:34.103 
级别:httpPost 
信息:GETREQUESTSTREAM:30,RESPONSE: 87ms, {"result":"ok","taskId":"OSS-0621_bfa2df3e65d16ff5e4d900ffd4810c55","status":"successed_online"}
时间:2017-06-21 14:17:34.103 
级别:PushMessageToSingle 
信息:{"result":"ok","taskId":"OSS-0621_bfa2df3e65d16ff5e4d900ffd4810c55","status":"successed_online"}
时间:2017-06-21 14:17:44.412 
级别:.ctor 
信息:DefaultConnectionLimit:2147483647
时间:2017-06-21 14:17:44.476 
级别:pushMessageToSingle 
信息:--------pushMessageToSingle------------
时间:2017-06-21 14:17:44.584 
级别:httpPost 
信息:GETREQUESTSTREAM:35,RESPONSE: 109ms, {"result":"ok","taskId":"OSS-0621_8baeb5aafd7dc206180a782fd8c9477a","status":"successed_online"}
时间:2017-06-21 14:17:44.585 
级别:PushMessageToSingle 
信息:{"result":"ok","taskId":"OSS-0621_8baeb5aafd7dc206180a782fd8c9477a","status":"successed_online"}
时间:2017-06-21 14:51:26.603 
级别:PushMessageToSingle 
信息:{"result":"ok","taskId":"OSS-0621_1e1d126cb6f303d02baad28b979f5721","status":"successed_online"}
时间:2017-06-21 14:51:45.127 
级别:.ctor 
信息:DefaultConnectionLimit:2147483647
时间:2017-06-21 14:51:45.198 
级别:pushMessageToSingle 
信息:--------pushMessageToSingle------------
时间:2017-06-21 14:51:45.305 
级别:httpPost 
信息:GETREQUESTSTREAM:35,RESPONSE: 106ms, {"result":"ok","taskId":"OSS-0621_c77e398477b4f89683cb216cfc1c7f01","status":"successed_online"}
时间:2017-06-21 14:51:45.306 
级别:PushMessageToSingle 
信息:{"result":"ok","taskId":"OSS-0621_c77e398477b4f89683cb216cfc1c7f01","status":"successed_online"}
时间:2017-06-21 15:21:35.307 
级别:.ctor 
信息:DefaultConnectionLimit:2147483647
时间:2017-06-21 15:21:35.376 
级别:pushMessageToSingle 
信息:--------pushMessageToSingle------------
时间:2017-06-21 15:21:35.468 
级别:httpPost 
信息:GETREQUESTSTREAM:32,RESPONSE: 91ms, {"result":"ok","taskId":"OSS-0621_0c3ee69b370e32376b2647903435dc0c","status":"successed_online"}
时间:2017-06-21 15:21:35.469 
级别:PushMessageToSingle 
信息:{"result":"ok","taskId":"OSS-0621_0c3ee69b370e32376b2647903435dc0c","status":"successed_online"}
时间:2017-06-21 15:21:50.888 
级别:.ctor 
信息:DefaultConnectionLimit:2147483647
时间:2017-06-21 15:21:50.958 
级别:pushMessageToSingle 
信息:--------pushMessageToSingle------------
时间:2017-06-21 15:21:51.063 
级别:httpPost 
信息:GETREQUESTSTREAM:34,RESPONSE: 104ms, {"result":"ok","taskId":"OSS-0621_6f3dae35daf3054568e147ac3a9d0185","status":"successed_online"}
时间:2017-06-21 15:21:51.064 
级别:PushMessageToSingle 
信息:{"result":"ok","taskId":"OSS-0621_6f3dae35daf3054568e147ac3a9d0185","status":"successed_online"}
时间:2017-06-21 15:23:47.623 
级别:.ctor 
信息:DefaultConnectionLimit:2147483647
时间:2017-06-21 15:23:47.707 
级别:pushMessageToSingle 
信息:--------pushMessageToSingle------------
时间:2017-06-21 15:23:47.853 
级别:httpPost 
信息:GETREQUESTSTREAM:33,RESPONSE: 145ms, {"result":"ok","taskId":"OSS-0621_78036cf1431e3b7a174f6ac1b98a978e","status":"successed_online"}
时间:2017-06-21 15:23:47.854 
级别:PushMessageToSingle 
信息:{"result":"ok","taskId":"OSS-0621_78036cf1431e3b7a174f6ac1b98a978e","status":"successed_online"}
时间:2017-06-21 15:23:58.101 
级别:.ctor 
信息:DefaultConnectionLimit:2147483647
时间:2017-06-21 15:23:58.160 
级别:pushMessageToSingle 
信息:--------pushMessageToSingle------------
时间:2017-06-21 15:23:58.256 
级别:httpPost 
信息:GETREQUESTSTREAM:32,RESPONSE: 95ms, {"result":"ok","taskId":"OSS-0621_2cb72a3e8e2fb1f51c6c59e9ffa4edd5","status":"successed_online"}
时间:2017-06-21 15:23:58.256 
级别:PushMessageToSingle 
信息:{"result":"ok","taskId":"OSS-0621_2cb72a3e8e2fb1f51c6c59e9ffa4edd5","status":"successed_online"}
时间:2017-06-21 15:44:51.151 
级别:.ctor 
信息:DefaultConnectionLimit:2147483647
时间:2017-06-21 15:44:51.224 
级别:pushMessageToSingle 
信息:--------pushMessageToSingle------------
时间:2017-06-21 15:44:51.319 
级别:httpPost 
信息:GETREQUESTSTREAM:34,RESPONSE: 94ms, {"result":"ok","taskId":"OSS-0621_0eca6a535c00cca926147f3f761d7c91","status":"successed_online"}
时间:2017-06-21 15:44:51.320 
级别:PushMessageToSingle 
信息:{"result":"ok","taskId":"OSS-0621_0eca6a535c00cca926147f3f761d7c91","status":"successed_online"}
时间:2017-06-21 17:14:13.502 
级别:GetTaskList 
信息:WZK.Business.Admin.TaskMgt.GetTaskList  获取任务列表Error：
System.Data.Entity.Core.EntityException: 基础提供程序在 Open 上失败。 ---> System.Data.SqlClient.SqlException: 用户 'sa' 登录失败。原因: 该帐户的密码已过期。
   在 System.Data.SqlClient.SqlInternalConnectionTds..ctor(DbConnectionPoolIdentity identity, SqlConnectionString connectionOptions, SqlCredential credential, Object providerInfo, String newPassword, SecureString newSecurePassword, Boolean redirectedUserInstance, SqlConnectionString userConnectionOptions, SessionData reconnectSessionData, DbConnectionPool pool, String accessToken, Boolean applyTransientFaultHandling)
   在 System.Data.SqlClient.SqlConnectionFactory.CreateConnection(DbConnectionOptions options, DbConnectionPoolKey poolKey, Object poolGroupProviderInfo, DbConnectionPool pool, DbConnection owningConnection, DbConnectionOptions userOptions)
   在 System.Data.ProviderBase.DbConnectionFactory.CreatePooledConnection(DbConnectionPool pool, DbConnection owningObject, DbConnectionOptions options, DbConnectionPoolKey poolKey, DbConnectionOptions userOptions)
   在 System.Data.ProviderBase.DbConnectionPool.CreateObject(DbConnection owningObject, DbConnectionOptions userOptions, DbConnectionInternal oldConnection)
   在 System.Data.ProviderBase.DbConnectionPool.UserCreateRequest(DbConnection owningObject, DbConnectionOptions userOptions, DbConnectionInternal oldConnection)
   在 System.Data.ProviderBase.DbConnectionPool.TryGetConnection(DbConnection owningObject, UInt32 waitForMultipleObjectsTimeout, Boolean allowCreate, Boolean onlyOneCheckConnection, DbConnectionOptions userOptions, DbConnectionInternal& connection)
   在 System.Data.ProviderBase.DbConnectionPool.TryGetConnection(DbConnection owningObject, TaskCompletionSource`1 retry, DbConnectionOptions userOptions, DbConnectionInternal& connection)
   在 System.Data.ProviderBase.DbConnectionFactory.TryGetConnection(DbConnection owningConnection, TaskCompletionSource`1 retry, DbConnectionOptions userOptions, DbConnectionInternal oldConnection, DbConnectionInternal& connection)
   在 System.Data.ProviderBase.DbConnectionInternal.TryOpenConnectionInternal(DbConnection outerConnection, DbConnectionFactory connectionFactory, TaskCompletionSource`1 retry, DbConnectionOptions userOptions)
   在 System.Data.SqlClient.SqlConnection.TryOpenInner(TaskCompletionSource`1 retry)
   在 System.Data.SqlClient.SqlConnection.TryOpen(TaskCompletionSource`1 retry)
   在 System.Data.SqlClient.SqlConnection.Open()
   在 System.Data.Entity.Infrastructure.Interception.InternalDispatcher`1.Dispatch[TTarget,TInterceptionContext](TTarget target, Action`2 operation, TInterceptionContext interceptionContext, Action`3 executing, Action`3 executed)
   在 System.Data.Entity.Infrastructure.Interception.DbConnectionDispatcher.Open(DbConnection connection, DbInterceptionContext interceptionContext)
   在 System.Data.Entity.SqlServer.DefaultSqlExecutionStrategy.<>c__DisplayClass1.<Execute>b__0()
   在 System.Data.Entity.SqlServer.DefaultSqlExecutionStrategy.Execute[TResult](Func`1 operation)
   在 System.Data.Entity.Core.EntityClient.EntityConnection.Open()
   --- 内部异常堆栈跟踪的结尾 ---
   在 System.Data.Entity.Core.EntityClient.EntityConnection.Open()
   在 System.Data.Entity.Core.Objects.ObjectContext.EnsureConnection(Boolean shouldMonitorTransactions)
   在 System.Data.Entity.Core.Objects.ObjectContext.ExecuteInTransaction[T](Func`1 func, IDbExecutionStrategy executionStrategy, Boolean startLocalTransaction, Boolean releaseConnectionOnSuccess)
   在 System.Data.Entity.Core.Objects.ObjectQuery`1.<>c__DisplayClass7.<GetResults>b__5()
   在 System.Data.Entity.SqlServer.DefaultSqlExecutionStrategy.Execute[TResult](Func`1 operation)
   在 System.Data.Entity.Core.Objects.ObjectQuery`1.GetResults(Nullable`1 forMergeOption)
   在 System.Data.Entity.Core.Objects.ObjectQuery`1.<System.Collections.Generic.IEnumerable<T>.GetEnumerator>b__0()
   在 System.Data.Entity.Internal.LazyEnumerator`1.MoveNext()
   在 System.Linq.Enumerable.Single[TSource](IEnumerable`1 source)
   在 WZK.Business.Admin.TaskMgt.GetTaskList(String name, Nullable`1 startTime, Nullable`1 endTime, Int32 type, String template, Int32 pageIndex) 位置 E:\work\webSite\WZK\WZK.Business.Admin\TaskMgt.cs:行号 75
时间:2017-06-21 17:14:16.945 
级别:GetTaskList 
信息:WZK.Business.Admin.TaskMgt.GetTaskList  获取任务列表Error：
System.Data.Entity.Core.EntityException: 基础提供程序在 Open 上失败。 ---> System.Data.SqlClient.SqlException: 用户 'sa' 登录失败。原因: 该帐户的密码已过期。
   在 System.Data.ProviderBase.DbConnectionPool.TryGetConnection(DbConnection owningObject, UInt32 waitForMultipleObjectsTimeout, Boolean allowCreate, Boolean onlyOneCheckConnection, DbConnectionOptions userOptions, DbConnectionInternal& connection)
   在 System.Data.ProviderBase.DbConnectionPool.TryGetConnection(DbConnection owningObject, TaskCompletionSource`1 retry, DbConnectionOptions userOptions, DbConnectionInternal& connection)
   在 System.Data.ProviderBase.DbConnectionFactory.TryGetConnection(DbConnection owningConnection, TaskCompletionSource`1 retry, DbConnectionOptions userOptions, DbConnectionInternal oldConnection, DbConnectionInternal& connection)
   在 System.Data.ProviderBase.DbConnectionInternal.TryOpenConnectionInternal(DbConnection outerConnection, DbConnectionFactory connectionFactory, TaskCompletionSource`1 retry, DbConnectionOptions userOptions)
   在 System.Data.SqlClient.SqlConnection.TryOpenInner(TaskCompletionSource`1 retry)
   在 System.Data.SqlClient.SqlConnection.TryOpen(TaskCompletionSource`1 retry)
   在 System.Data.SqlClient.SqlConnection.Open()
   在 System.Data.Entity.Infrastructure.Interception.InternalDispatcher`1.Dispatch[TTarget,TInterceptionContext](TTarget target, Action`2 operation, TInterceptionContext interceptionContext, Action`3 executing, Action`3 executed)
   在 System.Data.Entity.Infrastructure.Interception.DbConnectionDispatcher.Open(DbConnection connection, DbInterceptionContext interceptionContext)
   在 System.Data.Entity.SqlServer.DefaultSqlExecutionStrategy.<>c__DisplayClass1.<Execute>b__0()
   在 System.Data.Entity.SqlServer.DefaultSqlExecutionStrategy.Execute[TResult](Func`1 operation)
   在 System.Data.Entity.Core.EntityClient.EntityConnection.Open()
   --- 内部异常堆栈跟踪的结尾 ---
   在 System.Data.Entity.Core.EntityClient.EntityConnection.Open()
   在 System.Data.Entity.Core.Objects.ObjectContext.EnsureConnection(Boolean shouldMonitorTransactions)
   在 System.Data.Entity.Core.Objects.ObjectContext.ExecuteInTransaction[T](Func`1 func, IDbExecutionStrategy executionStrategy, Boolean startLocalTransaction, Boolean releaseConnectionOnSuccess)
   在 System.Data.Entity.Core.Objects.ObjectQuery`1.<>c__DisplayClass7.<GetResults>b__5()
   在 System.Data.Entity.SqlServer.DefaultSqlExecutionStrategy.Execute[TResult](Func`1 operation)
   在 System.Data.Entity.Core.Objects.ObjectQuery`1.GetResults(Nullable`1 forMergeOption)
   在 System.Data.Entity.Core.Objects.ObjectQuery`1.<System.Collections.Generic.IEnumerable<T>.GetEnumerator>b__0()
   在 System.Data.Entity.Internal.LazyEnumerator`1.MoveNext()
   在 System.Linq.Enumerable.Single[TSource](IEnumerable`1 source)
   在 WZK.Business.Admin.TaskMgt.GetTaskList(String name, Nullable`1 startTime, Nullable`1 endTime, Int32 type, String template, Int32 pageIndex) 位置 E:\work\webSite\WZK\WZK.Business.Admin\TaskMgt.cs:行号 75
时间:2017-06-21 17:14:22.573 
级别:GetLocationList 
信息:WZK.Business.Admin.LocationMgt.GetLocationList  获取定位列表Error：
System.Data.Entity.Core.EntityException: 基础提供程序在 Open 上失败。 ---> System.Data.SqlClient.SqlException: 用户 'sa' 登录失败。原因: 该帐户的密码已过期。
   在 System.Data.SqlClient.SqlInternalConnectionTds..ctor(DbConnectionPoolIdentity identity, SqlConnectionString connectionOptions, SqlCredential credential, Object providerInfo, String newPassword, SecureString newSecurePassword, Boolean redirectedUserInstance, SqlConnectionString userConnectionOptions, SessionData reconnectSessionData, DbConnectionPool pool, String accessToken, Boolean applyTransientFaultHandling)
   在 System.Data.SqlClient.SqlConnectionFactory.CreateConnection(DbConnectionOptions options, DbConnectionPoolKey poolKey, Object poolGroupProviderInfo, DbConnectionPool pool, DbConnection owningConnection, DbConnectionOptions userOptions)
   在 System.Data.ProviderBase.DbConnectionFactory.CreatePooledConnection(DbConnectionPool pool, DbConnection owningObject, DbConnectionOptions options, DbConnectionPoolKey poolKey, DbConnectionOptions userOptions)
   在 System.Data.ProviderBase.DbConnectionPool.CreateObject(DbConnection owningObject, DbConnectionOptions userOptions, DbConnectionInternal oldConnection)
   在 System.Data.ProviderBase.DbConnectionPool.UserCreateRequest(DbConnection owningObject, DbConnectionOptions userOptions, DbConnectionInternal oldConnection)
   在 System.Data.ProviderBase.DbConnectionPool.TryGetConnection(DbConnection owningObject, UInt32 waitForMultipleObjectsTimeout, Boolean allowCreate, Boolean onlyOneCheckConnection, DbConnectionOptions userOptions, DbConnectionInternal& connection)
   在 System.Data.ProviderBase.DbConnectionPool.TryGetConnection(DbConnection owningObject, TaskCompletionSource`1 retry, DbConnectionOptions userOptions, DbConnectionInternal& connection)
   在 System.Data.ProviderBase.DbConnectionFactory.TryGetConnection(DbConnection owningConnection, TaskCompletionSource`1 retry, DbConnectionOptions userOptions, DbConnectionInternal oldConnection, DbConnectionInternal& connection)
   在 System.Data.ProviderBase.DbConnectionInternal.TryOpenConnectionInternal(DbConnection outerConnection, DbConnectionFactory connectionFactory, TaskCompletionSource`1 retry, DbConnectionOptions userOptions)
   在 System.Data.SqlClient.SqlConnection.TryOpenInner(TaskCompletionSource`1 retry)
   在 System.Data.SqlClient.SqlConnection.TryOpen(TaskCompletionSource`1 retry)
   在 System.Data.SqlClient.SqlConnection.Open()
   在 System.Data.Entity.Infrastructure.Interception.InternalDispatcher`1.Dispatch[TTarget,TInterceptionContext](TTarget target, Action`2 operation, TInterceptionContext interceptionContext, Action`3 executing, Action`3 executed)
   在 System.Data.Entity.Infrastructure.Interception.DbConnectionDispatcher.Open(DbConnection connection, DbInterceptionContext interceptionContext)
   在 System.Data.Entity.SqlServer.DefaultSqlExecutionStrategy.<>c__DisplayClass1.<Execute>b__0()
   在 System.Data.Entity.SqlServer.DefaultSqlExecutionStrategy.Execute[TResult](Func`1 operation)
   在 System.Data.Entity.Core.EntityClient.EntityConnection.Open()
   --- 内部异常堆栈跟踪的结尾 ---
   在 System.Data.Entity.Core.EntityClient.EntityConnection.Open()
   在 System.Data.Entity.Core.Objects.ObjectContext.EnsureConnection(Boolean shouldMonitorTransactions)
   在 System.Data.Entity.Core.Objects.ObjectContext.ExecuteInTransaction[T](Func`1 func, IDbExecutionStrategy executionStrategy, Boolean startLocalTransaction, Boolean releaseConnectionOnSuccess)
   在 System.Data.Entity.Core.Objects.ObjectQuery`1.<>c__DisplayClass7.<GetResults>b__5()
   在 System.Data.Entity.SqlServer.DefaultSqlExecutionStrategy.Execute[TResult](Func`1 operation)
   在 System.Data.Entity.Core.Objects.ObjectQuery`1.GetResults(Nullable`1 forMergeOption)
   在 System.Data.Entity.Core.Objects.ObjectQuery`1.<System.Collections.Generic.IEnumerable<T>.GetEnumerator>b__0()
   在 System.Data.Entity.Internal.LazyEnumerator`1.MoveNext()
   在 System.Linq.Enumerable.Single[TSource](IEnumerable`1 source)
   在 WZK.Business.Admin.LocationMgt.GetLocationList(String title, String address, Int32 pageIndex) 位置 E:\work\webSite\WZK\WZK.Business.Admin\LocationMgt.cs:行号 56
时间:2017-06-21 17:14:24.952 
级别:GetTaskList 
信息:WZK.Business.Admin.TaskMgt.GetTaskList  获取任务列表Error：
System.Data.Entity.Core.EntityException: 基础提供程序在 Open 上失败。 ---> System.Data.SqlClient.SqlException: 用户 'sa' 登录失败。原因: 该帐户的密码已过期。
   在 System.Data.ProviderBase.DbConnectionPool.TryGetConnection(DbConnection owningObject, UInt32 waitForMultipleObjectsTimeout, Boolean allowCreate, Boolean onlyOneCheckConnection, DbConnectionOptions userOptions, DbConnectionInternal& connection)
   在 System.Data.ProviderBase.DbConnectionPool.TryGetConnection(DbConnection owningObject, TaskCompletionSource`1 retry, DbConnectionOptions userOptions, DbConnectionInternal& connection)
   在 System.Data.ProviderBase.DbConnectionFactory.TryGetConnection(DbConnection owningConnection, TaskCompletionSource`1 retry, DbConnectionOptions userOptions, DbConnectionInternal oldConnection, DbConnectionInternal& connection)
   在 System.Data.ProviderBase.DbConnectionInternal.TryOpenConnectionInternal(DbConnection outerConnection, DbConnectionFactory connectionFactory, TaskCompletionSource`1 retry, DbConnectionOptions userOptions)
   在 System.Data.SqlClient.SqlConnection.TryOpenInner(TaskCompletionSource`1 retry)
   在 System.Data.SqlClient.SqlConnection.TryOpen(TaskCompletionSource`1 retry)
   在 System.Data.SqlClient.SqlConnection.Open()
   在 System.Data.Entity.Infrastructure.Interception.InternalDispatcher`1.Dispatch[TTarget,TInterceptionContext](TTarget target, Action`2 operation, TInterceptionContext interceptionContext, Action`3 executing, Action`3 executed)
   在 System.Data.Entity.Infrastructure.Interception.DbConnectionDispatcher.Open(DbConnection connection, DbInterceptionContext interceptionContext)
   在 System.Data.Entity.SqlServer.DefaultSqlExecutionStrategy.<>c__DisplayClass1.<Execute>b__0()
   在 System.Data.Entity.SqlServer.DefaultSqlExecutionStrategy.Execute[TResult](Func`1 operation)
   在 System.Data.Entity.Core.EntityClient.EntityConnection.Open()
   --- 内部异常堆栈跟踪的结尾 ---
   在 System.Data.Entity.Core.EntityClient.EntityConnection.Open()
   在 System.Data.Entity.Core.Objects.ObjectContext.EnsureConnection(Boolean shouldMonitorTransactions)
   在 System.Data.Entity.Core.Objects.ObjectContext.ExecuteInTransaction[T](Func`1 func, IDbExecutionStrategy executionStrategy, Boolean startLocalTransaction, Boolean releaseConnectionOnSuccess)
   在 System.Data.Entity.Core.Objects.ObjectQuery`1.<>c__DisplayClass7.<GetResults>b__5()
   在 System.Data.Entity.SqlServer.DefaultSqlExecutionStrategy.Execute[TResult](Func`1 operation)
   在 System.Data.Entity.Core.Objects.ObjectQuery`1.GetResults(Nullable`1 forMergeOption)
   在 System.Data.Entity.Core.Objects.ObjectQuery`1.<System.Collections.Generic.IEnumerable<T>.GetEnumerator>b__0()
   在 System.Data.Entity.Internal.LazyEnumerator`1.MoveNext()
   在 System.Linq.Enumerable.Single[TSource](IEnumerable`1 source)
   在 WZK.Business.Admin.TaskMgt.GetTaskList(String name, Nullable`1 startTime, Nullable`1 endTime, Int32 type, String template, Int32 pageIndex) 位置 E:\work\webSite\WZK\WZK.Business.Admin\TaskMgt.cs:行号 75
时间:2017-06-21 17:14:31.552 
级别:GetMomentsList 
信息:WZK.Business.Admin.MomentsMgt.GetMomentsList  朋友圈模板列表Error：
System.Data.Entity.Core.EntityException: 基础提供程序在 Open 上失败。 ---> System.Data.SqlClient.SqlException: 用户 'sa' 登录失败。原因: 该帐户的密码已过期。
   在 System.Data.ProviderBase.DbConnectionPool.TryGetConnection(DbConnection owningObject, UInt32 waitForMultipleObjectsTimeout, Boolean allowCreate, Boolean onlyOneCheckConnection, DbConnectionOptions userOptions, DbConnectionInternal& connection)
   在 System.Data.ProviderBase.DbConnectionPool.TryGetConnection(DbConnection owningObject, TaskCompletionSource`1 retry, DbConnectionOptions userOptions, DbConnectionInternal& connection)
   在 System.Data.ProviderBase.DbConnectionFactory.TryGetConnection(DbConnection owningConnection, TaskCompletionSource`1 retry, DbConnectionOptions userOptions, DbConnectionInternal oldConnection, DbConnectionInternal& connection)
   在 System.Data.ProviderBase.DbConnectionInternal.TryOpenConnectionInternal(DbConnection outerConnection, DbConnectionFactory connectionFactory, TaskCompletionSource`1 retry, DbConnectionOptions userOptions)
   在 System.Data.SqlClient.SqlConnection.TryOpenInner(TaskCompletionSource`1 retry)
   在 System.Data.SqlClient.SqlConnection.TryOpen(TaskCompletionSource`1 retry)
   在 System.Data.SqlClient.SqlConnection.Open()
   在 System.Data.Entity.Infrastructure.Interception.InternalDispatcher`1.Dispatch[TTarget,TInterceptionContext](TTarget target, Action`2 operation, TInterceptionContext interceptionContext, Action`3 executing, Action`3 executed)
   在 System.Data.Entity.Infrastructure.Interception.DbConnectionDispatcher.Open(DbConnection connection, DbInterceptionContext interceptionContext)
   在 System.Data.Entity.SqlServer.DefaultSqlExecutionStrategy.<>c__DisplayClass1.<Execute>b__0()
   在 System.Data.Entity.SqlServer.DefaultSqlExecutionStrategy.Execute[TResult](Func`1 operation)
   在 System.Data.Entity.Core.EntityClient.EntityConnection.Open()
   --- 内部异常堆栈跟踪的结尾 ---
   在 System.Data.Entity.Core.EntityClient.EntityConnection.Open()
   在 System.Data.Entity.Core.Objects.ObjectContext.EnsureConnection(Boolean shouldMonitorTransactions)
   在 System.Data.Entity.Core.Objects.ObjectContext.ExecuteInTransaction[T](Func`1 func, IDbExecutionStrategy executionStrategy, Boolean startLocalTransaction, Boolean releaseConnectionOnSuccess)
   在 System.Data.Entity.Core.Objects.ObjectQuery`1.<>c__DisplayClass7.<GetResults>b__5()
   在 System.Data.Entity.SqlServer.DefaultSqlExecutionStrategy.Execute[TResult](Func`1 operation)
   在 System.Data.Entity.Core.Objects.ObjectQuery`1.GetResults(Nullable`1 forMergeOption)
   在 System.Data.Entity.Core.Objects.ObjectQuery`1.<System.Collections.Generic.IEnumerable<T>.GetEnumerator>b__0()
   在 System.Data.Entity.Internal.LazyEnumerator`1.MoveNext()
   在 System.Linq.Enumerable.Single[TSource](IEnumerable`1 source)
   在 WZK.Business.Admin.MomentsMgt.GetMomentsList(String title, Int32 pageIndex) 位置 E:\work\webSite\WZK\WZK.Business.Admin\MomentsMgt.cs:行号 50
时间:2017-06-21 17:14:34.159 
级别:GetTaskList 
信息:WZK.Business.Admin.TaskMgt.GetTaskList  获取任务列表Error：
System.Data.Entity.Core.EntityException: 基础提供程序在 Open 上失败。 ---> System.Data.SqlClient.SqlException: 用户 'sa' 登录失败。原因: 该帐户的密码已过期。
   在 System.Data.SqlClient.SqlInternalConnectionTds..ctor(DbConnectionPoolIdentity identity, SqlConnectionString connectionOptions, SqlCredential credential, Object providerInfo, String newPassword, SecureString newSecurePassword, Boolean redirectedUserInstance, SqlConnectionString userConnectionOptions, SessionData reconnectSessionData, DbConnectionPool pool, String accessToken, Boolean applyTransientFaultHandling)
   在 System.Data.SqlClient.SqlConnectionFactory.CreateConnection(DbConnectionOptions options, DbConnectionPoolKey poolKey, Object poolGroupProviderInfo, DbConnectionPool pool, DbConnection owningConnection, DbConnectionOptions userOptions)
   在 System.Data.ProviderBase.DbConnectionFactory.CreatePooledConnection(DbConnectionPool pool, DbConnection owningObject, DbConnectionOptions options, DbConnectionPoolKey poolKey, DbConnectionOptions userOptions)
   在 System.Data.ProviderBase.DbConnectionPool.CreateObject(DbConnection owningObject, DbConnectionOptions userOptions, DbConnectionInternal oldConnection)
   在 System.Data.ProviderBase.DbConnectionPool.UserCreateRequest(DbConnection owningObject, DbConnectionOptions userOptions, DbConnectionInternal oldConnection)
   在 System.Data.ProviderBase.DbConnectionPool.TryGetConnection(DbConnection owningObject, UInt32 waitForMultipleObjectsTimeout, Boolean allowCreate, Boolean onlyOneCheckConnection, DbConnectionOptions userOptions, DbConnectionInternal& connection)
   在 System.Data.ProviderBase.DbConnectionPool.TryGetConnection(DbConnection owningObject, TaskCompletionSource`1 retry, DbConnectionOptions userOptions, DbConnectionInternal& connection)
   在 System.Data.ProviderBase.DbConnectionFactory.TryGetConnection(DbConnection owningConnection, TaskCompletionSource`1 retry, DbConnectionOptions userOptions, DbConnectionInternal oldConnection, DbConnectionInternal& connection)
   在 System.Data.ProviderBase.DbConnectionInternal.TryOpenConnectionInternal(DbConnection outerConnection, DbConnectionFactory connectionFactory, TaskCompletionSource`1 retry, DbConnectionOptions userOptions)
   在 System.Data.SqlClient.SqlConnection.TryOpenInner(TaskCompletionSource`1 retry)
   在 System.Data.SqlClient.SqlConnection.TryOpen(TaskCompletionSource`1 retry)
   在 System.Data.SqlClient.SqlConnection.Open()
   在 System.Data.Entity.Infrastructure.Interception.InternalDispatcher`1.Dispatch[TTarget,TInterceptionContext](TTarget target, Action`2 operation, TInterceptionContext interceptionContext, Action`3 executing, Action`3 executed)
   在 System.Data.Entity.Infrastructure.Interception.DbConnectionDispatcher.Open(DbConnection connection, DbInterceptionContext interceptionContext)
   在 System.Data.Entity.SqlServer.DefaultSqlExecutionStrategy.<>c__DisplayClass1.<Execute>b__0()
   在 System.Data.Entity.SqlServer.DefaultSqlExecutionStrategy.Execute[TResult](Func`1 operation)
   在 System.Data.Entity.Core.EntityClient.EntityConnection.Open()
   --- 内部异常堆栈跟踪的结尾 ---
   在 System.Data.Entity.Core.EntityClient.EntityConnection.Open()
   在 System.Data.Entity.Core.Objects.ObjectContext.EnsureConnection(Boolean shouldMonitorTransactions)
   在 System.Data.Entity.Core.Objects.ObjectContext.ExecuteInTransaction[T](Func`1 func, IDbExecutionStrategy executionStrategy, Boolean startLocalTransaction, Boolean releaseConnectionOnSuccess)
   在 System.Data.Entity.Core.Objects.ObjectQuery`1.<>c__DisplayClass7.<GetResults>b__5()
   在 System.Data.Entity.SqlServer.DefaultSqlExecutionStrategy.Execute[TResult](Func`1 operation)
   在 System.Data.Entity.Core.Objects.ObjectQuery`1.GetResults(Nullable`1 forMergeOption)
   在 System.Data.Entity.Core.Objects.ObjectQuery`1.<System.Collections.Generic.IEnumerable<T>.GetEnumerator>b__0()
   在 System.Data.Entity.Internal.LazyEnumerator`1.MoveNext()
   在 System.Linq.Enumerable.Single[TSource](IEnumerable`1 source)
   在 WZK.Business.Admin.TaskMgt.GetTaskList(String name, Nullable`1 startTime, Nullable`1 endTime, Int32 type, String template, Int32 pageIndex) 位置 E:\work\webSite\WZK\WZK.Business.Admin\TaskMgt.cs:行号 75
时间:2017-06-21 17:14:40.636 
级别:GetLocationList 
信息:WZK.Business.Admin.LocationMgt.GetLocationList  获取定位列表Error：
System.Data.Entity.Core.EntityException: 基础提供程序在 Open 上失败。 ---> System.Data.SqlClient.SqlException: 用户 'sa' 登录失败。原因: 该帐户的密码已过期。
   在 System.Data.ProviderBase.DbConnectionPool.TryGetConnection(DbConnection owningObject, UInt32 waitForMultipleObjectsTimeout, Boolean allowCreate, Boolean onlyOneCheckConnection, DbConnectionOptions userOptions, DbConnectionInternal& connection)
   在 System.Data.ProviderBase.DbConnectionPool.TryGetConnection(DbConnection owningObject, TaskCompletionSource`1 retry, DbConnectionOptions userOptions, DbConnectionInternal& connection)
   在 System.Data.ProviderBase.DbConnectionFactory.TryGetConnection(DbConnection owningConnection, TaskCompletionSource`1 retry, DbConnectionOptions userOptions, DbConnectionInternal oldConnection, DbConnectionInternal& connection)
   在 System.Data.ProviderBase.DbConnectionInternal.TryOpenConnectionInternal(DbConnection outerConnection, DbConnectionFactory connectionFactory, TaskCompletionSource`1 retry, DbConnectionOptions userOptions)
   在 System.Data.SqlClient.SqlConnection.TryOpenInner(TaskCompletionSource`1 retry)
   在 System.Data.SqlClient.SqlConnection.TryOpen(TaskCompletionSource`1 retry)
   在 System.Data.SqlClient.SqlConnection.Open()
   在 System.Data.Entity.Infrastructure.Interception.InternalDispatcher`1.Dispatch[TTarget,TInterceptionContext](TTarget target, Action`2 operation, TInterceptionContext interceptionContext, Action`3 executing, Action`3 executed)
   在 System.Data.Entity.Infrastructure.Interception.DbConnectionDispatcher.Open(DbConnection connection, DbInterceptionContext interceptionContext)
   在 System.Data.Entity.SqlServer.DefaultSqlExecutionStrategy.<>c__DisplayClass1.<Execute>b__0()
   在 System.Data.Entity.SqlServer.DefaultSqlExecutionStrategy.Execute[TResult](Func`1 operation)
   在 System.Data.Entity.Core.EntityClient.EntityConnection.Open()
   --- 内部异常堆栈跟踪的结尾 ---
   在 System.Data.Entity.Core.EntityClient.EntityConnection.Open()
   在 System.Data.Entity.Core.Objects.ObjectContext.EnsureConnection(Boolean shouldMonitorTransactions)
   在 System.Data.Entity.Core.Objects.ObjectContext.ExecuteInTransaction[T](Func`1 func, IDbExecutionStrategy executionStrategy, Boolean startLocalTransaction, Boolean releaseConnectionOnSuccess)
   在 System.Data.Entity.Core.Objects.ObjectQuery`1.<>c__DisplayClass7.<GetResults>b__5()
   在 System.Data.Entity.SqlServer.DefaultSqlExecutionStrategy.Execute[TResult](Func`1 operation)
   在 System.Data.Entity.Core.Objects.ObjectQuery`1.GetResults(Nullable`1 forMergeOption)
   在 System.Data.Entity.Core.Objects.ObjectQuery`1.<System.Collections.Generic.IEnumerable<T>.GetEnumerator>b__0()
   在 System.Data.Entity.Internal.LazyEnumerator`1.MoveNext()
   在 System.Linq.Enumerable.Single[TSource](IEnumerable`1 source)
   在 WZK.Business.Admin.LocationMgt.GetLocationList(String title, String address, Int32 pageIndex) 位置 E:\work\webSite\WZK\WZK.Business.Admin\LocationMgt.cs:行号 56
时间:2017-06-21 17:14:43.839 
级别:GetIMobileModelListAll 
信息:WZK.Business.Admin.MobileModelMgt.GetIMobileModelListAll  获取手机型号列表Error：
System.Data.Entity.Core.EntityException: 基础提供程序在 Open 上失败。 ---> System.Data.SqlClient.SqlException: 用户 'sa' 登录失败。原因: 该帐户的密码已过期。
   在 System.Data.ProviderBase.DbConnectionPool.TryGetConnection(DbConnection owningObject, UInt32 waitForMultipleObjectsTimeout, Boolean allowCreate, Boolean onlyOneCheckConnection, DbConnectionOptions userOptions, DbConnectionInternal& connection)
   在 System.Data.ProviderBase.DbConnectionPool.TryGetConnection(DbConnection owningObject, TaskCompletionSource`1 retry, DbConnectionOptions userOptions, DbConnectionInternal& connection)
   在 System.Data.ProviderBase.DbConnectionFactory.TryGetConnection(DbConnection owningConnection, TaskCompletionSource`1 retry, DbConnectionOptions userOptions, DbConnectionInternal oldConnection, DbConnectionInternal& connection)
   在 System.Data.ProviderBase.DbConnectionInternal.TryOpenConnectionInternal(DbConnection outerConnection, DbConnectionFactory connectionFactory, TaskCompletionSource`1 retry, DbConnectionOptions userOptions)
   在 System.Data.SqlClient.SqlConnection.TryOpenInner(TaskCompletionSource`1 retry)
   在 System.Data.SqlClient.SqlConnection.TryOpen(TaskCompletionSource`1 retry)
   在 System.Data.SqlClient.SqlConnection.Open()
   在 System.Data.Entity.Infrastructure.Interception.InternalDispatcher`1.Dispatch[TTarget,TInterceptionContext](TTarget target, Action`2 operation, TInterceptionContext interceptionContext, Action`3 executing, Action`3 executed)
   在 System.Data.Entity.Infrastructure.Interception.DbConnectionDispatcher.Open(DbConnection connection, DbInterceptionContext interceptionContext)
   在 System.Data.Entity.SqlServer.DefaultSqlExecutionStrategy.<>c__DisplayClass1.<Execute>b__0()
   在 System.Data.Entity.SqlServer.DefaultSqlExecutionStrategy.Execute[TResult](Func`1 operation)
   在 System.Data.Entity.Core.EntityClient.EntityConnection.Open()
   --- 内部异常堆栈跟踪的结尾 ---
   在 System.Data.Entity.Core.EntityClient.EntityConnection.Open()
   在 System.Data.Entity.Core.Objects.ObjectContext.EnsureConnection(Boolean shouldMonitorTransactions)
   在 System.Data.Entity.Core.Objects.ObjectContext.ExecuteInTransaction[T](Func`1 func, IDbExecutionStrategy executionStrategy, Boolean startLocalTransaction, Boolean releaseConnectionOnSuccess)
   在 System.Data.Entity.Core.Objects.ObjectQuery`1.<>c__DisplayClass7.<GetResults>b__5()
   在 System.Data.Entity.SqlServer.DefaultSqlExecutionStrategy.Execute[TResult](Func`1 operation)
   在 System.Data.Entity.Core.Objects.ObjectQuery`1.GetResults(Nullable`1 forMergeOption)
   在 System.Data.Entity.Core.Objects.ObjectQuery`1.<System.Collections.Generic.IEnumerable<T>.GetEnumerator>b__0()
   在 System.Data.Entity.Internal.LazyEnumerator`1.MoveNext()
   在 System.Collections.Generic.List`1..ctor(IEnumerable`1 collection)
   在 System.Linq.Enumerable.ToList[TSource](IEnumerable`1 source)
   在 WZK.Business.Admin.MobileModelMgt.GetIMobileModelListAll() 位置 E:\work\webSite\WZK\WZK.Business.Admin\MobileModelMgt.cs:行号 77
时间:2017-06-21 17:15:00.084 
级别:GetUser 
信息:WZK.Business.Admin.AdminUserMgt.GetUser  获取管理员数据Error：
System.Data.Entity.Core.EntityException: 基础提供程序在 Open 上失败。 ---> System.Data.SqlClient.SqlException: 用户 'sa' 登录失败。原因: 该帐户的密码已过期。
   在 System.Data.SqlClient.SqlInternalConnectionTds..ctor(DbConnectionPoolIdentity identity, SqlConnectionString connectionOptions, SqlCredential credential, Object providerInfo, String newPassword, SecureString newSecurePassword, Boolean redirectedUserInstance, SqlConnectionString userConnectionOptions, SessionData reconnectSessionData, DbConnectionPool pool, String accessToken, Boolean applyTransientFaultHandling)
   在 System.Data.SqlClient.SqlConnectionFactory.CreateConnection(DbConnectionOptions options, DbConnectionPoolKey poolKey, Object poolGroupProviderInfo, DbConnectionPool pool, DbConnection owningConnection, DbConnectionOptions userOptions)
   在 System.Data.ProviderBase.DbConnectionFactory.CreatePooledConnection(DbConnectionPool pool, DbConnection owningObject, DbConnectionOptions options, DbConnectionPoolKey poolKey, DbConnectionOptions userOptions)
   在 System.Data.ProviderBase.DbConnectionPool.CreateObject(DbConnection owningObject, DbConnectionOptions userOptions, DbConnectionInternal oldConnection)
   在 System.Data.ProviderBase.DbConnectionPool.UserCreateRequest(DbConnection owningObject, DbConnectionOptions userOptions, DbConnectionInternal oldConnection)
   在 System.Data.ProviderBase.DbConnectionPool.TryGetConnection(DbConnection owningObject, UInt32 waitForMultipleObjectsTimeout, Boolean allowCreate, Boolean onlyOneCheckConnection, DbConnectionOptions userOptions, DbConnectionInternal& connection)
   在 System.Data.ProviderBase.DbConnectionPool.TryGetConnection(DbConnection owningObject, TaskCompletionSource`1 retry, DbConnectionOptions userOptions, DbConnectionInternal& connection)
   在 System.Data.ProviderBase.DbConnectionFactory.TryGetConnection(DbConnection owningConnection, TaskCompletionSource`1 retry, DbConnectionOptions userOptions, DbConnectionInternal oldConnection, DbConnectionInternal& connection)
   在 System.Data.ProviderBase.DbConnectionInternal.TryOpenConnectionInternal(DbConnection outerConnection, DbConnectionFactory connectionFactory, TaskCompletionSource`1 retry, DbConnectionOptions userOptions)
   在 System.Data.SqlClient.SqlConnection.TryOpenInner(TaskCompletionSource`1 retry)
   在 System.Data.SqlClient.SqlConnection.TryOpen(TaskCompletionSource`1 retry)
   在 System.Data.SqlClient.SqlConnection.Open()
   在 System.Data.Entity.Infrastructure.Interception.InternalDispatcher`1.Dispatch[TTarget,TInterceptionContext](TTarget target, Action`2 operation, TInterceptionContext interceptionContext, Action`3 executing, Action`3 executed)
   在 System.Data.Entity.Infrastructure.Interception.DbConnectionDispatcher.Open(DbConnection connection, DbInterceptionContext interceptionContext)
   在 System.Data.Entity.SqlServer.DefaultSqlExecutionStrategy.<>c__DisplayClass1.<Execute>b__0()
   在 System.Data.Entity.SqlServer.DefaultSqlExecutionStrategy.Execute[TResult](Func`1 operation)
   在 System.Data.Entity.Core.EntityClient.EntityConnection.Open()
   --- 内部异常堆栈跟踪的结尾 ---
   在 System.Data.Entity.Core.EntityClient.EntityConnection.Open()
   在 System.Data.Entity.Core.Objects.ObjectContext.EnsureConnection(Boolean shouldMonitorTransactions)
   在 System.Data.Entity.Core.Objects.ObjectContext.ExecuteInTransaction[T](Func`1 func, IDbExecutionStrategy executionStrategy, Boolean startLocalTransaction, Boolean releaseConnectionOnSuccess)
   在 System.Data.Entity.Core.Objects.ObjectQuery`1.<>c__DisplayClass7.<GetResults>b__5()
   在 System.Data.Entity.SqlServer.DefaultSqlExecutionStrategy.Execute[TResult](Func`1 operation)
   在 System.Data.Entity.Core.Objects.ObjectQuery`1.GetResults(Nullable`1 forMergeOption)
   在 System.Data.Entity.Core.Objects.ObjectQuery`1.<System.Collections.Generic.IEnumerable<T>.GetEnumerator>b__0()
   在 System.Data.Entity.Internal.LazyEnumerator`1.MoveNext()
   在 System.Linq.Enumerable.FirstOrDefault[TSource](IEnumerable`1 source)
   在 WZK.Business.Admin.AdminUserMgt.GetUser(String name, String pwd) 位置 E:\work\webSite\WZK\WZK.Business.Admin\AdminUserMgt.cs:行号 36
时间:2017-06-21 17:16:23.670 
级别:GetUser 
信息:WZK.Business.Admin.AdminUserMgt.GetUser  获取管理员数据Error：
System.Data.Entity.Core.EntityException: 基础提供程序在 Open 上失败。 ---> System.Data.SqlClient.SqlException: 用户 'sa' 登录失败。原因: 该帐户的密码已过期。
   在 System.Data.SqlClient.SqlInternalConnectionTds..ctor(DbConnectionPoolIdentity identity, SqlConnectionString connectionOptions, SqlCredential credential, Object providerInfo, String newPassword, SecureString newSecurePassword, Boolean redirectedUserInstance, SqlConnectionString userConnectionOptions, SessionData reconnectSessionData, DbConnectionPool pool, String accessToken, Boolean applyTransientFaultHandling)
   在 System.Data.SqlClient.SqlConnectionFactory.CreateConnection(DbConnectionOptions options, DbConnectionPoolKey poolKey, Object poolGroupProviderInfo, DbConnectionPool pool, DbConnection owningConnection, DbConnectionOptions userOptions)
   在 System.Data.ProviderBase.DbConnectionFactory.CreatePooledConnection(DbConnectionPool pool, DbConnection owningObject, DbConnectionOptions options, DbConnectionPoolKey poolKey, DbConnectionOptions userOptions)
   在 System.Data.ProviderBase.DbConnectionPool.CreateObject(DbConnection owningObject, DbConnectionOptions userOptions, DbConnectionInternal oldConnection)
   在 System.Data.ProviderBase.DbConnectionPool.UserCreateRequest(DbConnection owningObject, DbConnectionOptions userOptions, DbConnectionInternal oldConnection)
   在 System.Data.ProviderBase.DbConnectionPool.TryGetConnection(DbConnection owningObject, UInt32 waitForMultipleObjectsTimeout, Boolean allowCreate, Boolean onlyOneCheckConnection, DbConnectionOptions userOptions, DbConnectionInternal& connection)
   在 System.Data.ProviderBase.DbConnectionPool.TryGetConnection(DbConnection owningObject, TaskCompletionSource`1 retry, DbConnectionOptions userOptions, DbConnectionInternal& connection)
   在 System.Data.ProviderBase.DbConnectionFactory.TryGetConnection(DbConnection owningConnection, TaskCompletionSource`1 retry, DbConnectionOptions userOptions, DbConnectionInternal oldConnection, DbConnectionInternal& connection)
   在 System.Data.ProviderBase.DbConnectionInternal.TryOpenConnectionInternal(DbConnection outerConnection, DbConnectionFactory connectionFactory, TaskCompletionSource`1 retry, DbConnectionOptions userOptions)
   在 System.Data.SqlClient.SqlConnection.TryOpenInner(TaskCompletionSource`1 retry)
   在 System.Data.SqlClient.SqlConnection.TryOpen(TaskCompletionSource`1 retry)
   在 System.Data.SqlClient.SqlConnection.Open()
   在 System.Data.Entity.Infrastructure.Interception.InternalDispatcher`1.Dispatch[TTarget,TInterceptionContext](TTarget target, Action`2 operation, TInterceptionContext interceptionContext, Action`3 executing, Action`3 executed)
   在 System.Data.Entity.Infrastructure.Interception.DbConnectionDispatcher.Open(DbConnection connection, DbInterceptionContext interceptionContext)
   在 System.Data.Entity.SqlServer.DefaultSqlExecutionStrategy.<>c__DisplayClass1.<Execute>b__0()
   在 System.Data.Entity.SqlServer.DefaultSqlExecutionStrategy.Execute[TResult](Func`1 operation)
   在 System.Data.Entity.Core.EntityClient.EntityConnection.Open()
   --- 内部异常堆栈跟踪的结尾 ---
   在 System.Data.Entity.Core.EntityClient.EntityConnection.Open()
   在 System.Data.Entity.Core.Objects.ObjectContext.EnsureConnection(Boolean shouldMonitorTransactions)
   在 System.Data.Entity.Core.Objects.ObjectContext.ExecuteInTransaction[T](Func`1 func, IDbExecutionStrategy executionStrategy, Boolean startLocalTransaction, Boolean releaseConnectionOnSuccess)
   在 System.Data.Entity.Core.Objects.ObjectQuery`1.<>c__DisplayClass7.<GetResults>b__5()
   在 System.Data.Entity.SqlServer.DefaultSqlExecutionStrategy.Execute[TResult](Func`1 operation)
   在 System.Data.Entity.Core.Objects.ObjectQuery`1.GetResults(Nullable`1 forMergeOption)
   在 System.Data.Entity.Core.Objects.ObjectQuery`1.<System.Collections.Generic.IEnumerable<T>.GetEnumerator>b__0()
   在 System.Data.Entity.Internal.LazyEnumerator`1.MoveNext()
   在 System.Linq.Enumerable.FirstOrDefault[TSource](IEnumerable`1 source)
   在 WZK.Business.Admin.AdminUserMgt.GetUser(String name, String pwd) 位置 E:\work\webSite\WZK\WZK.Business.Admin\AdminUserMgt.cs:行号 36
时间:2017-06-21 17:16:24.707 
级别:GetUser 
信息:WZK.Business.Admin.AdminUserMgt.GetUser  获取管理员数据Error：
System.Data.Entity.Core.EntityException: 基础提供程序在 Open 上失败。 ---> System.Data.SqlClient.SqlException: 用户 'sa' 登录失败。原因: 该帐户的密码已过期。
   在 System.Data.ProviderBase.DbConnectionPool.TryGetConnection(DbConnection owningObject, UInt32 waitForMultipleObjectsTimeout, Boolean allowCreate, Boolean onlyOneCheckConnection, DbConnectionOptions userOptions, DbConnectionInternal& connection)
   在 System.Data.ProviderBase.DbConnectionPool.TryGetConnection(DbConnection owningObject, TaskCompletionSource`1 retry, DbConnectionOptions userOptions, DbConnectionInternal& connection)
   在 System.Data.ProviderBase.DbConnectionFactory.TryGetConnection(DbConnection owningConnection, TaskCompletionSource`1 retry, DbConnectionOptions userOptions, DbConnectionInternal oldConnection, DbConnectionInternal& connection)
   在 System.Data.ProviderBase.DbConnectionInternal.TryOpenConnectionInternal(DbConnection outerConnection, DbConnectionFactory connectionFactory, TaskCompletionSource`1 retry, DbConnectionOptions userOptions)
   在 System.Data.SqlClient.SqlConnection.TryOpenInner(TaskCompletionSource`1 retry)
   在 System.Data.SqlClient.SqlConnection.TryOpen(TaskCompletionSource`1 retry)
   在 System.Data.SqlClient.SqlConnection.Open()
   在 System.Data.Entity.Infrastructure.Interception.InternalDispatcher`1.Dispatch[TTarget,TInterceptionContext](TTarget target, Action`2 operation, TInterceptionContext interceptionContext, Action`3 executing, Action`3 executed)
   在 System.Data.Entity.Infrastructure.Interception.DbConnectionDispatcher.Open(DbConnection connection, DbInterceptionContext interceptionContext)
   在 System.Data.Entity.SqlServer.DefaultSqlExecutionStrategy.<>c__DisplayClass1.<Execute>b__0()
   在 System.Data.Entity.SqlServer.DefaultSqlExecutionStrategy.Execute[TResult](Func`1 operation)
   在 System.Data.Entity.Core.EntityClient.EntityConnection.Open()
   --- 内部异常堆栈跟踪的结尾 ---
   在 System.Data.Entity.Core.EntityClient.EntityConnection.Open()
   在 System.Data.Entity.Core.Objects.ObjectContext.EnsureConnection(Boolean shouldMonitorTransactions)
   在 System.Data.Entity.Core.Objects.ObjectContext.ExecuteInTransaction[T](Func`1 func, IDbExecutionStrategy executionStrategy, Boolean startLocalTransaction, Boolean releaseConnectionOnSuccess)
   在 System.Data.Entity.Core.Objects.ObjectQuery`1.<>c__DisplayClass7.<GetResults>b__5()
   在 System.Data.Entity.SqlServer.DefaultSqlExecutionStrategy.Execute[TResult](Func`1 operation)
   在 System.Data.Entity.Core.Objects.ObjectQuery`1.GetResults(Nullable`1 forMergeOption)
   在 System.Data.Entity.Core.Objects.ObjectQuery`1.<System.Collections.Generic.IEnumerable<T>.GetEnumerator>b__0()
   在 System.Data.Entity.Internal.LazyEnumerator`1.MoveNext()
   在 System.Linq.Enumerable.FirstOrDefault[TSource](IEnumerable`1 source)
   在 WZK.Business.Admin.AdminUserMgt.GetUser(String name, String pwd) 位置 E:\work\webSite\WZK\WZK.Business.Admin\AdminUserMgt.cs:行号 36
时间:2017-06-21 17:16:24.955 
级别:GetUser 
信息:WZK.Business.Admin.AdminUserMgt.GetUser  获取管理员数据Error：
System.Data.Entity.Core.EntityException: 基础提供程序在 Open 上失败。 ---> System.Data.SqlClient.SqlException: 用户 'sa' 登录失败。原因: 该帐户的密码已过期。
   在 System.Data.ProviderBase.DbConnectionPool.TryGetConnection(DbConnection owningObject, UInt32 waitForMultipleObjectsTimeout, Boolean allowCreate, Boolean onlyOneCheckConnection, DbConnectionOptions userOptions, DbConnectionInternal& connection)
   在 System.Data.ProviderBase.DbConnectionPool.TryGetConnection(DbConnection owningObject, TaskCompletionSource`1 retry, DbConnectionOptions userOptions, DbConnectionInternal& connection)
   在 System.Data.ProviderBase.DbConnectionFactory.TryGetConnection(DbConnection owningConnection, TaskCompletionSource`1 retry, DbConnectionOptions userOptions, DbConnectionInternal oldConnection, DbConnectionInternal& connection)
   在 System.Data.ProviderBase.DbConnectionInternal.TryOpenConnectionInternal(DbConnection outerConnection, DbConnectionFactory connectionFactory, TaskCompletionSource`1 retry, DbConnectionOptions userOptions)
   在 System.Data.SqlClient.SqlConnection.TryOpenInner(TaskCompletionSource`1 retry)
   在 System.Data.SqlClient.SqlConnection.TryOpen(TaskCompletionSource`1 retry)
   在 System.Data.SqlClient.SqlConnection.Open()
   在 System.Data.Entity.Infrastructure.Interception.InternalDispatcher`1.Dispatch[TTarget,TInterceptionContext](TTarget target, Action`2 operation, TInterceptionContext interceptionContext, Action`3 executing, Action`3 executed)
   在 System.Data.Entity.Infrastructure.Interception.DbConnectionDispatcher.Open(DbConnection connection, DbInterceptionContext interceptionContext)
   在 System.Data.Entity.SqlServer.DefaultSqlExecutionStrategy.<>c__DisplayClass1.<Execute>b__0()
   在 System.Data.Entity.SqlServer.DefaultSqlExecutionStrategy.Execute[TResult](Func`1 operation)
   在 System.Data.Entity.Core.EntityClient.EntityConnection.Open()
   --- 内部异常堆栈跟踪的结尾 ---
   在 System.Data.Entity.Core.EntityClient.EntityConnection.Open()
   在 System.Data.Entity.Core.Objects.ObjectContext.EnsureConnection(Boolean shouldMonitorTransactions)
   在 System.Data.Entity.Core.Objects.ObjectContext.ExecuteInTransaction[T](Func`1 func, IDbExecutionStrategy executionStrategy, Boolean startLocalTransaction, Boolean releaseConnectionOnSuccess)
   在 System.Data.Entity.Core.Objects.ObjectQuery`1.<>c__DisplayClass7.<GetResults>b__5()
   在 System.Data.Entity.SqlServer.DefaultSqlExecutionStrategy.Execute[TResult](Func`1 operation)
   在 System.Data.Entity.Core.Objects.ObjectQuery`1.GetResults(Nullable`1 forMergeOption)
   在 System.Data.Entity.Core.Objects.ObjectQuery`1.<System.Collections.Generic.IEnumerable<T>.GetEnumerator>b__0()
   在 System.Data.Entity.Internal.LazyEnumerator`1.MoveNext()
   在 System.Linq.Enumerable.FirstOrDefault[TSource](IEnumerable`1 source)
   在 WZK.Business.Admin.AdminUserMgt.GetUser(String name, String pwd) 位置 E:\work\webSite\WZK\WZK.Business.Admin\AdminUserMgt.cs:行号 36
时间:2017-06-21 17:16:25.130 
级别:GetUser 
信息:WZK.Business.Admin.AdminUserMgt.GetUser  获取管理员数据Error：
System.Data.Entity.Core.EntityException: 基础提供程序在 Open 上失败。 ---> System.Data.SqlClient.SqlException: 用户 'sa' 登录失败。原因: 该帐户的密码已过期。
   在 System.Data.ProviderBase.DbConnectionPool.TryGetConnection(DbConnection owningObject, UInt32 waitForMultipleObjectsTimeout, Boolean allowCreate, Boolean onlyOneCheckConnection, DbConnectionOptions userOptions, DbConnectionInternal& connection)
   在 System.Data.ProviderBase.DbConnectionPool.TryGetConnection(DbConnection owningObject, TaskCompletionSource`1 retry, DbConnectionOptions userOptions, DbConnectionInternal& connection)
   在 System.Data.ProviderBase.DbConnectionFactory.TryGetConnection(DbConnection owningConnection, TaskCompletionSource`1 retry, DbConnectionOptions userOptions, DbConnectionInternal oldConnection, DbConnectionInternal& connection)
   在 System.Data.ProviderBase.DbConnectionInternal.TryOpenConnectionInternal(DbConnection outerConnection, DbConnectionFactory connectionFactory, TaskCompletionSource`1 retry, DbConnectionOptions userOptions)
   在 System.Data.SqlClient.SqlConnection.TryOpenInner(TaskCompletionSource`1 retry)
   在 System.Data.SqlClient.SqlConnection.TryOpen(TaskCompletionSource`1 retry)
   在 System.Data.SqlClient.SqlConnection.Open()
   在 System.Data.Entity.Infrastructure.Interception.InternalDispatcher`1.Dispatch[TTarget,TInterceptionContext](TTarget target, Action`2 operation, TInterceptionContext interceptionContext, Action`3 executing, Action`3 executed)
   在 System.Data.Entity.Infrastructure.Interception.DbConnectionDispatcher.Open(DbConnection connection, DbInterceptionContext interceptionContext)
   在 System.Data.Entity.SqlServer.DefaultSqlExecutionStrategy.<>c__DisplayClass1.<Execute>b__0()
   在 System.Data.Entity.SqlServer.DefaultSqlExecutionStrategy.Execute[TResult](Func`1 operation)
   在 System.Data.Entity.Core.EntityClient.EntityConnection.Open()
   --- 内部异常堆栈跟踪的结尾 ---
   在 System.Data.Entity.Core.EntityClient.EntityConnection.Open()
   在 System.Data.Entity.Core.Objects.ObjectContext.EnsureConnection(Boolean shouldMonitorTransactions)
   在 System.Data.Entity.Core.Objects.ObjectContext.ExecuteInTransaction[T](Func`1 func, IDbExecutionStrategy executionStrategy, Boolean startLocalTransaction, Boolean releaseConnectionOnSuccess)
   在 System.Data.Entity.Core.Objects.ObjectQuery`1.<>c__DisplayClass7.<GetResults>b__5()
   在 System.Data.Entity.SqlServer.DefaultSqlExecutionStrategy.Execute[TResult](Func`1 operation)
   在 System.Data.Entity.Core.Objects.ObjectQuery`1.GetResults(Nullable`1 forMergeOption)
   在 System.Data.Entity.Core.Objects.ObjectQuery`1.<System.Collections.Generic.IEnumerable<T>.GetEnumerator>b__0()
   在 System.Data.Entity.Internal.LazyEnumerator`1.MoveNext()
   在 System.Linq.Enumerable.FirstOrDefault[TSource](IEnumerable`1 source)
   在 WZK.Business.Admin.AdminUserMgt.GetUser(String name, String pwd) 位置 E:\work\webSite\WZK\WZK.Business.Admin\AdminUserMgt.cs:行号 36
时间:2017-06-21 17:16:25.307 
级别:GetUser 
信息:WZK.Business.Admin.AdminUserMgt.GetUser  获取管理员数据Error：
System.Data.Entity.Core.EntityException: 基础提供程序在 Open 上失败。 ---> System.Data.SqlClient.SqlException: 用户 'sa' 登录失败。原因: 该帐户的密码已过期。
   在 System.Data.ProviderBase.DbConnectionPool.TryGetConnection(DbConnection owningObject, UInt32 waitForMultipleObjectsTimeout, Boolean allowCreate, Boolean onlyOneCheckConnection, DbConnectionOptions userOptions, DbConnectionInternal& connection)
   在 System.Data.ProviderBase.DbConnectionPool.TryGetConnection(DbConnection owningObject, TaskCompletionSource`1 retry, DbConnectionOptions userOptions, DbConnectionInternal& connection)
   在 System.Data.ProviderBase.DbConnectionFactory.TryGetConnection(DbConnection owningConnection, TaskCompletionSource`1 retry, DbConnectionOptions userOptions, DbConnectionInternal oldConnection, DbConnectionInternal& connection)
   在 System.Data.ProviderBase.DbConnectionInternal.TryOpenConnectionInternal(DbConnection outerConnection, DbConnectionFactory connectionFactory, TaskCompletionSource`1 retry, DbConnectionOptions userOptions)
   在 System.Data.SqlClient.SqlConnection.TryOpenInner(TaskCompletionSource`1 retry)
   在 System.Data.SqlClient.SqlConnection.TryOpen(TaskCompletionSource`1 retry)
   在 System.Data.SqlClient.SqlConnection.Open()
   在 System.Data.Entity.Infrastructure.Interception.InternalDispatcher`1.Dispatch[TTarget,TInterceptionContext](TTarget target, Action`2 operation, TInterceptionContext interceptionContext, Action`3 executing, Action`3 executed)
   在 System.Data.Entity.Infrastructure.Interception.DbConnectionDispatcher.Open(DbConnection connection, DbInterceptionContext interceptionContext)
   在 System.Data.Entity.SqlServer.DefaultSqlExecutionStrategy.<>c__DisplayClass1.<Execute>b__0()
   在 System.Data.Entity.SqlServer.DefaultSqlExecutionStrategy.Execute[TResult](Func`1 operation)
   在 System.Data.Entity.Core.EntityClient.EntityConnection.Open()
   --- 内部异常堆栈跟踪的结尾 ---
   在 System.Data.Entity.Core.EntityClient.EntityConnection.Open()
   在 System.Data.Entity.Core.Objects.ObjectContext.EnsureConnection(Boolean shouldMonitorTransactions)
   在 System.Data.Entity.Core.Objects.ObjectContext.ExecuteInTransaction[T](Func`1 func, IDbExecutionStrategy executionStrategy, Boolean startLocalTransaction, Boolean releaseConnectionOnSuccess)
   在 System.Data.Entity.Core.Objects.ObjectQuery`1.<>c__DisplayClass7.<GetResults>b__5()
   在 System.Data.Entity.SqlServer.DefaultSqlExecutionStrategy.Execute[TResult](Func`1 operation)
   在 System.Data.Entity.Core.Objects.ObjectQuery`1.GetResults(Nullable`1 forMergeOption)
   在 System.Data.Entity.Core.Objects.ObjectQuery`1.<System.Collections.Generic.IEnumerable<T>.GetEnumerator>b__0()
   在 System.Data.Entity.Internal.LazyEnumerator`1.MoveNext()
   在 System.Linq.Enumerable.FirstOrDefault[TSource](IEnumerable`1 source)
   在 WZK.Business.Admin.AdminUserMgt.GetUser(String name, String pwd) 位置 E:\work\webSite\WZK\WZK.Business.Admin\AdminUserMgt.cs:行号 36
时间:2017-06-21 17:16:25.491 
级别:GetUser 
信息:WZK.Business.Admin.AdminUserMgt.GetUser  获取管理员数据Error：
System.Data.Entity.Core.EntityException: 基础提供程序在 Open 上失败。 ---> System.Data.SqlClient.SqlException: 用户 'sa' 登录失败。原因: 该帐户的密码已过期。
   在 System.Data.ProviderBase.DbConnectionPool.TryGetConnection(DbConnection owningObject, UInt32 waitForMultipleObjectsTimeout, Boolean allowCreate, Boolean onlyOneCheckConnection, DbConnectionOptions userOptions, DbConnectionInternal& connection)
   在 System.Data.ProviderBase.DbConnectionPool.TryGetConnection(DbConnection owningObject, TaskCompletionSource`1 retry, DbConnectionOptions userOptions, DbConnectionInternal& connection)
   在 System.Data.ProviderBase.DbConnectionFactory.TryGetConnection(DbConnection owningConnection, TaskCompletionSource`1 retry, DbConnectionOptions userOptions, DbConnectionInternal oldConnection, DbConnectionInternal& connection)
   在 System.Data.ProviderBase.DbConnectionInternal.TryOpenConnectionInternal(DbConnection outerConnection, DbConnectionFactory connectionFactory, TaskCompletionSource`1 retry, DbConnectionOptions userOptions)
   在 System.Data.SqlClient.SqlConnection.TryOpenInner(TaskCompletionSource`1 retry)
   在 System.Data.SqlClient.SqlConnection.TryOpen(TaskCompletionSource`1 retry)
   在 System.Data.SqlClient.SqlConnection.Open()
   在 System.Data.Entity.Infrastructure.Interception.InternalDispatcher`1.Dispatch[TTarget,TInterceptionContext](TTarget target, Action`2 operation, TInterceptionContext interceptionContext, Action`3 executing, Action`3 executed)
   在 System.Data.Entity.Infrastructure.Interception.DbConnectionDispatcher.Open(DbConnection connection, DbInterceptionContext interceptionContext)
   在 System.Data.Entity.SqlServer.DefaultSqlExecutionStrategy.<>c__DisplayClass1.<Execute>b__0()
   在 System.Data.Entity.SqlServer.DefaultSqlExecutionStrategy.Execute[TResult](Func`1 operation)
   在 System.Data.Entity.Core.EntityClient.EntityConnection.Open()
   --- 内部异常堆栈跟踪的结尾 ---
   在 System.Data.Entity.Core.EntityClient.EntityConnection.Open()
   在 System.Data.Entity.Core.Objects.ObjectContext.EnsureConnection(Boolean shouldMonitorTransactions)
   在 System.Data.Entity.Core.Objects.ObjectContext.ExecuteInTransaction[T](Func`1 func, IDbExecutionStrategy executionStrategy, Boolean startLocalTransaction, Boolean releaseConnectionOnSuccess)
   在 System.Data.Entity.Core.Objects.ObjectQuery`1.<>c__DisplayClass7.<GetResults>b__5()
   在 System.Data.Entity.SqlServer.DefaultSqlExecutionStrategy.Execute[TResult](Func`1 operation)
   在 System.Data.Entity.Core.Objects.ObjectQuery`1.GetResults(Nullable`1 forMergeOption)
   在 System.Data.Entity.Core.Objects.ObjectQuery`1.<System.Collections.Generic.IEnumerable<T>.GetEnumerator>b__0()
   在 System.Data.Entity.Internal.LazyEnumerator`1.MoveNext()
   在 System.Linq.Enumerable.FirstOrDefault[TSource](IEnumerable`1 source)
   在 WZK.Business.Admin.AdminUserMgt.GetUser(String name, String pwd) 位置 E:\work\webSite\WZK\WZK.Business.Admin\AdminUserMgt.cs:行号 36
时间:2017-06-21 17:16:25.651 
级别:GetUser 
信息:WZK.Business.Admin.AdminUserMgt.GetUser  获取管理员数据Error：
System.Data.Entity.Core.EntityException: 基础提供程序在 Open 上失败。 ---> System.Data.SqlClient.SqlException: 用户 'sa' 登录失败。原因: 该帐户的密码已过期。
   在 System.Data.ProviderBase.DbConnectionPool.TryGetConnection(DbConnection owningObject, UInt32 waitForMultipleObjectsTimeout, Boolean allowCreate, Boolean onlyOneCheckConnection, DbConnectionOptions userOptions, DbConnectionInternal& connection)
   在 System.Data.ProviderBase.DbConnectionPool.TryGetConnection(DbConnection owningObject, TaskCompletionSource`1 retry, DbConnectionOptions userOptions, DbConnectionInternal& connection)
   在 System.Data.ProviderBase.DbConnectionFactory.TryGetConnection(DbConnection owningConnection, TaskCompletionSource`1 retry, DbConnectionOptions userOptions, DbConnectionInternal oldConnection, DbConnectionInternal& connection)
   在 System.Data.ProviderBase.DbConnectionInternal.TryOpenConnectionInternal(DbConnection outerConnection, DbConnectionFactory connectionFactory, TaskCompletionSource`1 retry, DbConnectionOptions userOptions)
   在 System.Data.SqlClient.SqlConnection.TryOpenInner(TaskCompletionSource`1 retry)
   在 System.Data.SqlClient.SqlConnection.TryOpen(TaskCompletionSource`1 retry)
   在 System.Data.SqlClient.SqlConnection.Open()
   在 System.Data.Entity.Infrastructure.Interception.InternalDispatcher`1.Dispatch[TTarget,TInterceptionContext](TTarget target, Action`2 operation, TInterceptionContext interceptionContext, Action`3 executing, Action`3 executed)
   在 System.Data.Entity.Infrastructure.Interception.DbConnectionDispatcher.Open(DbConnection connection, DbInterceptionContext interceptionContext)
   在 System.Data.Entity.SqlServer.DefaultSqlExecutionStrategy.<>c__DisplayClass1.<Execute>b__0()
   在 System.Data.Entity.SqlServer.DefaultSqlExecutionStrategy.Execute[TResult](Func`1 operation)
   在 System.Data.Entity.Core.EntityClient.EntityConnection.Open()
   --- 内部异常堆栈跟踪的结尾 ---
   在 System.Data.Entity.Core.EntityClient.EntityConnection.Open()
   在 System.Data.Entity.Core.Objects.ObjectContext.EnsureConnection(Boolean shouldMonitorTransactions)
   在 System.Data.Entity.Core.Objects.ObjectContext.ExecuteInTransaction[T](Func`1 func, IDbExecutionStrategy executionStrategy, Boolean startLocalTransaction, Boolean releaseConnectionOnSuccess)
   在 System.Data.Entity.Core.Objects.ObjectQuery`1.<>c__DisplayClass7.<GetResults>b__5()
   在 System.Data.Entity.SqlServer.DefaultSqlExecutionStrategy.Execute[TResult](Func`1 operation)
   在 System.Data.Entity.Core.Objects.ObjectQuery`1.GetResults(Nullable`1 forMergeOption)
   在 System.Data.Entity.Core.Objects.ObjectQuery`1.<System.Collections.Generic.IEnumerable<T>.GetEnumerator>b__0()
   在 System.Data.Entity.Internal.LazyEnumerator`1.MoveNext()
   在 System.Linq.Enumerable.FirstOrDefault[TSource](IEnumerable`1 source)
   在 WZK.Business.Admin.AdminUserMgt.GetUser(String name, String pwd) 位置 E:\work\webSite\WZK\WZK.Business.Admin\AdminUserMgt.cs:行号 36
时间:2017-06-21 17:16:25.827 
级别:GetUser 
信息:WZK.Business.Admin.AdminUserMgt.GetUser  获取管理员数据Error：
System.Data.Entity.Core.EntityException: 基础提供程序在 Open 上失败。 ---> System.Data.SqlClient.SqlException: 用户 'sa' 登录失败。原因: 该帐户的密码已过期。
   在 System.Data.ProviderBase.DbConnectionPool.TryGetConnection(DbConnection owningObject, UInt32 waitForMultipleObjectsTimeout, Boolean allowCreate, Boolean onlyOneCheckConnection, DbConnectionOptions userOptions, DbConnectionInternal& connection)
   在 System.Data.ProviderBase.DbConnectionPool.TryGetConnection(DbConnection owningObject, TaskCompletionSource`1 retry, DbConnectionOptions userOptions, DbConnectionInternal& connection)
   在 System.Data.ProviderBase.DbConnectionFactory.TryGetConnection(DbConnection owningConnection, TaskCompletionSource`1 retry, DbConnectionOptions userOptions, DbConnectionInternal oldConnection, DbConnectionInternal& connection)
   在 System.Data.ProviderBase.DbConnectionInternal.TryOpenConnectionInternal(DbConnection outerConnection, DbConnectionFactory connectionFactory, TaskCompletionSource`1 retry, DbConnectionOptions userOptions)
   在 System.Data.SqlClient.SqlConnection.TryOpenInner(TaskCompletionSource`1 retry)
   在 System.Data.SqlClient.SqlConnection.TryOpen(TaskCompletionSource`1 retry)
   在 System.Data.SqlClient.SqlConnection.Open()
   在 System.Data.Entity.Infrastructure.Interception.InternalDispatcher`1.Dispatch[TTarget,TInterceptionContext](TTarget target, Action`2 operation, TInterceptionContext interceptionContext, Action`3 executing, Action`3 executed)
   在 System.Data.Entity.Infrastructure.Interception.DbConnectionDispatcher.Open(DbConnection connection, DbInterceptionContext interceptionContext)
   在 System.Data.Entity.SqlServer.DefaultSqlExecutionStrategy.<>c__DisplayClass1.<Execute>b__0()
   在 System.Data.Entity.SqlServer.DefaultSqlExecutionStrategy.Execute[TResult](Func`1 operation)
   在 System.Data.Entity.Core.EntityClient.EntityConnection.Open()
   --- 内部异常堆栈跟踪的结尾 ---
   在 System.Data.Entity.Core.EntityClient.EntityConnection.Open()
   在 System.Data.Entity.Core.Objects.ObjectContext.EnsureConnection(Boolean shouldMonitorTransactions)
   在 System.Data.Entity.Core.Objects.ObjectContext.ExecuteInTransaction[T](Func`1 func, IDbExecutionStrategy executionStrategy, Boolean startLocalTransaction, Boolean releaseConnectionOnSuccess)
   在 System.Data.Entity.Core.Objects.ObjectQuery`1.<>c__DisplayClass7.<GetResults>b__5()
   在 System.Data.Entity.SqlServer.DefaultSqlExecutionStrategy.Execute[TResult](Func`1 operation)
   在 System.Data.Entity.Core.Objects.ObjectQuery`1.GetResults(Nullable`1 forMergeOption)
   在 System.Data.Entity.Core.Objects.ObjectQuery`1.<System.Collections.Generic.IEnumerable<T>.GetEnumerator>b__0()
   在 System.Data.Entity.Internal.LazyEnumerator`1.MoveNext()
   在 System.Linq.Enumerable.FirstOrDefault[TSource](IEnumerable`1 source)
   在 WZK.Business.Admin.AdminUserMgt.GetUser(String name, String pwd) 位置 E:\work\webSite\WZK\WZK.Business.Admin\AdminUserMgt.cs:行号 36
时间:2017-06-21 17:16:26.002 
级别:GetUser 
信息:WZK.Business.Admin.AdminUserMgt.GetUser  获取管理员数据Error：
System.Data.Entity.Core.EntityException: 基础提供程序在 Open 上失败。 ---> System.Data.SqlClient.SqlException: 用户 'sa' 登录失败。原因: 该帐户的密码已过期。
   在 System.Data.ProviderBase.DbConnectionPool.TryGetConnection(DbConnection owningObject, UInt32 waitForMultipleObjectsTimeout, Boolean allowCreate, Boolean onlyOneCheckConnection, DbConnectionOptions userOptions, DbConnectionInternal& connection)
   在 System.Data.ProviderBase.DbConnectionPool.TryGetConnection(DbConnection owningObject, TaskCompletionSource`1 retry, DbConnectionOptions userOptions, DbConnectionInternal& connection)
   在 System.Data.ProviderBase.DbConnectionFactory.TryGetConnection(DbConnection owningConnection, TaskCompletionSource`1 retry, DbConnectionOptions userOptions, DbConnectionInternal oldConnection, DbConnectionInternal& connection)
   在 System.Data.ProviderBase.DbConnectionInternal.TryOpenConnectionInternal(DbConnection outerConnection, DbConnectionFactory connectionFactory, TaskCompletionSource`1 retry, DbConnectionOptions userOptions)
   在 System.Data.SqlClient.SqlConnection.TryOpenInner(TaskCompletionSource`1 retry)
   在 System.Data.SqlClient.SqlConnection.TryOpen(TaskCompletionSource`1 retry)
   在 System.Data.SqlClient.SqlConnection.Open()
   在 System.Data.Entity.Infrastructure.Interception.InternalDispatcher`1.Dispatch[TTarget,TInterceptionContext](TTarget target, Action`2 operation, TInterceptionContext interceptionContext, Action`3 executing, Action`3 executed)
   在 System.Data.Entity.Infrastructure.Interception.DbConnectionDispatcher.Open(DbConnection connection, DbInterceptionContext interceptionContext)
   在 System.Data.Entity.SqlServer.DefaultSqlExecutionStrategy.<>c__DisplayClass1.<Execute>b__0()
   在 System.Data.Entity.SqlServer.DefaultSqlExecutionStrategy.Execute[TResult](Func`1 operation)
   在 System.Data.Entity.Core.EntityClient.EntityConnection.Open()
   --- 内部异常堆栈跟踪的结尾 ---
   在 System.Data.Entity.Core.EntityClient.EntityConnection.Open()
   在 System.Data.Entity.Core.Objects.ObjectContext.EnsureConnection(Boolean shouldMonitorTransactions)
   在 System.Data.Entity.Core.Objects.ObjectContext.ExecuteInTransaction[T](Func`1 func, IDbExecutionStrategy executionStrategy, Boolean startLocalTransaction, Boolean releaseConnectionOnSuccess)
   在 System.Data.Entity.Core.Objects.ObjectQuery`1.<>c__DisplayClass7.<GetResults>b__5()
   在 System.Data.Entity.SqlServer.DefaultSqlExecutionStrategy.Execute[TResult](Func`1 operation)
   在 System.Data.Entity.Core.Objects.ObjectQuery`1.GetResults(Nullable`1 forMergeOption)
   在 System.Data.Entity.Core.Objects.ObjectQuery`1.<System.Collections.Generic.IEnumerable<T>.GetEnumerator>b__0()
   在 System.Data.Entity.Internal.LazyEnumerator`1.MoveNext()
   在 System.Linq.Enumerable.FirstOrDefault[TSource](IEnumerable`1 source)
   在 WZK.Business.Admin.AdminUserMgt.GetUser(String name, String pwd) 位置 E:\work\webSite\WZK\WZK.Business.Admin\AdminUserMgt.cs:行号 36
时间:2017-06-21 17:16:26.188 
级别:GetUser 
信息:WZK.Business.Admin.AdminUserMgt.GetUser  获取管理员数据Error：
System.Data.Entity.Core.EntityException: 基础提供程序在 Open 上失败。 ---> System.Data.SqlClient.SqlException: 用户 'sa' 登录失败。原因: 该帐户的密码已过期。
   在 System.Data.ProviderBase.DbConnectionPool.TryGetConnection(DbConnection owningObject, UInt32 waitForMultipleObjectsTimeout, Boolean allowCreate, Boolean onlyOneCheckConnection, DbConnectionOptions userOptions, DbConnectionInternal& connection)
   在 System.Data.ProviderBase.DbConnectionPool.TryGetConnection(DbConnection owningObject, TaskCompletionSource`1 retry, DbConnectionOptions userOptions, DbConnectionInternal& connection)
   在 System.Data.ProviderBase.DbConnectionFactory.TryGetConnection(DbConnection owningConnection, TaskCompletionSource`1 retry, DbConnectionOptions userOptions, DbConnectionInternal oldConnection, DbConnectionInternal& connection)
   在 System.Data.ProviderBase.DbConnectionInternal.TryOpenConnectionInternal(DbConnection outerConnection, DbConnectionFactory connectionFactory, TaskCompletionSource`1 retry, DbConnectionOptions userOptions)
   在 System.Data.SqlClient.SqlConnection.TryOpenInner(TaskCompletionSource`1 retry)
   在 System.Data.SqlClient.SqlConnection.TryOpen(TaskCompletionSource`1 retry)
   在 System.Data.SqlClient.SqlConnection.Open()
   在 System.Data.Entity.Infrastructure.Interception.InternalDispatcher`1.Dispatch[TTarget,TInterceptionContext](TTarget target, Action`2 operation, TInterceptionContext interceptionContext, Action`3 executing, Action`3 executed)
   在 System.Data.Entity.Infrastructure.Interception.DbConnectionDispatcher.Open(DbConnection connection, DbInterceptionContext interceptionContext)
   在 System.Data.Entity.SqlServer.DefaultSqlExecutionStrategy.<>c__DisplayClass1.<Execute>b__0()
   在 System.Data.Entity.SqlServer.DefaultSqlExecutionStrategy.Execute[TResult](Func`1 operation)
   在 System.Data.Entity.Core.EntityClient.EntityConnection.Open()
   --- 内部异常堆栈跟踪的结尾 ---
   在 System.Data.Entity.Core.EntityClient.EntityConnection.Open()
   在 System.Data.Entity.Core.Objects.ObjectContext.EnsureConnection(Boolean shouldMonitorTransactions)
   在 System.Data.Entity.Core.Objects.ObjectContext.ExecuteInTransaction[T](Func`1 func, IDbExecutionStrategy executionStrategy, Boolean startLocalTransaction, Boolean releaseConnectionOnSuccess)
   在 System.Data.Entity.Core.Objects.ObjectQuery`1.<>c__DisplayClass7.<GetResults>b__5()
   在 System.Data.Entity.SqlServer.DefaultSqlExecutionStrategy.Execute[TResult](Func`1 operation)
   在 System.Data.Entity.Core.Objects.ObjectQuery`1.GetResults(Nullable`1 forMergeOption)
   在 System.Data.Entity.Core.Objects.ObjectQuery`1.<System.Collections.Generic.IEnumerable<T>.GetEnumerator>b__0()
   在 System.Data.Entity.Internal.LazyEnumerator`1.MoveNext()
   在 System.Linq.Enumerable.FirstOrDefault[TSource](IEnumerable`1 source)
   在 WZK.Business.Admin.AdminUserMgt.GetUser(String name, String pwd) 位置 E:\work\webSite\WZK\WZK.Business.Admin\AdminUserMgt.cs:行号 36
时间:2017-06-21 17:16:26.348 
级别:GetUser 
信息:WZK.Business.Admin.AdminUserMgt.GetUser  获取管理员数据Error：
System.Data.Entity.Core.EntityException: 基础提供程序在 Open 上失败。 ---> System.Data.SqlClient.SqlException: 用户 'sa' 登录失败。原因: 该帐户的密码已过期。
   在 System.Data.ProviderBase.DbConnectionPool.TryGetConnection(DbConnection owningObject, UInt32 waitForMultipleObjectsTimeout, Boolean allowCreate, Boolean onlyOneCheckConnection, DbConnectionOptions userOptions, DbConnectionInternal& connection)
   在 System.Data.ProviderBase.DbConnectionPool.TryGetConnection(DbConnection owningObject, TaskCompletionSource`1 retry, DbConnectionOptions userOptions, DbConnectionInternal& connection)
   在 System.Data.ProviderBase.DbConnectionFactory.TryGetConnection(DbConnection owningConnection, TaskCompletionSource`1 retry, DbConnectionOptions userOptions, DbConnectionInternal oldConnection, DbConnectionInternal& connection)
   在 System.Data.ProviderBase.DbConnectionInternal.TryOpenConnectionInternal(DbConnection outerConnection, DbConnectionFactory connectionFactory, TaskCompletionSource`1 retry, DbConnectionOptions userOptions)
   在 System.Data.SqlClient.SqlConnection.TryOpenInner(TaskCompletionSource`1 retry)
   在 System.Data.SqlClient.SqlConnection.TryOpen(TaskCompletionSource`1 retry)
   在 System.Data.SqlClient.SqlConnection.Open()
   在 System.Data.Entity.Infrastructure.Interception.InternalDispatcher`1.Dispatch[TTarget,TInterceptionContext](TTarget target, Action`2 operation, TInterceptionContext interceptionContext, Action`3 executing, Action`3 executed)
   在 System.Data.Entity.Infrastructure.Interception.DbConnectionDispatcher.Open(DbConnection connection, DbInterceptionContext interceptionContext)
   在 System.Data.Entity.SqlServer.DefaultSqlExecutionStrategy.<>c__DisplayClass1.<Execute>b__0()
   在 System.Data.Entity.SqlServer.DefaultSqlExecutionStrategy.Execute[TResult](Func`1 operation)
   在 System.Data.Entity.Core.EntityClient.EntityConnection.Open()
   --- 内部异常堆栈跟踪的结尾 ---
   在 System.Data.Entity.Core.EntityClient.EntityConnection.Open()
   在 System.Data.Entity.Core.Objects.ObjectContext.EnsureConnection(Boolean shouldMonitorTransactions)
   在 System.Data.Entity.Core.Objects.ObjectContext.ExecuteInTransaction[T](Func`1 func, IDbExecutionStrategy executionStrategy, Boolean startLocalTransaction, Boolean releaseConnectionOnSuccess)
   在 System.Data.Entity.Core.Objects.ObjectQuery`1.<>c__DisplayClass7.<GetResults>b__5()
   在 System.Data.Entity.SqlServer.DefaultSqlExecutionStrategy.Execute[TResult](Func`1 operation)
   在 System.Data.Entity.Core.Objects.ObjectQuery`1.GetResults(Nullable`1 forMergeOption)
   在 System.Data.Entity.Core.Objects.ObjectQuery`1.<System.Collections.Generic.IEnumerable<T>.GetEnumerator>b__0()
   在 System.Data.Entity.Internal.LazyEnumerator`1.MoveNext()
   在 System.Linq.Enumerable.FirstOrDefault[TSource](IEnumerable`1 source)
   在 WZK.Business.Admin.AdminUserMgt.GetUser(String name, String pwd) 位置 E:\work\webSite\WZK\WZK.Business.Admin\AdminUserMgt.cs:行号 36
时间:2017-06-21 17:19:44.572 
级别:.ctor 
信息:DefaultConnectionLimit:2147483647
时间:2017-06-21 17:19:44.710 
级别:httpPost 
信息:GETREQUESTSTREAM:51,RESPONSE: 124ms, {"result":"ok","osList":["http://sdk.open.api.igexin.com/apiex.htm","http://sdk.open.api.getui.net/apiex.htm","http://sdk.open.api.gepush.com/apiex.htm"]}
时间:2017-06-21 17:19:45.014 
级别:pushMessageToSingle 
信息:--------pushMessageToSingle------------
时间:2017-06-21 17:19:45.157 
级别:httpPost 
信息:GETREQUESTSTREAM:45,RESPONSE: 115ms, {"result":"ok","taskId":"OSS-0621_c25b78f4830e48e222d87fa672f919e4","status":"successed_online"}
时间:2017-06-21 17:19:45.159 
级别:PushMessageToSingle 
信息:{"result":"ok","taskId":"OSS-0621_c25b78f4830e48e222d87fa672f919e4","status":"successed_online"}
时间:2017-06-21 17:21:00.313 
级别:.ctor 
信息:DefaultConnectionLimit:2147483647
时间:2017-06-21 17:21:00.407 
级别:pushMessageToSingle 
信息:--------pushMessageToSingle------------
时间:2017-06-21 17:21:00.512 
级别:httpPost 
信息:GETREQUESTSTREAM:33,RESPONSE: 105ms, {"result":"ok","taskId":"OSS-0621_0e20f821e19afcabcd40fc7247fffb2b","status":"successed_online"}
时间:2017-06-21 17:21:00.513 
级别:PushMessageToSingle 
信息:{"result":"ok","taskId":"OSS-0621_0e20f821e19afcabcd40fc7247fffb2b","status":"successed_online"}
时间:2017-06-21 18:40:01.460 
级别:PushMessageToSingle 
信息:{"result":"ok","taskId":"OSS-0621_da5e7a11a65d54ef58e7c7f009738eba","status":"successed_online"}
