时间:2017-06-30 10:08:47.882 
级别:PushMessageToSingle 
信息:{"result":"ok","taskId":"OSS-0630_87fca2a2ffc956db6275230aad601c1c","status":"successed_online"}
时间:2017-06-30 10:09:01.346 
级别:.ctor 
信息:DefaultConnectionLimit:2147483647
时间:2017-06-30 10:09:01.407 
级别:pushMessageToSingle 
信息:--------pushMessageToSingle------------
时间:2017-06-30 10:09:01.504 
级别:httpPost 
信息:GETREQUESTSTREAM:30,RESPONSE: 97ms, {"result":"ok","taskId":"OSS-0630_64d006739dd98f1ca4040d71a86bb500","status":"successed_online"}
时间:2017-06-30 10:09:01.506 
级别:PushMessageToSingle 
信息:{"result":"ok","taskId":"OSS-0630_64d006739dd98f1ca4040d71a86bb500","status":"successed_online"}
时间:2017-06-30 10:36:22.855 
级别:PushMessageToSingle 
信息:{"result":"ok","taskId":"OSS-0630_4d77150ce75dbe66672cc5d9ce764312","status":"successed_online"}
时间:2017-06-30 10:36:31.255 
级别:.ctor 
信息:DefaultConnectionLimit:2147483647
时间:2017-06-30 10:36:31.319 
级别:pushMessageToSingle 
信息:--------pushMessageToSingle------------
时间:2017-06-30 10:36:31.429 
级别:httpPost 
信息:GETREQUESTSTREAM:36,RESPONSE: 110ms, {"result":"ok","taskId":"OSS-0630_d5e3c184bd48142192c4ae493f3d8a51","status":"successed_online"}
时间:2017-06-30 10:36:31.431 
级别:PushMessageToSingle 
信息:{"result":"ok","taskId":"OSS-0630_d5e3c184bd48142192c4ae493f3d8a51","status":"successed_online"}
时间:2017-06-30 11:18:55.927 
级别:.ctor 
信息:DefaultConnectionLimit:2147483647
时间:2017-06-30 11:18:56.030 
级别:pushMessageToSingle 
信息:--------pushMessageToSingle------------
时间:2017-06-30 11:18:56.220 
级别:httpPost 
信息:GETREQUESTSTREAM:67,RESPONSE: 185ms, {"result":"ok","taskId":"OSS-0630_ffd7dfdf975ea0927711dd6477b411f9","status":"successed_online"}
时间:2017-06-30 11:18:56.221 
级别:PushMessageToSingle 
信息:{"result":"ok","taskId":"OSS-0630_ffd7dfdf975ea0927711dd6477b411f9","status":"successed_online"}
时间:2017-06-30 11:19:05.272 
级别:.ctor 
信息:DefaultConnectionLimit:2147483647
时间:2017-06-30 11:19:05.343 
级别:pushMessageToSingle 
信息:--------pushMessageToSingle------------
时间:2017-06-30 11:19:05.451 
级别:httpPost 
信息:GETREQUESTSTREAM:27,RESPONSE: 108ms, {"result":"ok","taskId":"OSS-0630_d024b5fda2e5a4a5e4ecdecbfee584d5","status":"successed_online"}
时间:2017-06-30 11:19:05.452 
级别:PushMessageToSingle 
信息:{"result":"ok","taskId":"OSS-0630_d024b5fda2e5a4a5e4ecdecbfee584d5","status":"successed_online"}
时间:2017-06-30 11:29:50.346 
级别:.ctor 
信息:DefaultConnectionLimit:2147483647
时间:2017-06-30 11:29:50.407 
级别:pushMessageToSingle 
信息:--------pushMessageToSingle------------
时间:2017-06-30 11:29:50.520 
级别:httpPost 
信息:GETREQUESTSTREAM:36,RESPONSE: 112ms, {"result":"ok","taskId":"OSS-0630_ce31f533aa175566214ddffa6fad366e","status":"successed_online"}
时间:2017-06-30 11:29:50.521 
级别:PushMessageToSingle 
信息:{"result":"ok","taskId":"OSS-0630_ce31f533aa175566214ddffa6fad366e","status":"successed_online"}
时间:2017-06-30 11:29:57.676 
级别:.ctor 
信息:DefaultConnectionLimit:2147483647
时间:2017-06-30 11:29:57.747 
级别:pushMessageToSingle 
信息:--------pushMessageToSingle------------
时间:2017-06-30 11:29:57.851 
级别:httpPost 
信息:GETREQUESTSTREAM:34,RESPONSE: 102ms, {"result":"ok","taskId":"OSS-0630_655e5bfa9de9ac8e4f6c6b898d1bc826","status":"successed_online"}
时间:2017-06-30 11:29:57.851 
级别:PushMessageToSingle 
信息:{"result":"ok","taskId":"OSS-0630_655e5bfa9de9ac8e4f6c6b898d1bc826","status":"successed_online"}
时间:2017-06-30 11:30:40.375 
级别:.ctor 
信息:DefaultConnectionLimit:2147483647
时间:2017-06-30 11:30:40.437 
级别:pushMessageToSingle 
信息:--------pushMessageToSingle------------
时间:2017-06-30 11:30:40.535 
级别:httpPost 
信息:GETREQUESTSTREAM:31,RESPONSE: 96ms, {"result":"ok","taskId":"OSS-0630_252fc42d786ddd8104abc05eb112d130","status":"successed_online"}
时间:2017-06-30 11:30:40.536 
级别:PushMessageToSingle 
信息:{"result":"ok","taskId":"OSS-0630_252fc42d786ddd8104abc05eb112d130","status":"successed_online"}
时间:2017-06-30 11:31:45.740 
级别:.ctor 
信息:DefaultConnectionLimit:2147483647
时间:2017-06-30 11:31:45.811 
级别:pushMessageToSingle 
信息:--------pushMessageToSingle------------
时间:2017-06-30 11:31:45.907 
级别:httpPost 
信息:GETREQUESTSTREAM:31,RESPONSE: 94ms, {"result":"ok","taskId":"OSS-0630_2e0b9f1addd2331554a80850b1c8ade5","status":"successed_online"}
时间:2017-06-30 11:31:45.908 
级别:PushMessageToSingle 
信息:{"result":"ok","taskId":"OSS-0630_2e0b9f1addd2331554a80850b1c8ade5","status":"successed_online"}
时间:2017-06-30 11:36:00.609 
级别:.ctor 
信息:DefaultConnectionLimit:2147483647
时间:2017-06-30 11:36:00.675 
级别:pushMessageToSingle 
信息:--------pushMessageToSingle------------
时间:2017-06-30 11:36:00.786 
级别:httpPost 
信息:GETREQUESTSTREAM:36,RESPONSE: 110ms, {"result":"ok","taskId":"OSS-0630_920ea648308a9248de2ef333b6e8a2ea","status":"successed_online"}
时间:2017-06-30 11:36:00.787 
级别:PushMessageToSingle 
信息:{"result":"ok","taskId":"OSS-0630_920ea648308a9248de2ef333b6e8a2ea","status":"successed_online"}
时间:2017-06-30 11:59:57.703 
级别:.ctor 
信息:DefaultConnectionLimit:2147483647
时间:2017-06-30 11:59:57.774 
级别:pushMessageToSingle 
信息:--------pushMessageToSingle------------
时间:2017-06-30 11:59:57.875 
级别:httpPost 
信息:GETREQUESTSTREAM:34,RESPONSE: 101ms, {"result":"ok","taskId":"OSS-0630_62a218e078731b9f937715d550010f3e","status":"successed_online"}
时间:2017-06-30 11:59:57.876 
级别:PushMessageToSingle 
信息:{"result":"ok","taskId":"OSS-0630_62a218e078731b9f937715d550010f3e","status":"successed_online"}
时间:2017-06-30 12:00:07.570 
级别:.ctor 
信息:DefaultConnectionLimit:2147483647
时间:2017-06-30 12:00:07.645 
级别:pushMessageToSingle 
信息:--------pushMessageToSingle------------
时间:2017-06-30 12:00:07.740 
级别:httpPost 
信息:GETREQUESTSTREAM:30,RESPONSE: 95ms, {"result":"ok","taskId":"OSS-0630_5d74af1d2bc965d0aca1e64370894894","status":"successed_online"}
时间:2017-06-30 12:00:07.740 
级别:PushMessageToSingle 
信息:{"result":"ok","taskId":"OSS-0630_5d74af1d2bc965d0aca1e64370894894","status":"successed_online"}
时间:2017-06-30 14:27:35.276 
级别:PushMessageToSingle 
信息:{"result":"ok","taskId":"OSS-0630_e9453c150416a42bbbd50c2e470b1423","status":"successed_online"}
时间:2017-06-30 15:51:46.360 
级别:PushMessageToSingle 
信息:{"result":"ok","taskId":"OSS-0630_2b38b943f78bc3f0af34f6cc4e4eaa94","status":"successed_online"}
时间:2017-06-30 15:51:58.078 
级别:.ctor 
信息:DefaultConnectionLimit:2147483647
时间:2017-06-30 15:51:58.146 
级别:pushMessageToSingle 
信息:--------pushMessageToSingle------------
时间:2017-06-30 15:51:58.252 
级别:httpPost 
信息:GETREQUESTSTREAM:35,RESPONSE: 105ms, {"result":"ok","taskId":"OSS-0630_39ecf5613f5d7f729f402e9debf2a4a7","status":"successed_online"}
时间:2017-06-30 15:51:58.253 
级别:PushMessageToSingle 
信息:{"result":"ok","taskId":"OSS-0630_39ecf5613f5d7f729f402e9debf2a4a7","status":"successed_online"}
时间:2017-06-30 16:30:40.605 
级别:.ctor 
信息:DefaultConnectionLimit:2147483647
时间:2017-06-30 16:30:40.678 
级别:pushMessageToSingle 
信息:--------pushMessageToSingle------------
时间:2017-06-30 16:30:40.792 
级别:httpPost 
信息:GETREQUESTSTREAM:40,RESPONSE: 113ms, {"result":"ok","taskId":"OSS-0630_de876ef5fdd41f2a7955b7f6b6312847","status":"successed_online"}
时间:2017-06-30 16:30:40.794 
级别:PushMessageToSingle 
信息:{"result":"ok","taskId":"OSS-0630_de876ef5fdd41f2a7955b7f6b6312847","status":"successed_online"}
时间:2017-06-30 16:30:57.512 
级别:.ctor 
信息:DefaultConnectionLimit:2147483647
时间:2017-06-30 16:30:57.588 
级别:pushMessageToSingle 
信息:--------pushMessageToSingle------------
时间:2017-06-30 16:30:57.701 
级别:httpPost 
信息:GETREQUESTSTREAM:34,RESPONSE: 113ms, {"result":"ok","taskId":"OSS-0630_18ce889f26ea5c715cf909b7cbcb2dc1","status":"successed_online"}
时间:2017-06-30 16:30:57.702 
级别:PushMessageToSingle 
信息:{"result":"ok","taskId":"OSS-0630_18ce889f26ea5c715cf909b7cbcb2dc1","status":"successed_online"}
时间:2017-06-30 16:44:51.542 
级别:.ctor 
信息:DefaultConnectionLimit:2147483647
时间:2017-06-30 16:44:51.612 
级别:pushMessageToSingle 
信息:--------pushMessageToSingle------------
时间:2017-06-30 16:44:51.716 
级别:httpPost 
信息:GETREQUESTSTREAM:36,RESPONSE: 102ms, {"result":"ok","taskId":"OSS-0630_ee426f6cda7748aae07339f056304e48","status":"successed_online"}
时间:2017-06-30 16:44:51.717 
级别:PushMessageToSingle 
信息:{"result":"ok","taskId":"OSS-0630_ee426f6cda7748aae07339f056304e48","status":"successed_online"}
时间:2017-06-30 16:45:00.859 
级别:.ctor 
信息:DefaultConnectionLimit:2147483647
时间:2017-06-30 16:45:00.928 
级别:pushMessageToSingle 
信息:--------pushMessageToSingle------------
时间:2017-06-30 16:45:01.091 
级别:httpPost 
信息:GETREQUESTSTREAM:32,RESPONSE: 161ms, {"result":"ok","taskId":"OSS-0630_6ebb9062035ffc3047d59c56b46b4677","status":"successed_online"}
时间:2017-06-30 16:45:01.093 
级别:PushMessageToSingle 
信息:{"result":"ok","taskId":"OSS-0630_6ebb9062035ffc3047d59c56b46b4677","status":"successed_online"}
时间:2017-06-30 16:52:04.970 
级别:.ctor 
信息:DefaultConnectionLimit:2147483647
时间:2017-06-30 16:52:05.037 
级别:pushMessageToSingle 
信息:--------pushMessageToSingle------------
时间:2017-06-30 16:52:05.135 
级别:httpPost 
信息:GETREQUESTSTREAM:33,RESPONSE: 98ms, {"result":"ok","taskId":"OSS-0630_1e929edc8e75f0b9e1813c1a65d12680","status":"successed_online"}
时间:2017-06-30 16:52:05.136 
级别:PushMessageToSingle 
信息:{"result":"ok","taskId":"OSS-0630_1e929edc8e75f0b9e1813c1a65d12680","status":"successed_online"}
时间:2017-06-30 16:52:13.022 
级别:.ctor 
信息:DefaultConnectionLimit:2147483647
时间:2017-06-30 16:52:13.094 
级别:pushMessageToSingle 
信息:--------pushMessageToSingle------------
时间:2017-06-30 16:52:13.182 
级别:httpPost 
信息:GETREQUESTSTREAM:29,RESPONSE: 88ms, {"result":"ok","taskId":"OSS-0630_8e4213da868def67ee0afe83ac960dab","status":"successed_online"}
时间:2017-06-30 16:52:13.183 
级别:PushMessageToSingle 
信息:{"result":"ok","taskId":"OSS-0630_8e4213da868def67ee0afe83ac960dab","status":"successed_online"}
时间:2017-06-30 16:53:02.363 
级别:.ctor 
信息:DefaultConnectionLimit:2147483647
时间:2017-06-30 16:53:02.427 
级别:pushMessageToSingle 
信息:--------pushMessageToSingle------------
时间:2017-06-30 16:53:02.510 
级别:httpPost 
信息:GETREQUESTSTREAM:28,RESPONSE: 83ms, {"result":"ok","taskId":"OSS-0630_948afaf0683c587ac238a86d3d88ce9b","status":"successed_online"}
时间:2017-06-30 16:53:02.510 
级别:PushMessageToSingle 
信息:{"result":"ok","taskId":"OSS-0630_948afaf0683c587ac238a86d3d88ce9b","status":"successed_online"}
时间:2017-06-30 16:53:10.168 
级别:.ctor 
信息:DefaultConnectionLimit:2147483647
时间:2017-06-30 16:53:10.272 
级别:pushMessageToSingle 
信息:--------pushMessageToSingle------------
时间:2017-06-30 16:53:10.363 
级别:httpPost 
信息:GETREQUESTSTREAM:30,RESPONSE: 89ms, {"result":"ok","taskId":"OSS-0630_b78c56fc0159b492ed541fe7630ae379","status":"successed_online"}
时间:2017-06-30 16:53:10.365 
级别:PushMessageToSingle 
信息:{"result":"ok","taskId":"OSS-0630_b78c56fc0159b492ed541fe7630ae379","status":"successed_online"}
时间:2017-06-30 16:53:36.535 
级别:.ctor 
信息:DefaultConnectionLimit:2147483647
时间:2017-06-30 16:53:36.608 
级别:pushMessageToSingle 
信息:--------pushMessageToSingle------------
时间:2017-06-30 16:53:36.717 
级别:httpPost 
信息:GETREQUESTSTREAM:36,RESPONSE: 108ms, {"result":"ok","taskId":"OSS-0630_2520012e7c85bb226e07ee2edf68baba","status":"successed_online"}
时间:2017-06-30 16:53:36.718 
级别:PushMessageToSingle 
信息:{"result":"ok","taskId":"OSS-0630_2520012e7c85bb226e07ee2edf68baba","status":"successed_online"}
时间:2017-06-30 16:53:55.730 
级别:.ctor 
信息:DefaultConnectionLimit:2147483647
时间:2017-06-30 16:53:55.788 
级别:pushMessageToSingle 
信息:--------pushMessageToSingle------------
时间:2017-06-30 16:53:55.890 
级别:httpPost 
信息:GETREQUESTSTREAM:32,RESPONSE: 100ms, {"result":"ok","taskId":"OSS-0630_efc7a42d30703857a42ef27b0881c985","status":"successed_online"}
时间:2017-06-30 16:53:55.891 
级别:PushMessageToSingle 
信息:{"result":"ok","taskId":"OSS-0630_efc7a42d30703857a42ef27b0881c985","status":"successed_online"}
时间:2017-06-30 16:54:11.283 
级别:.ctor 
信息:DefaultConnectionLimit:2147483647
时间:2017-06-30 16:54:11.380 
级别:pushMessageToSingle 
信息:--------pushMessageToSingle------------
时间:2017-06-30 16:54:11.490 
级别:httpPost 
信息:GETREQUESTSTREAM:46,RESPONSE: 108ms, {"result":"ok","taskId":"OSS-0630_002b89bb9dbada9b394e1c6264d47f41","status":"successed_online"}
时间:2017-06-30 16:54:11.492 
级别:PushMessageToSingle 
信息:{"result":"ok","taskId":"OSS-0630_002b89bb9dbada9b394e1c6264d47f41","status":"successed_online"}
时间:2017-06-30 16:54:38.168 
级别:.ctor 
信息:DefaultConnectionLimit:2147483647
时间:2017-06-30 16:54:38.232 
级别:pushMessageToSingle 
信息:--------pushMessageToSingle------------
时间:2017-06-30 16:54:38.344 
级别:httpPost 
信息:GETREQUESTSTREAM:37,RESPONSE: 110ms, {"result":"ok","taskId":"OSS-0630_d5fb97cce9226dac7f1c55c4b686fa0c","status":"successed_online"}
时间:2017-06-30 16:54:38.345 
级别:PushMessageToSingle 
信息:{"result":"ok","taskId":"OSS-0630_d5fb97cce9226dac7f1c55c4b686fa0c","status":"successed_online"}
时间:2017-06-30 17:16:23.499 
级别:.ctor 
信息:DefaultConnectionLimit:2147483647
时间:2017-06-30 17:16:23.580 
级别:pushMessageToSingle 
信息:--------pushMessageToSingle------------
时间:2017-06-30 17:16:23.674 
级别:httpPost 
信息:GETREQUESTSTREAM:38,RESPONSE: 94ms, {"result":"ok","taskId":"OSS-0630_e421ca0e91d0d6d01a1d5a352f03ab73","status":"successed_online"}
时间:2017-06-30 17:16:23.675 
级别:PushMessageToSingle 
信息:{"result":"ok","taskId":"OSS-0630_e421ca0e91d0d6d01a1d5a352f03ab73","status":"successed_online"}
时间:2017-06-30 17:16:32.040 
级别:.ctor 
信息:DefaultConnectionLimit:2147483647
时间:2017-06-30 17:16:32.111 
级别:pushMessageToSingle 
信息:--------pushMessageToSingle------------
时间:2017-06-30 17:16:32.211 
级别:httpPost 
信息:GETREQUESTSTREAM:31,RESPONSE: 98ms, {"result":"ok","taskId":"OSS-0630_1a8b9fdb80e97720cc5f977ebc4ec4c9","status":"successed_online"}
时间:2017-06-30 17:16:32.212 
级别:PushMessageToSingle 
信息:{"result":"ok","taskId":"OSS-0630_1a8b9fdb80e97720cc5f977ebc4ec4c9","status":"successed_online"}
时间:2017-06-30 17:17:28.921 
级别:.ctor 
信息:DefaultConnectionLimit:2147483647
时间:2017-06-30 17:17:28.993 
级别:pushMessageToSingle 
信息:--------pushMessageToSingle------------
时间:2017-06-30 17:17:29.095 
级别:httpPost 
信息:GETREQUESTSTREAM:32,RESPONSE: 101ms, {"result":"ok","taskId":"OSS-0630_ecb6f10f9af38c15b3c7ad21e262df8b","status":"successed_online"}
时间:2017-06-30 17:17:29.096 
级别:PushMessageToSingle 
信息:{"result":"ok","taskId":"OSS-0630_ecb6f10f9af38c15b3c7ad21e262df8b","status":"successed_online"}
时间:2017-06-30 17:17:36.974 
级别:.ctor 
信息:DefaultConnectionLimit:2147483647
时间:2017-06-30 17:17:37.047 
级别:pushMessageToSingle 
信息:--------pushMessageToSingle------------
时间:2017-06-30 17:17:37.161 
级别:httpPost 
信息:GETREQUESTSTREAM:37,RESPONSE: 114ms, {"result":"ok","taskId":"OSS-0630_a88a5ec376db5d5778df3bfc683a86b7","status":"successed_online"}
时间:2017-06-30 17:17:37.162 
级别:PushMessageToSingle 
信息:{"result":"ok","taskId":"OSS-0630_a88a5ec376db5d5778df3bfc683a86b7","status":"successed_online"}
时间:2017-06-30 18:26:35.195 
级别:PushMessageToSingle 
信息:{"result":"ok","taskId":"OSS-0630_25655830620fbeee249666d1d8f063f0","status":"successed_online"}
时间:2017-06-30 18:30:12.204 
级别:.ctor 
信息:DefaultConnectionLimit:2147483647
时间:2017-06-30 18:30:12.272 
级别:pushMessageToSingle 
信息:--------pushMessageToSingle------------
时间:2017-06-30 18:30:12.396 
级别:httpPost 
信息:GETREQUESTSTREAM:34,RESPONSE: 123ms, {"result":"ok","taskId":"OSS-0630_18f72421e046a2648360c1046445754d","status":"successed_online"}
时间:2017-06-30 18:30:12.397 
级别:PushMessageToSingle 
信息:{"result":"ok","taskId":"OSS-0630_18f72421e046a2648360c1046445754d","status":"successed_online"}
时间:2017-06-30 18:30:41.663 
级别:.ctor 
信息:DefaultConnectionLimit:2147483647
时间:2017-06-30 18:30:41.730 
级别:pushMessageToSingle 
信息:--------pushMessageToSingle------------
时间:2017-06-30 18:30:41.842 
级别:httpPost 
信息:GETREQUESTSTREAM:36,RESPONSE: 111ms, {"result":"ok","taskId":"OSS-0630_dea0e8a9c3fd1b439dc21374a564d0d9","status":"successed_online"}
时间:2017-06-30 18:30:41.843 
级别:PushMessageToSingle 
信息:{"result":"ok","taskId":"OSS-0630_dea0e8a9c3fd1b439dc21374a564d0d9","status":"successed_online"}
时间:2017-06-30 18:30:54.043 
级别:.ctor 
信息:DefaultConnectionLimit:2147483647
时间:2017-06-30 18:30:54.101 
级别:pushMessageToSingle 
信息:--------pushMessageToSingle------------
时间:2017-06-30 18:30:54.269 
级别:httpPost 
信息:GETREQUESTSTREAM:40,RESPONSE: 167ms, {"result":"ok","taskId":"OSS-0630_d5cb43d20cbd034c7db3b9342ac98533","status":"successed_online"}
时间:2017-06-30 18:30:54.270 
级别:PushMessageToSingle 
信息:{"result":"ok","taskId":"OSS-0630_d5cb43d20cbd034c7db3b9342ac98533","status":"successed_online"}
时间:2017-06-30 18:34:20.238 
级别:.ctor 
信息:DefaultConnectionLimit:2147483647
时间:2017-06-30 18:34:20.308 
级别:pushMessageToSingle 
信息:--------pushMessageToSingle------------
时间:2017-06-30 18:34:20.410 
级别:httpPost 
信息:GETREQUESTSTREAM:35,RESPONSE: 101ms, {"result":"ok","taskId":"OSS-0630_ffe7eb1f2fb13a240339a2ecb2511438","status":"successed_online"}
时间:2017-06-30 18:34:20.411 
级别:PushMessageToSingle 
信息:{"result":"ok","taskId":"OSS-0630_ffe7eb1f2fb13a240339a2ecb2511438","status":"successed_online"}
时间:2017-06-30 18:35:01.419 
级别:.ctor 
信息:DefaultConnectionLimit:2147483647
时间:2017-06-30 18:35:01.494 
级别:pushMessageToSingle 
信息:--------pushMessageToSingle------------
时间:2017-06-30 18:35:01.602 
级别:httpPost 
信息:GETREQUESTSTREAM:37,RESPONSE: 108ms, {"result":"ok","taskId":"OSS-0630_69fb46c12332690d1aea46007ef72666","status":"successed_online"}
时间:2017-06-30 18:35:01.603 
级别:PushMessageToSingle 
信息:{"result":"ok","taskId":"OSS-0630_69fb46c12332690d1aea46007ef72666","status":"successed_online"}
时间:2017-06-30 18:36:22.003 
级别:.ctor 
信息:DefaultConnectionLimit:2147483647
时间:2017-06-30 18:36:22.074 
级别:pushMessageToSingle 
信息:--------pushMessageToSingle------------
时间:2017-06-30 18:36:22.170 
级别:httpPost 
信息:GETREQUESTSTREAM:30,RESPONSE: 95ms, {"result":"ok","taskId":"OSS-0630_05741c31f7c62db5ec58a716a6e01d87","status":"successed_online"}
时间:2017-06-30 18:36:22.171 
级别:PushMessageToSingle 
信息:{"result":"ok","taskId":"OSS-0630_05741c31f7c62db5ec58a716a6e01d87","status":"successed_online"}
时间:2017-06-30 18:37:43.909 
级别:.ctor 
信息:DefaultConnectionLimit:2147483647
时间:2017-06-30 18:37:43.976 
级别:pushMessageToSingle 
信息:--------pushMessageToSingle------------
时间:2017-06-30 18:37:44.074 
级别:httpPost 
信息:GETREQUESTSTREAM:31,RESPONSE: 98ms, {"result":"ok","taskId":"OSS-0630_75b42ef77b8a09c55dc48b518b071f26","status":"successed_online"}
时间:2017-06-30 18:37:44.075 
级别:PushMessageToSingle 
信息:{"result":"ok","taskId":"OSS-0630_75b42ef77b8a09c55dc48b518b071f26","status":"successed_online"}
时间:2017-06-30 18:38:38.107 
级别:.ctor 
信息:DefaultConnectionLimit:2147483647
时间:2017-06-30 18:38:38.186 
级别:pushMessageToSingle 
信息:--------pushMessageToSingle------------
时间:2017-06-30 18:38:38.294 
级别:httpPost 
信息:GETREQUESTSTREAM:34,RESPONSE: 106ms, {"result":"ok","taskId":"OSS-0630_d0d099e5ae78659644e2a6f9d1e7aa46","status":"successed_online"}
时间:2017-06-30 18:38:38.295 
级别:PushMessageToSingle 
信息:{"result":"ok","taskId":"OSS-0630_d0d099e5ae78659644e2a6f9d1e7aa46","status":"successed_online"}
时间:2017-06-30 18:38:45.654 
级别:.ctor 
信息:DefaultConnectionLimit:2147483647
时间:2017-06-30 18:38:45.713 
级别:pushMessageToSingle 
信息:--------pushMessageToSingle------------
时间:2017-06-30 18:38:45.838 
级别:httpPost 
信息:GETREQUESTSTREAM:33,RESPONSE: 125ms, {"result":"ok","taskId":"OSS-0630_047a163caf716769aff3549739c73a19","status":"successed_online"}
时间:2017-06-30 18:38:45.839 
级别:PushMessageToSingle 
信息:{"result":"ok","taskId":"OSS-0630_047a163caf716769aff3549739c73a19","status":"successed_online"}
时间:2017-06-30 18:45:55.382 
级别:.ctor 
信息:DefaultConnectionLimit:2147483647
时间:2017-06-30 18:45:55.552 
级别:httpPost 
信息:GETREQUESTSTREAM:30,RESPONSE: 92ms, {"result":"ok","contentId":"OSL-0630_QDrNGLklxkAQgm4kegUlc"}
时间:2017-06-30 18:45:55.585 
级别:pushMessageToList 
信息:
--------pushMessageToList------------
时间:2017-06-30 18:45:55.708 
级别:httpPost 
信息:GETREQUESTSTREAM:45,RESPONSE: 118ms, {"result":"ok","contentId":"OSL-0630_QDrNGLklxkAQgm4kegUlc"}
时间:2017-06-30 18:45:55.709 
级别:PushMessageToList 
信息:{"result":"ok","contentId":"OSL-0630_QDrNGLklxkAQgm4kegUlc"}
时间:2017-06-30 19:00:52.020 
级别:.ctor 
信息:DefaultConnectionLimit:2147483647
时间:2017-06-30 19:00:52.095 
级别:pushMessageToSingle 
信息:--------pushMessageToSingle------------
时间:2017-06-30 19:00:52.214 
级别:httpPost 
信息:GETREQUESTSTREAM:37,RESPONSE: 118ms, {"result":"ok","taskId":"OSS-0630_840e488e929433787214531ac050e5e0","status":"successed_online"}
时间:2017-06-30 19:00:52.215 
级别:PushMessageToSingle 
信息:{"result":"ok","taskId":"OSS-0630_840e488e929433787214531ac050e5e0","status":"successed_online"}
时间:2017-06-30 19:02:01.723 
级别:.ctor 
信息:DefaultConnectionLimit:2147483647
时间:2017-06-30 19:02:01.800 
级别:pushMessageToSingle 
信息:--------pushMessageToSingle------------
时间:2017-06-30 19:02:01.900 
级别:httpPost 
信息:GETREQUESTSTREAM:31,RESPONSE: 98ms, {"result":"ok","taskId":"OSS-0630_9ff6a68d7f9e08d249f07e64515e5e68","status":"successed_online"}
时间:2017-06-30 19:02:01.902 
级别:PushMessageToSingle 
信息:{"result":"ok","taskId":"OSS-0630_9ff6a68d7f9e08d249f07e64515e5e68","status":"successed_online"}
时间:2017-06-30 19:03:08.732 
级别:.ctor 
信息:DefaultConnectionLimit:2147483647
时间:2017-06-30 19:03:08.796 
级别:pushMessageToSingle 
信息:--------pushMessageToSingle------------
时间:2017-06-30 19:03:08.913 
级别:httpPost 
信息:GETREQUESTSTREAM:29,RESPONSE: 116ms, {"result":"ok","taskId":"OSS-0630_4e30f55557f390513570de5e382f4208","status":"successed_online"}
时间:2017-06-30 19:03:08.914 
级别:PushMessageToSingle 
信息:{"result":"ok","taskId":"OSS-0630_4e30f55557f390513570de5e382f4208","status":"successed_online"}
时间:2017-06-30 19:03:22.442 
级别:.ctor 
信息:DefaultConnectionLimit:2147483647
时间:2017-06-30 19:03:22.511 
级别:pushMessageToSingle 
信息:--------pushMessageToSingle------------
时间:2017-06-30 19:03:22.615 
级别:httpPost 
信息:GETREQUESTSTREAM:33,RESPONSE: 103ms, {"result":"ok","taskId":"OSS-0630_0003e2fa57e45bd5733cb0b9dc8e8aea","status":"successed_online"}
时间:2017-06-30 19:03:22.616 
级别:PushMessageToSingle 
信息:{"result":"ok","taskId":"OSS-0630_0003e2fa57e45bd5733cb0b9dc8e8aea","status":"successed_online"}
