时间:2017-06-13 10:27:39.454 
级别:PushMessageToSingle 
信息:{"result":"ok","taskId":"OSS-0613_a122294946118c91da317213a251b0d5","status":"successed_online"}
时间:2017-06-13 10:27:48.115 
级别:.ctor 
信息:DefaultConnectionLimit:2147483647
时间:2017-06-13 10:27:48.185 
级别:pushMessageToSingle 
信息:--------pushMessageToSingle------------
时间:2017-06-13 10:27:48.298 
级别:httpPost 
信息:GETREQUESTSTREAM:37,RESPONSE: 111ms, {"result":"ok","taskId":"OSS-0613_0947061b914fe2b502a085768fe4fa96","status":"successed_online"}
时间:2017-06-13 10:27:48.300 
级别:PushMessageToSingle 
信息:{"result":"ok","taskId":"OSS-0613_0947061b914fe2b502a085768fe4fa96","status":"successed_online"}
时间:2017-06-13 10:31:21.171 
级别:.ctor 
信息:DefaultConnectionLimit:2147483647
时间:2017-06-13 10:31:21.232 
级别:pushMessageToSingle 
信息:--------pushMessageToSingle------------
时间:2017-06-13 10:31:21.328 
级别:httpPost 
信息:GETREQUESTSTREAM:30,RESPONSE: 94ms, {"result":"ok","taskId":"OSS-0613_f9346954e9020c8a8ecfa7bc1e496033","status":"successed_online"}
时间:2017-06-13 10:31:21.329 
级别:PushMessageToSingle 
信息:{"result":"ok","taskId":"OSS-0613_f9346954e9020c8a8ecfa7bc1e496033","status":"successed_online"}
时间:2017-06-13 10:31:37.807 
级别:.ctor 
信息:DefaultConnectionLimit:2147483647
时间:2017-06-13 10:31:37.873 
级别:pushMessageToSingle 
信息:--------pushMessageToSingle------------
时间:2017-06-13 10:31:37.989 
级别:httpPost 
信息:GETREQUESTSTREAM:37,RESPONSE: 114ms, {"result":"ok","taskId":"OSS-0613_8faa0cf31c03246451c6b9d34a4c23f6","status":"successed_online"}
时间:2017-06-13 10:31:37.990 
级别:PushMessageToSingle 
信息:{"result":"ok","taskId":"OSS-0613_8faa0cf31c03246451c6b9d34a4c23f6","status":"successed_online"}
时间:2017-06-13 10:33:21.369 
级别:.ctor 
信息:DefaultConnectionLimit:2147483647
时间:2017-06-13 10:33:21.459 
级别:pushMessageToSingle 
信息:--------pushMessageToSingle------------
时间:2017-06-13 10:33:21.571 
级别:httpPost 
信息:GETREQUESTSTREAM:39,RESPONSE: 110ms, {"result":"ok","taskId":"OSS-0613_73bff32ee44584c437779f2d330cac8c","status":"successed_online"}
时间:2017-06-13 10:33:21.572 
级别:PushMessageToSingle 
信息:{"result":"ok","taskId":"OSS-0613_73bff32ee44584c437779f2d330cac8c","status":"successed_online"}
时间:2017-06-13 10:33:34.365 
级别:.ctor 
信息:DefaultConnectionLimit:2147483647
时间:2017-06-13 10:33:34.448 
级别:pushMessageToSingle 
信息:--------pushMessageToSingle------------
时间:2017-06-13 10:33:34.558 
级别:httpPost 
信息:GETREQUESTSTREAM:39,RESPONSE: 108ms, {"result":"ok","taskId":"OSS-0613_b200862f4cf3ea3b15eda475e4bc5ff8","status":"successed_online"}
时间:2017-06-13 10:33:34.559 
级别:PushMessageToSingle 
信息:{"result":"ok","taskId":"OSS-0613_b200862f4cf3ea3b15eda475e4bc5ff8","status":"successed_online"}
时间:2017-06-13 10:35:57.425 
级别:.ctor 
信息:DefaultConnectionLimit:2147483647
时间:2017-06-13 10:35:57.484 
级别:pushMessageToSingle 
信息:--------pushMessageToSingle------------
时间:2017-06-13 10:35:57.579 
级别:httpPost 
信息:GETREQUESTSTREAM:31,RESPONSE: 93ms, {"result":"ok","taskId":"OSS-0613_f3ca46b855b1200ba69d52548f47bcc8","status":"successed_online"}
时间:2017-06-13 10:35:57.580 
级别:PushMessageToSingle 
信息:{"result":"ok","taskId":"OSS-0613_f3ca46b855b1200ba69d52548f47bcc8","status":"successed_online"}
时间:2017-06-13 10:36:05.846 
级别:.ctor 
信息:DefaultConnectionLimit:2147483647
时间:2017-06-13 10:36:05.912 
级别:pushMessageToSingle 
信息:--------pushMessageToSingle------------
时间:2017-06-13 10:36:06.014 
级别:httpPost 
信息:GETREQUESTSTREAM:33,RESPONSE: 101ms, {"result":"ok","taskId":"OSS-0613_f51f380a79a745417ef13db3fae7802c","status":"successed_online"}
时间:2017-06-13 10:36:06.015 
级别:PushMessageToSingle 
信息:{"result":"ok","taskId":"OSS-0613_f51f380a79a745417ef13db3fae7802c","status":"successed_online"}
时间:2017-06-13 10:36:32.053 
级别:.ctor 
信息:DefaultConnectionLimit:2147483647
时间:2017-06-13 10:36:32.122 
级别:pushMessageToSingle 
信息:--------pushMessageToSingle------------
时间:2017-06-13 10:36:32.237 
级别:httpPost 
信息:GETREQUESTSTREAM:45,RESPONSE: 114ms, {"result":"ok","taskId":"OSS-0613_7e650f656bda3da16ceba4c60dfdd284","status":"successed_online"}
时间:2017-06-13 10:36:32.238 
级别:PushMessageToSingle 
信息:{"result":"ok","taskId":"OSS-0613_7e650f656bda3da16ceba4c60dfdd284","status":"successed_online"}
时间:2017-06-13 10:36:47.105 
级别:.ctor 
信息:DefaultConnectionLimit:2147483647
时间:2017-06-13 10:36:47.169 
级别:pushMessageToSingle 
信息:--------pushMessageToSingle------------
时间:2017-06-13 10:36:47.282 
级别:httpPost 
信息:GETREQUESTSTREAM:37,RESPONSE: 112ms, {"result":"ok","taskId":"OSS-0613_33c0f8108b172515229edb08fcceaf8b","status":"successed_online"}
时间:2017-06-13 10:36:47.283 
级别:PushMessageToSingle 
信息:{"result":"ok","taskId":"OSS-0613_33c0f8108b172515229edb08fcceaf8b","status":"successed_online"}
时间:2017-06-13 10:39:08.505 
级别:.ctor 
信息:DefaultConnectionLimit:2147483647
时间:2017-06-13 10:39:08.573 
级别:pushMessageToSingle 
信息:--------pushMessageToSingle------------
时间:2017-06-13 10:39:08.680 
级别:httpPost 
信息:GETREQUESTSTREAM:35,RESPONSE: 106ms, {"result":"ok","taskId":"OSS-0613_a896e96d1aaa33e2754b9f69ebc0b8f9","status":"successed_online"}
时间:2017-06-13 10:39:08.681 
级别:PushMessageToSingle 
信息:{"result":"ok","taskId":"OSS-0613_a896e96d1aaa33e2754b9f69ebc0b8f9","status":"successed_online"}
时间:2017-06-13 10:39:28.569 
级别:.ctor 
信息:DefaultConnectionLimit:2147483647
时间:2017-06-13 10:39:28.639 
级别:pushMessageToSingle 
信息:--------pushMessageToSingle------------
时间:2017-06-13 10:39:28.723 
级别:httpPost 
信息:GETREQUESTSTREAM:29,RESPONSE: 83ms, {"result":"ok","taskId":"OSS-0613_a99d5213315f9a1cf2871560fe8ea555","status":"successed_online"}
时间:2017-06-13 10:39:28.724 
级别:PushMessageToSingle 
信息:{"result":"ok","taskId":"OSS-0613_a99d5213315f9a1cf2871560fe8ea555","status":"successed_online"}
时间:2017-06-13 10:45:57.797 
级别:.ctor 
信息:DefaultConnectionLimit:2147483647
时间:2017-06-13 10:45:57.803 
级别:pushMessageToSingle 
信息:--------pushMessageToSingle------------
时间:2017-06-13 10:45:58.247 
级别:httpPost 
信息:GETREQUESTSTREAM:154,RESPONSE: 445ms, {"result":"ok","taskId":"OSS-0613_e2be59a9661e1e9c1c758df497c8cc4b","status":"successed_online"}
时间:2017-06-13 10:45:58.248 
级别:PushMessageToSingle 
信息:{"result":"ok","taskId":"OSS-0613_e2be59a9661e1e9c1c758df497c8cc4b","status":"successed_online"}
时间:2017-06-13 10:46:12.906 
级别:.ctor 
信息:DefaultConnectionLimit:2147483647
时间:2017-06-13 10:46:12.969 
级别:pushMessageToSingle 
信息:--------pushMessageToSingle------------
时间:2017-06-13 10:46:13.070 
级别:httpPost 
信息:GETREQUESTSTREAM:32,RESPONSE: 100ms, {"result":"ok","taskId":"OSS-0613_dbf46b88f083a1227c0e16c1921c8c4f","status":"successed_online"}
时间:2017-06-13 10:46:13.071 
级别:PushMessageToSingle 
信息:{"result":"ok","taskId":"OSS-0613_dbf46b88f083a1227c0e16c1921c8c4f","status":"successed_online"}
时间:2017-06-13 10:47:23.131 
级别:.ctor 
信息:DefaultConnectionLimit:2147483647
时间:2017-06-13 10:47:23.208 
级别:pushMessageToSingle 
信息:--------pushMessageToSingle------------
时间:2017-06-13 10:47:23.321 
级别:httpPost 
信息:GETREQUESTSTREAM:36,RESPONSE: 112ms, {"result":"ok","taskId":"OSS-0613_dc535552a77ac9d8d8340b3354e6897d","status":"successed_online"}
时间:2017-06-13 10:47:23.322 
级别:PushMessageToSingle 
信息:{"result":"ok","taskId":"OSS-0613_dc535552a77ac9d8d8340b3354e6897d","status":"successed_online"}
时间:2017-06-13 10:47:32.771 
级别:.ctor 
信息:DefaultConnectionLimit:2147483647
时间:2017-06-13 10:47:32.837 
级别:pushMessageToSingle 
信息:--------pushMessageToSingle------------
时间:2017-06-13 10:47:32.950 
级别:httpPost 
信息:GETREQUESTSTREAM:36,RESPONSE: 113ms, {"result":"ok","taskId":"OSS-0613_a9b54b0426b45a5648d568ab8a86c2f2","status":"successed_online"}
时间:2017-06-13 10:47:32.950 
级别:PushMessageToSingle 
信息:{"result":"ok","taskId":"OSS-0613_a9b54b0426b45a5648d568ab8a86c2f2","status":"successed_online"}
时间:2017-06-13 10:54:10.168 
级别:.ctor 
信息:DefaultConnectionLimit:2147483647
时间:2017-06-13 10:54:10.230 
级别:pushMessageToSingle 
信息:--------pushMessageToSingle------------
时间:2017-06-13 10:54:10.338 
级别:httpPost 
信息:GETREQUESTSTREAM:35,RESPONSE: 108ms, {"result":"ok","taskId":"OSS-0613_3c3b610b462ab9eb5b4eace812600c46","status":"successed_online"}
时间:2017-06-13 10:54:10.338 
级别:PushMessageToSingle 
信息:{"result":"ok","taskId":"OSS-0613_3c3b610b462ab9eb5b4eace812600c46","status":"successed_online"}
时间:2017-06-13 10:54:24.530 
级别:.ctor 
信息:DefaultConnectionLimit:2147483647
时间:2017-06-13 10:54:24.603 
级别:pushMessageToSingle 
信息:--------pushMessageToSingle------------
时间:2017-06-13 10:54:24.711 
级别:httpPost 
信息:GETREQUESTSTREAM:34,RESPONSE: 107ms, {"result":"ok","taskId":"OSS-0613_3710c31c8b9082cb560539ddb9c92f8b","status":"successed_online"}
时间:2017-06-13 10:54:24.711 
级别:PushMessageToSingle 
信息:{"result":"ok","taskId":"OSS-0613_3710c31c8b9082cb560539ddb9c92f8b","status":"successed_online"}
时间:2017-06-13 10:54:41.406 
级别:.ctor 
信息:DefaultConnectionLimit:2147483647
时间:2017-06-13 10:54:41.476 
级别:pushMessageToSingle 
信息:--------pushMessageToSingle------------
时间:2017-06-13 10:54:41.576 
级别:httpPost 
信息:GETREQUESTSTREAM:32,RESPONSE: 100ms, {"result":"ok","taskId":"OSS-0613_29e18aa7baf19ddbb9754dce9ac1e4a8","status":"successed_online"}
时间:2017-06-13 10:54:41.576 
级别:PushMessageToSingle 
信息:{"result":"ok","taskId":"OSS-0613_29e18aa7baf19ddbb9754dce9ac1e4a8","status":"successed_online"}
时间:2017-06-13 10:54:56.390 
级别:.ctor 
信息:DefaultConnectionLimit:2147483647
时间:2017-06-13 10:54:56.445 
级别:pushMessageToSingle 
信息:--------pushMessageToSingle------------
时间:2017-06-13 10:54:56.550 
级别:httpPost 
信息:GETREQUESTSTREAM:35,RESPONSE: 105ms, {"result":"ok","taskId":"OSS-0613_fbb63df621531095d9885fceafaa6efb","status":"successed_online"}
时间:2017-06-13 10:54:56.551 
级别:PushMessageToSingle 
信息:{"result":"ok","taskId":"OSS-0613_fbb63df621531095d9885fceafaa6efb","status":"successed_online"}
时间:2017-06-13 10:58:36.908 
级别:.ctor 
信息:DefaultConnectionLimit:2147483647
时间:2017-06-13 10:58:36.973 
级别:pushMessageToSingle 
信息:--------pushMessageToSingle------------
时间:2017-06-13 10:58:37.068 
级别:httpPost 
信息:GETREQUESTSTREAM:31,RESPONSE: 95ms, {"result":"ok","taskId":"OSS-0613_007eca27274db94c981dd44db6b60e78","status":"successed_online"}
时间:2017-06-13 10:58:37.068 
级别:PushMessageToSingle 
信息:{"result":"ok","taskId":"OSS-0613_007eca27274db94c981dd44db6b60e78","status":"successed_online"}
时间:2017-06-13 10:58:53.443 
级别:.ctor 
信息:DefaultConnectionLimit:2147483647
时间:2017-06-13 10:58:53.498 
级别:pushMessageToSingle 
信息:--------pushMessageToSingle------------
时间:2017-06-13 10:58:53.587 
级别:httpPost 
信息:GETREQUESTSTREAM:28,RESPONSE: 89ms, {"result":"ok","taskId":"OSS-0613_86983f51e66ccf7995e72960fb70aa62","status":"successed_online"}
时间:2017-06-13 10:58:53.588 
级别:PushMessageToSingle 
信息:{"result":"ok","taskId":"OSS-0613_86983f51e66ccf7995e72960fb70aa62","status":"successed_online"}
时间:2017-06-13 11:07:22.579 
级别:.ctor 
信息:DefaultConnectionLimit:2147483647
时间:2017-06-13 11:07:22.649 
级别:pushMessageToSingle 
信息:--------pushMessageToSingle------------
时间:2017-06-13 11:07:22.753 
级别:httpPost 
信息:GETREQUESTSTREAM:35,RESPONSE: 104ms, {"result":"ok","taskId":"OSS-0613_cdb0fa9083405f8e3d502263527163ad","status":"successed_online"}
时间:2017-06-13 11:07:22.754 
级别:PushMessageToSingle 
信息:{"result":"ok","taskId":"OSS-0613_cdb0fa9083405f8e3d502263527163ad","status":"successed_online"}
时间:2017-06-13 11:07:36.776 
级别:.ctor 
信息:DefaultConnectionLimit:2147483647
时间:2017-06-13 11:07:36.845 
级别:pushMessageToSingle 
信息:--------pushMessageToSingle------------
时间:2017-06-13 11:07:36.962 
级别:httpPost 
信息:GETREQUESTSTREAM:32,RESPONSE: 116ms, {"result":"ok","taskId":"OSS-0613_11ca421e2d34ced499e49b86ae0a9367","status":"successed_online"}
时间:2017-06-13 11:07:36.963 
级别:PushMessageToSingle 
信息:{"result":"ok","taskId":"OSS-0613_11ca421e2d34ced499e49b86ae0a9367","status":"successed_online"}
时间:2017-06-13 11:07:52.263 
级别:.ctor 
信息:DefaultConnectionLimit:2147483647
时间:2017-06-13 11:07:52.340 
级别:pushMessageToSingle 
信息:--------pushMessageToSingle------------
时间:2017-06-13 11:07:52.445 
级别:httpPost 
信息:GETREQUESTSTREAM:34,RESPONSE: 103ms, {"result":"ok","taskId":"OSS-0613_fe9f8dc495bfd57af621900445a9578b","status":"successed_online"}
时间:2017-06-13 11:07:52.446 
级别:PushMessageToSingle 
信息:{"result":"ok","taskId":"OSS-0613_fe9f8dc495bfd57af621900445a9578b","status":"successed_online"}
时间:2017-06-13 11:08:03.336 
级别:.ctor 
信息:DefaultConnectionLimit:2147483647
时间:2017-06-13 11:08:03.412 
级别:pushMessageToSingle 
信息:--------pushMessageToSingle------------
时间:2017-06-13 11:08:03.514 
级别:httpPost 
信息:GETREQUESTSTREAM:32,RESPONSE: 101ms, {"result":"ok","taskId":"OSS-0613_5494681508cdb2217b1b8765dc9b9a71","status":"successed_online"}
时间:2017-06-13 11:08:03.515 
级别:PushMessageToSingle 
信息:{"result":"ok","taskId":"OSS-0613_5494681508cdb2217b1b8765dc9b9a71","status":"successed_online"}
时间:2017-06-13 11:08:19.160 
级别:.ctor 
信息:DefaultConnectionLimit:2147483647
时间:2017-06-13 11:08:19.225 
级别:pushMessageToSingle 
信息:--------pushMessageToSingle------------
时间:2017-06-13 11:08:19.346 
级别:httpPost 
信息:GETREQUESTSTREAM:32,RESPONSE: 121ms, {"result":"ok","taskId":"OSS-0613_b2306082b6577fe1fd2d02252f2fae36","status":"successed_online"}
时间:2017-06-13 11:08:19.347 
级别:PushMessageToSingle 
信息:{"result":"ok","taskId":"OSS-0613_b2306082b6577fe1fd2d02252f2fae36","status":"successed_online"}
时间:2017-06-13 11:10:50.424 
级别:.ctor 
信息:DefaultConnectionLimit:2147483647
时间:2017-06-13 11:10:50.480 
级别:pushMessageToSingle 
信息:--------pushMessageToSingle------------
时间:2017-06-13 11:10:50.564 
级别:httpPost 
信息:GETREQUESTSTREAM:27,RESPONSE: 83ms, {"result":"ok","taskId":"OSS-0613_66b9b74f73087f03089542538bf5a895","status":"successed_online"}
时间:2017-06-13 11:10:50.564 
级别:PushMessageToSingle 
信息:{"result":"ok","taskId":"OSS-0613_66b9b74f73087f03089542538bf5a895","status":"successed_online"}
时间:2017-06-13 11:11:01.599 
级别:.ctor 
信息:DefaultConnectionLimit:2147483647
时间:2017-06-13 11:11:01.655 
级别:pushMessageToSingle 
信息:--------pushMessageToSingle------------
时间:2017-06-13 11:11:01.738 
级别:httpPost 
信息:GETREQUESTSTREAM:27,RESPONSE: 83ms, {"result":"ok","taskId":"OSS-0613_5a0932b47adc6f34416ff0fc045e214f","status":"successed_online"}
时间:2017-06-13 11:11:01.739 
级别:PushMessageToSingle 
信息:{"result":"ok","taskId":"OSS-0613_5a0932b47adc6f34416ff0fc045e214f","status":"successed_online"}
时间:2017-06-13 11:15:43.975 
级别:.ctor 
信息:DefaultConnectionLimit:2147483647
时间:2017-06-13 11:15:44.040 
级别:pushMessageToSingle 
信息:--------pushMessageToSingle------------
时间:2017-06-13 11:15:44.161 
级别:httpPost 
信息:GETREQUESTSTREAM:43,RESPONSE: 120ms, {"result":"ok","taskId":"OSS-0613_12bbf20fafc11f1a9f060dcf2707c5e1","status":"successed_online"}
时间:2017-06-13 11:15:44.162 
级别:PushMessageToSingle 
信息:{"result":"ok","taskId":"OSS-0613_12bbf20fafc11f1a9f060dcf2707c5e1","status":"successed_online"}
时间:2017-06-13 11:15:52.502 
级别:.ctor 
信息:DefaultConnectionLimit:2147483647
时间:2017-06-13 11:15:52.573 
级别:pushMessageToSingle 
信息:--------pushMessageToSingle------------
时间:2017-06-13 11:15:52.686 
级别:httpPost 
信息:GETREQUESTSTREAM:36,RESPONSE: 111ms, {"result":"ok","taskId":"OSS-0613_a9254183019b1474f94cf66f650970fa","status":"successed_online"}
时间:2017-06-13 11:15:52.687 
级别:PushMessageToSingle 
信息:{"result":"ok","taskId":"OSS-0613_a9254183019b1474f94cf66f650970fa","status":"successed_online"}
时间:2017-06-13 11:16:10.438 
级别:.ctor 
信息:DefaultConnectionLimit:2147483647
时间:2017-06-13 11:16:10.512 
级别:pushMessageToSingle 
信息:--------pushMessageToSingle------------
时间:2017-06-13 11:16:10.607 
级别:httpPost 
信息:GETREQUESTSTREAM:30,RESPONSE: 94ms, {"result":"ok","taskId":"OSS-0613_dcb57e9bdf202081bde767ed714e492e","status":"successed_online"}
时间:2017-06-13 11:16:10.608 
级别:PushMessageToSingle 
信息:{"result":"ok","taskId":"OSS-0613_dcb57e9bdf202081bde767ed714e492e","status":"successed_online"}
时间:2017-06-13 11:16:33.882 
级别:.ctor 
信息:DefaultConnectionLimit:2147483647
时间:2017-06-13 11:16:33.948 
级别:pushMessageToSingle 
信息:--------pushMessageToSingle------------
时间:2017-06-13 11:16:34.044 
级别:httpPost 
信息:GETREQUESTSTREAM:30,RESPONSE: 95ms, {"result":"ok","taskId":"OSS-0613_02f7e2017f0430b4b1cc521822d1caba","status":"successed_online"}
时间:2017-06-13 11:16:34.045 
级别:PushMessageToSingle 
信息:{"result":"ok","taskId":"OSS-0613_02f7e2017f0430b4b1cc521822d1caba","status":"successed_online"}
时间:2017-06-13 11:17:11.238 
级别:.ctor 
信息:DefaultConnectionLimit:2147483647
时间:2017-06-13 11:17:11.314 
级别:pushMessageToSingle 
信息:--------pushMessageToSingle------------
时间:2017-06-13 11:17:11.407 
级别:httpPost 
信息:GETREQUESTSTREAM:30,RESPONSE: 92ms, {"result":"ok","taskId":"OSS-0613_12e55c7d7f24d835f503ae4eaeb7b125","status":"successed_online"}
时间:2017-06-13 11:17:11.408 
级别:PushMessageToSingle 
信息:{"result":"ok","taskId":"OSS-0613_12e55c7d7f24d835f503ae4eaeb7b125","status":"successed_online"}
时间:2017-06-13 11:17:29.762 
级别:.ctor 
信息:DefaultConnectionLimit:2147483647
时间:2017-06-13 11:17:29.826 
级别:pushMessageToSingle 
信息:--------pushMessageToSingle------------
时间:2017-06-13 11:17:29.912 
级别:httpPost 
信息:GETREQUESTSTREAM:28,RESPONSE: 86ms, {"result":"ok","taskId":"OSS-0613_71b66fe2c09c56aa905e8e95d9fd9571","status":"successed_online"}
时间:2017-06-13 11:17:29.913 
级别:PushMessageToSingle 
信息:{"result":"ok","taskId":"OSS-0613_71b66fe2c09c56aa905e8e95d9fd9571","status":"successed_online"}
时间:2017-06-13 11:18:41.738 
级别:.ctor 
信息:DefaultConnectionLimit:2147483647
时间:2017-06-13 11:18:41.814 
级别:pushMessageToSingle 
信息:--------pushMessageToSingle------------
时间:2017-06-13 11:18:41.922 
级别:httpPost 
信息:GETREQUESTSTREAM:37,RESPONSE: 109ms, {"result":"ok","taskId":"OSS-0613_5b85c6d257eac238067b84bc361adece","status":"successed_online"}
时间:2017-06-13 11:18:41.923 
级别:PushMessageToSingle 
信息:{"result":"ok","taskId":"OSS-0613_5b85c6d257eac238067b84bc361adece","status":"successed_online"}
时间:2017-06-13 11:18:49.498 
级别:.ctor 
信息:DefaultConnectionLimit:2147483647
时间:2017-06-13 11:18:49.564 
级别:pushMessageToSingle 
信息:--------pushMessageToSingle------------
时间:2017-06-13 11:18:49.661 
级别:httpPost 
信息:GETREQUESTSTREAM:32,RESPONSE: 97ms, {"result":"ok","taskId":"OSS-0613_0c04da052455854cdd2de799b090c91b","status":"successed_online"}
时间:2017-06-13 11:18:49.662 
级别:PushMessageToSingle 
信息:{"result":"ok","taskId":"OSS-0613_0c04da052455854cdd2de799b090c91b","status":"successed_online"}
时间:2017-06-13 11:23:54.504 
级别:.ctor 
信息:DefaultConnectionLimit:2147483647
时间:2017-06-13 11:23:54.581 
级别:pushMessageToSingle 
信息:--------pushMessageToSingle------------
时间:2017-06-13 11:23:54.694 
级别:httpPost 
信息:GETREQUESTSTREAM:36,RESPONSE: 112ms, {"result":"ok","taskId":"OSS-0613_0980c1ec1d68472021eccdddd7058e4b","status":"successed_online"}
时间:2017-06-13 11:23:54.696 
级别:PushMessageToSingle 
信息:{"result":"ok","taskId":"OSS-0613_0980c1ec1d68472021eccdddd7058e4b","status":"successed_online"}
时间:2017-06-13 11:24:33.899 
级别:.ctor 
信息:DefaultConnectionLimit:2147483647
时间:2017-06-13 11:24:33.974 
级别:pushMessageToSingle 
信息:--------pushMessageToSingle------------
时间:2017-06-13 11:24:34.084 
级别:httpPost 
信息:GETREQUESTSTREAM:37,RESPONSE: 111ms, {"result":"ok","taskId":"OSS-0613_bef7cd5d9865ceae09dee6c47cc34965","status":"successed_online"}
时间:2017-06-13 11:24:34.086 
级别:PushMessageToSingle 
信息:{"result":"ok","taskId":"OSS-0613_bef7cd5d9865ceae09dee6c47cc34965","status":"successed_online"}
时间:2017-06-13 19:02:06.777 
级别:PushMessageToSingle 
信息:{"result":"ok","taskId":"OSS-0613_6224a17baa5aac15e84f37731bd4c1fd","status":"successed_online"}
时间:2017-06-13 19:02:15.171 
级别:.ctor 
信息:DefaultConnectionLimit:2147483647
时间:2017-06-13 19:02:15.232 
级别:pushMessageToSingle 
信息:--------pushMessageToSingle------------
时间:2017-06-13 19:02:15.333 
级别:httpPost 
信息:GETREQUESTSTREAM:34,RESPONSE: 101ms, {"result":"ok","taskId":"OSS-0613_d32c3ab9bea8ca76fe3a240c2f65ed8d","status":"successed_online"}
时间:2017-06-13 19:02:15.334 
级别:PushMessageToSingle 
信息:{"result":"ok","taskId":"OSS-0613_d32c3ab9bea8ca76fe3a240c2f65ed8d","status":"successed_online"}
时间:2017-06-13 19:02:50.539 
级别:.ctor 
信息:DefaultConnectionLimit:2147483647
时间:2017-06-13 19:02:50.611 
级别:pushMessageToSingle 
信息:--------pushMessageToSingle------------
时间:2017-06-13 19:02:50.716 
级别:httpPost 
信息:GETREQUESTSTREAM:34,RESPONSE: 105ms, {"result":"ok","taskId":"OSS-0613_421466d2c37e9d2becc5dfa2cb4e0633","status":"successed_online"}
时间:2017-06-13 19:02:50.717 
级别:PushMessageToSingle 
信息:{"result":"ok","taskId":"OSS-0613_421466d2c37e9d2becc5dfa2cb4e0633","status":"successed_online"}
时间:2017-06-13 19:02:58.206 
级别:.ctor 
信息:DefaultConnectionLimit:2147483647
时间:2017-06-13 19:02:58.279 
级别:pushMessageToSingle 
信息:--------pushMessageToSingle------------
时间:2017-06-13 19:02:58.389 
级别:httpPost 
信息:GETREQUESTSTREAM:36,RESPONSE: 109ms, {"result":"ok","taskId":"OSS-0613_30c98e9ee87168f01d1e10eb7decd839","status":"successed_online"}
时间:2017-06-13 19:02:58.390 
级别:PushMessageToSingle 
信息:{"result":"ok","taskId":"OSS-0613_30c98e9ee87168f01d1e10eb7decd839","status":"successed_online"}
时间:2017-06-13 19:07:10.987 
级别:.ctor 
信息:DefaultConnectionLimit:2147483647
时间:2017-06-13 19:07:11.045 
级别:pushMessageToSingle 
信息:--------pushMessageToSingle------------
时间:2017-06-13 19:07:11.188 
级别:httpPost 
信息:GETREQUESTSTREAM:36,RESPONSE: 142ms, {"result":"ok","taskId":"OSS-0613_6e5c94107dec62b3033355975f373cf5","status":"successed_online"}
时间:2017-06-13 19:07:11.189 
级别:PushMessageToSingle 
信息:{"result":"ok","taskId":"OSS-0613_6e5c94107dec62b3033355975f373cf5","status":"successed_online"}
