时间:2017-04-20 08:54:12.520 
级别:Error 
信息:Vote.Business.Admin.AdminUserManage.GetUser  获取管理员数据Error：
System.Data.Entity.Core.EntityException: 基础提供程序在 Open 上失败。 ---> System.Data.SqlClient.SqlException: 在与 SQL Server 建立连接时出现与网络相关的或特定于实例的错误。未找到或无法访问服务器。请验证实例名称是否正确并且 SQL Server 已配置为允许远程连接。 (provider: Named Pipes Provider, error: 40 - 无法打开到 SQL Server 的连接) ---> System.ComponentModel.Win32Exception: 找不到网络路径。
   --- 内部异常堆栈跟踪的结尾 ---
   在 System.Data.SqlClient.SqlInternalConnectionTds..ctor(DbConnectionPoolIdentity identity, SqlConnectionString connectionOptions, SqlCredential credential, Object providerInfo, String newPassword, SecureString newSecurePassword, Boolean redirectedUserInstance, SqlConnectionString userConnectionOptions, SessionData reconnectSessionData, DbConnectionPool pool, String accessToken, Boolean applyTransientFaultHandling)
   在 System.Data.SqlClient.SqlConnectionFactory.CreateConnection(DbConnectionOptions options, DbConnectionPoolKey poolKey, Object poolGroupProviderInfo, DbConnectionPool pool, DbConnection owningConnection, DbConnectionOptions userOptions)
   在 System.Data.ProviderBase.DbConnectionFactory.CreatePooledConnection(DbConnectionPool pool, DbConnection owningObject, DbConnectionOptions options, DbConnectionPoolKey poolKey, DbConnectionOptions userOptions)
   在 System.Data.ProviderBase.DbConnectionPool.CreateObject(DbConnection owningObject, DbConnectionOptions userOptions, DbConnectionInternal oldConnection)
   在 System.Data.ProviderBase.DbConnectionPool.UserCreateRequest(DbConnection owningObject, DbConnectionOptions userOptions, DbConnectionInternal oldConnection)
   在 System.Data.ProviderBase.DbConnectionPool.TryGetConnection(DbConnection owningObject, UInt32 waitForMultipleObjectsTimeout, Boolean allowCreate, Boolean onlyOneCheckConnection, DbConnectionOptions userOptions, DbConnectionInternal& connection)
   在 System.Data.ProviderBase.DbConnectionPool.TryGetConnection(DbConnection owningObject, TaskCompletionSource`1 retry, DbConnectionOptions userOptions, DbConnectionInternal& connection)
   在 System.Data.ProviderBase.DbConnectionFactory.TryGetConnection(DbConnection owningConnection, TaskCompletionSource`1 retry, DbConnectionOptions userOptions, DbConnectionInternal oldConnection, DbConnectionInternal& connection)
   在 System.Data.ProviderBase.DbConnectionInternal.TryOpenConnectionInternal(DbConnection outerConnection, DbConnectionFactory connectionFactory, TaskCompletionSource`1 retry, DbConnectionOptions userOptions)
   在 System.Data.SqlClient.SqlConnection.TryOpenInner(TaskCompletionSource`1 retry)
   在 System.Data.SqlClient.SqlConnection.TryOpen(TaskCompletionSource`1 retry)
   在 System.Data.SqlClient.SqlConnection.Open()
   在 System.Data.Entity.Infrastructure.Interception.InternalDispatcher`1.Dispatch[TTarget,TInterceptionContext](TTarget target, Action`2 operation, TInterceptionContext interceptionContext, Action`3 executing, Action`3 executed)
   在 System.Data.Entity.Infrastructure.Interception.DbConnectionDispatcher.Open(DbConnection connection, DbInterceptionContext interceptionContext)
   在 System.Data.Entity.SqlServer.DefaultSqlExecutionStrategy.<>c__DisplayClass1.<Execute>b__0()
   在 System.Data.Entity.SqlServer.DefaultSqlExecutionStrategy.Execute[TResult](Func`1 operation)
   在 System.Data.Entity.Core.EntityClient.EntityConnection.Open()
   --- 内部异常堆栈跟踪的结尾 ---
   在 System.Data.Entity.Core.EntityClient.EntityConnection.Open()
   在 System.Data.Entity.Core.Objects.ObjectContext.EnsureConnection(Boolean shouldMonitorTransactions)
   在 System.Data.Entity.Core.Objects.ObjectContext.ExecuteInTransaction[T](Func`1 func, IDbExecutionStrategy executionStrategy, Boolean startLocalTransaction, Boolean releaseConnectionOnSuccess)
   在 System.Data.Entity.Core.Objects.ObjectQuery`1.<>c__DisplayClass7.<GetResults>b__5()
   在 System.Data.Entity.SqlServer.DefaultSqlExecutionStrategy.Execute[TResult](Func`1 operation)
   在 System.Data.Entity.Core.Objects.ObjectQuery`1.GetResults(Nullable`1 forMergeOption)
   在 System.Data.Entity.Core.Objects.ObjectQuery`1.<System.Collections.Generic.IEnumerable<T>.GetEnumerator>b__0()
   在 System.Data.Entity.Internal.LazyEnumerator`1.MoveNext()
   在 System.Linq.Enumerable.FirstOrDefault[TSource](IEnumerable`1 source)
   在 Vote.Business.Admin.AdminUserManage.GetUser(String name, String pwd) 位置 C:\外网\4-代码\Vote\Vote.Business.Admin\AdminUserManage.cs:行号 36
时间:2017-04-20 08:58:23.146 
级别:Error 
信息:Vote.Business.Admin.RightManage.GetRightActions 内部调用获取用户的有权限的按钮列表Error：
System.OverflowException: 值对于 Int32 太大或太小。
   在 System.Number.ParseInt32(String s, NumberStyles style, NumberFormatInfo info)
   在 System.Convert.ToInt32(String value)
   在 Vote.Business.Admin.RightManage.<>c.<GetRightActions>b__21_0(String t) 位置 C:\外网\4-代码\Vote\Vote.Business.Admin\RightManage.cs:行号 1100
   在 System.Linq.Enumerable.WhereSelectArrayIterator`2.MoveNext()
   在 System.Collections.Generic.List`1.InsertRange(Int32 index, IEnumerable`1 collection)
   在 Vote.Business.Admin.RightManage.GetRightActions(Guid userId, VoteEntities context) 位置 C:\外网\4-代码\Vote\Vote.Business.Admin\RightManage.cs:行号 1100
时间:2017-04-20 08:58:23.217 
级别:Error 
信息:Vote.Business.Admin.RightManage.GetRightMMenus 获取管理用户可用菜单列表（包含菜单归属的控制器名和Action）Error：
System.NullReferenceException: 未将对象引用设置到对象的实例。
   在 Vote.Business.Admin.RightManage.GetRightMMenus(Guid userId) 位置 C:\外网\4-代码\Vote\Vote.Business.Admin\RightManage.cs:行号 1166
时间:2017-04-20 08:58:23.227 
级别:Error 
信息:Vote.Business.Admin.RightManage.GetRightActions 获取用户的所有可用的功能Error：
System.OverflowException: 值对于 Int32 太大或太小。
   在 System.Number.ParseInt32(String s, NumberStyles style, NumberFormatInfo info)
   在 System.Convert.ToInt32(String value)
   在 Vote.Business.Admin.RightManage.<>c.<GetRightActions>b__20_0(String t) 位置 C:\外网\4-代码\Vote\Vote.Business.Admin\RightManage.cs:行号 1070
   在 System.Linq.Enumerable.WhereSelectArrayIterator`2.MoveNext()
   在 System.Collections.Generic.List`1.InsertRange(Int32 index, IEnumerable`1 collection)
   在 Vote.Business.Admin.RightManage.GetRightActions(Guid userId) 位置 C:\外网\4-代码\Vote\Vote.Business.Admin\RightManage.cs:行号 1070
时间:2017-04-20 08:58:32.332 
级别:Error 
信息:Vote.Business.Admin.RightManage.GetRightActions 内部调用获取用户的有权限的按钮列表Error：
System.OverflowException: 值对于 Int32 太大或太小。
   在 System.Number.ParseInt32(String s, NumberStyles style, NumberFormatInfo info)
   在 System.Convert.ToInt32(String value)
   在 Vote.Business.Admin.RightManage.<>c.<GetRightActions>b__21_0(String t) 位置 C:\外网\4-代码\Vote\Vote.Business.Admin\RightManage.cs:行号 1100
   在 System.Linq.Enumerable.WhereSelectArrayIterator`2.MoveNext()
   在 System.Collections.Generic.List`1.InsertRange(Int32 index, IEnumerable`1 collection)
   在 Vote.Business.Admin.RightManage.GetRightActions(Guid userId, VoteEntities context) 位置 C:\外网\4-代码\Vote\Vote.Business.Admin\RightManage.cs:行号 1100
时间:2017-04-20 08:58:32.332 
级别:Error 
信息:Vote.Business.Admin.RightManage.GetRightMMenus 获取管理用户可用菜单列表（包含菜单归属的控制器名和Action）Error：
System.NullReferenceException: 未将对象引用设置到对象的实例。
   在 Vote.Business.Admin.RightManage.GetRightMMenus(Guid userId) 位置 C:\外网\4-代码\Vote\Vote.Business.Admin\RightManage.cs:行号 1166
时间:2017-04-20 08:58:32.338 
级别:Error 
信息:Vote.Business.Admin.RightManage.GetRightActions 获取用户的所有可用的功能Error：
System.OverflowException: 值对于 Int32 太大或太小。
   在 System.Number.ParseInt32(String s, NumberStyles style, NumberFormatInfo info)
   在 System.Convert.ToInt32(String value)
   在 Vote.Business.Admin.RightManage.<>c.<GetRightActions>b__20_0(String t) 位置 C:\外网\4-代码\Vote\Vote.Business.Admin\RightManage.cs:行号 1070
   在 System.Linq.Enumerable.WhereSelectArrayIterator`2.MoveNext()
   在 System.Collections.Generic.List`1.InsertRange(Int32 index, IEnumerable`1 collection)
   在 Vote.Business.Admin.RightManage.GetRightActions(Guid userId) 位置 C:\外网\4-代码\Vote\Vote.Business.Admin\RightManage.cs:行号 1070
时间:2017-04-20 08:58:55.363 
级别:Error 
信息:Vote.Business.Admin.RightManage.GetRightActions 内部调用获取用户的有权限的按钮列表Error：
System.OverflowException: 值对于 Int32 太大或太小。
   在 System.Number.ParseInt32(String s, NumberStyles style, NumberFormatInfo info)
   在 System.Convert.ToInt32(String value)
   在 Vote.Business.Admin.RightManage.<>c.<GetRightActions>b__21_0(String t) 位置 C:\外网\4-代码\Vote\Vote.Business.Admin\RightManage.cs:行号 1100
   在 System.Linq.Enumerable.WhereSelectArrayIterator`2.MoveNext()
   在 System.Collections.Generic.List`1.InsertRange(Int32 index, IEnumerable`1 collection)
   在 Vote.Business.Admin.RightManage.GetRightActions(Guid userId, VoteEntities context) 位置 C:\外网\4-代码\Vote\Vote.Business.Admin\RightManage.cs:行号 1100
时间:2017-04-20 08:58:55.363 
级别:Error 
信息:Vote.Business.Admin.RightManage.GetRightMMenus 获取管理用户可用菜单列表（包含菜单归属的控制器名和Action）Error：
System.NullReferenceException: 未将对象引用设置到对象的实例。
   在 Vote.Business.Admin.RightManage.GetRightMMenus(Guid userId) 位置 C:\外网\4-代码\Vote\Vote.Business.Admin\RightManage.cs:行号 1166
时间:2017-04-20 08:58:55.369 
级别:Error 
信息:Vote.Business.Admin.RightManage.GetRightActions 获取用户的所有可用的功能Error：
System.OverflowException: 值对于 Int32 太大或太小。
   在 System.Number.ParseInt32(String s, NumberStyles style, NumberFormatInfo info)
   在 System.Convert.ToInt32(String value)
   在 Vote.Business.Admin.RightManage.<>c.<GetRightActions>b__20_0(String t) 位置 C:\外网\4-代码\Vote\Vote.Business.Admin\RightManage.cs:行号 1070
   在 System.Linq.Enumerable.WhereSelectArrayIterator`2.MoveNext()
   在 System.Collections.Generic.List`1.InsertRange(Int32 index, IEnumerable`1 collection)
   在 Vote.Business.Admin.RightManage.GetRightActions(Guid userId) 位置 C:\外网\4-代码\Vote\Vote.Business.Admin\RightManage.cs:行号 1070
时间:2017-04-20 08:59:02.375 
级别:Error 
信息:Vote.Business.Admin.RightManage.GetRightActions 内部调用获取用户的有权限的按钮列表Error：
System.OverflowException: 值对于 Int32 太大或太小。
   在 System.Number.ParseInt32(String s, NumberStyles style, NumberFormatInfo info)
   在 System.Convert.ToInt32(String value)
   在 Vote.Business.Admin.RightManage.<>c.<GetRightActions>b__21_0(String t) 位置 C:\外网\4-代码\Vote\Vote.Business.Admin\RightManage.cs:行号 1100
   在 System.Linq.Enumerable.WhereSelectArrayIterator`2.MoveNext()
   在 System.Collections.Generic.List`1.InsertRange(Int32 index, IEnumerable`1 collection)
   在 Vote.Business.Admin.RightManage.GetRightActions(Guid userId, VoteEntities context) 位置 C:\外网\4-代码\Vote\Vote.Business.Admin\RightManage.cs:行号 1100
时间:2017-04-20 08:59:02.376 
级别:Error 
信息:Vote.Business.Admin.RightManage.GetRightMMenus 获取管理用户可用菜单列表（包含菜单归属的控制器名和Action）Error：
System.NullReferenceException: 未将对象引用设置到对象的实例。
   在 Vote.Business.Admin.RightManage.GetRightMMenus(Guid userId) 位置 C:\外网\4-代码\Vote\Vote.Business.Admin\RightManage.cs:行号 1166
时间:2017-04-20 08:59:02.381 
级别:Error 
信息:Vote.Business.Admin.RightManage.GetRightActions 获取用户的所有可用的功能Error：
System.OverflowException: 值对于 Int32 太大或太小。
   在 System.Number.ParseInt32(String s, NumberStyles style, NumberFormatInfo info)
   在 System.Convert.ToInt32(String value)
   在 Vote.Business.Admin.RightManage.<>c.<GetRightActions>b__20_0(String t) 位置 C:\外网\4-代码\Vote\Vote.Business.Admin\RightManage.cs:行号 1070
   在 System.Linq.Enumerable.WhereSelectArrayIterator`2.MoveNext()
   在 System.Collections.Generic.List`1.InsertRange(Int32 index, IEnumerable`1 collection)
   在 Vote.Business.Admin.RightManage.GetRightActions(Guid userId) 位置 C:\外网\4-代码\Vote\Vote.Business.Admin\RightManage.cs:行号 1070
时间:2017-04-20 08:59:31.585 
级别:Error 
信息:Vote.Business.Admin.RightManage.GetRightActions 内部调用获取用户的有权限的按钮列表Error：
System.OverflowException: 值对于 Int32 太大或太小。
   在 System.Number.ParseInt32(String s, NumberStyles style, NumberFormatInfo info)
   在 System.Convert.ToInt32(String value)
   在 Vote.Business.Admin.RightManage.<>c.<GetRightActions>b__21_0(String t) 位置 C:\外网\4-代码\Vote\Vote.Business.Admin\RightManage.cs:行号 1100
   在 System.Linq.Enumerable.WhereSelectArrayIterator`2.MoveNext()
   在 System.Collections.Generic.List`1.InsertRange(Int32 index, IEnumerable`1 collection)
   在 Vote.Business.Admin.RightManage.GetRightActions(Guid userId, VoteEntities context) 位置 C:\外网\4-代码\Vote\Vote.Business.Admin\RightManage.cs:行号 1100
时间:2017-04-20 08:59:31.586 
级别:Error 
信息:Vote.Business.Admin.RightManage.GetRightMMenus 获取管理用户可用菜单列表（包含菜单归属的控制器名和Action）Error：
System.NullReferenceException: 未将对象引用设置到对象的实例。
   在 Vote.Business.Admin.RightManage.GetRightMMenus(Guid userId) 位置 C:\外网\4-代码\Vote\Vote.Business.Admin\RightManage.cs:行号 1166
时间:2017-04-20 08:59:31.592 
级别:Error 
信息:Vote.Business.Admin.RightManage.GetRightActions 获取用户的所有可用的功能Error：
System.OverflowException: 值对于 Int32 太大或太小。
   在 System.Number.ParseInt32(String s, NumberStyles style, NumberFormatInfo info)
   在 System.Convert.ToInt32(String value)
   在 Vote.Business.Admin.RightManage.<>c.<GetRightActions>b__20_0(String t) 位置 C:\外网\4-代码\Vote\Vote.Business.Admin\RightManage.cs:行号 1070
   在 System.Linq.Enumerable.WhereSelectArrayIterator`2.MoveNext()
   在 System.Collections.Generic.List`1.InsertRange(Int32 index, IEnumerable`1 collection)
   在 Vote.Business.Admin.RightManage.GetRightActions(Guid userId) 位置 C:\外网\4-代码\Vote\Vote.Business.Admin\RightManage.cs:行号 1070
时间:2017-04-20 09:17:13.878 
级别:Error 
信息:Vote.Business.Admin.RightManage.GetRightActions 内部调用获取用户的有权限的按钮列表Error：
System.OverflowException: 值对于 Int32 太大或太小。
   在 System.Number.ParseInt32(String s, NumberStyles style, NumberFormatInfo info)
   在 System.Convert.ToInt32(String value)
   在 Vote.Business.Admin.RightManage.<>c.<GetRightActions>b__21_0(String t) 位置 C:\外网\4-代码\Vote\Vote.Business.Admin\RightManage.cs:行号 1100
   在 System.Linq.Enumerable.WhereSelectArrayIterator`2.MoveNext()
   在 System.Collections.Generic.List`1.InsertRange(Int32 index, IEnumerable`1 collection)
   在 Vote.Business.Admin.RightManage.GetRightActions(Guid userId, VoteEntities context) 位置 C:\外网\4-代码\Vote\Vote.Business.Admin\RightManage.cs:行号 1100
时间:2017-04-20 09:17:13.910 
级别:Error 
信息:Vote.Business.Admin.RightManage.GetRightMMenus 获取管理用户可用菜单列表（包含菜单归属的控制器名和Action）Error：
System.NullReferenceException: 未将对象引用设置到对象的实例。
   在 Vote.Business.Admin.RightManage.GetRightMMenus(Guid userId) 位置 C:\外网\4-代码\Vote\Vote.Business.Admin\RightManage.cs:行号 1166
时间:2017-04-20 09:17:13.917 
级别:Error 
信息:Vote.Business.Admin.RightManage.GetRightActions 获取用户的所有可用的功能Error：
System.OverflowException: 值对于 Int32 太大或太小。
   在 System.Number.ParseInt32(String s, NumberStyles style, NumberFormatInfo info)
   在 System.Convert.ToInt32(String value)
   在 Vote.Business.Admin.RightManage.<>c.<GetRightActions>b__20_0(String t) 位置 C:\外网\4-代码\Vote\Vote.Business.Admin\RightManage.cs:行号 1070
   在 System.Linq.Enumerable.WhereSelectArrayIterator`2.MoveNext()
   在 System.Collections.Generic.List`1.InsertRange(Int32 index, IEnumerable`1 collection)
   在 Vote.Business.Admin.RightManage.GetRightActions(Guid userId) 位置 C:\外网\4-代码\Vote\Vote.Business.Admin\RightManage.cs:行号 1070
时间:2017-04-20 09:23:09.068 
级别:Error 
信息:Vote.Business.Admin.RightManage.GetRightActions 内部调用获取用户的有权限的按钮列表Error：
System.OverflowException: 值对于 Int32 太大或太小。
   在 System.Number.ParseInt32(String s, NumberStyles style, NumberFormatInfo info)
   在 System.Convert.ToInt32(String value)
   在 Vote.Business.Admin.RightManage.<>c.<GetRightActions>b__21_0(String t) 位置 C:\外网\4-代码\Vote\Vote.Business.Admin\RightManage.cs:行号 1100
   在 System.Linq.Enumerable.WhereSelectArrayIterator`2.MoveNext()
   在 System.Collections.Generic.List`1.InsertRange(Int32 index, IEnumerable`1 collection)
   在 Vote.Business.Admin.RightManage.GetRightActions(Guid userId, VoteEntities context) 位置 C:\外网\4-代码\Vote\Vote.Business.Admin\RightManage.cs:行号 1100
时间:2017-04-20 09:23:09.068 
级别:Error 
信息:Vote.Business.Admin.RightManage.GetRightMMenus 获取管理用户可用菜单列表（包含菜单归属的控制器名和Action）Error：
System.NullReferenceException: 未将对象引用设置到对象的实例。
   在 Vote.Business.Admin.RightManage.GetRightMMenus(Guid userId) 位置 C:\外网\4-代码\Vote\Vote.Business.Admin\RightManage.cs:行号 1166
时间:2017-04-20 09:23:09.074 
级别:Error 
信息:Vote.Business.Admin.RightManage.GetRightActions 获取用户的所有可用的功能Error：
System.OverflowException: 值对于 Int32 太大或太小。
   在 System.Number.ParseInt32(String s, NumberStyles style, NumberFormatInfo info)
   在 System.Convert.ToInt32(String value)
   在 Vote.Business.Admin.RightManage.<>c.<GetRightActions>b__20_0(String t) 位置 C:\外网\4-代码\Vote\Vote.Business.Admin\RightManage.cs:行号 1070
   在 System.Linq.Enumerable.WhereSelectArrayIterator`2.MoveNext()
   在 System.Collections.Generic.List`1.InsertRange(Int32 index, IEnumerable`1 collection)
   在 Vote.Business.Admin.RightManage.GetRightActions(Guid userId) 位置 C:\外网\4-代码\Vote\Vote.Business.Admin\RightManage.cs:行号 1070
